[2025-06-16T10:17:11.245+0000] {processor.py:161} INFO - Started process (PID=54) to work on /opt/airflow/dags/day_3_dag.py
[2025-06-16T10:17:11.247+0000] {processor.py:830} INFO - Processing file /opt/airflow/dags/day_3_dag.py for tasks to queue
[2025-06-16T10:17:11.258+0000] {logging_mixin.py:188} INFO - [2025-06-16T10:17:11.252+0000] {dagbag.py:538} INFO - Filling up the DagBag from /opt/airflow/dags/day_3_dag.py
[2025-06-16T10:17:11.407+0000] {processor.py:840} INFO - DAG(s) 'day_3_dag' retrieved from /opt/airflow/dags/day_3_dag.py
[2025-06-16T10:17:12.815+0000] {logging_mixin.py:188} INFO - [2025-06-16T10:17:12.814+0000] {override.py:1769} INFO - Created Permission View: can read on DAG:day_3_dag
[2025-06-16T10:17:12.868+0000] {logging_mixin.py:188} INFO - [2025-06-16T10:17:12.868+0000] {override.py:1769} INFO - Created Permission View: can edit on DAG:day_3_dag
[2025-06-16T10:17:12.885+0000] {logging_mixin.py:188} INFO - [2025-06-16T10:17:12.884+0000] {override.py:1769} INFO - Created Permission View: can delete on DAG:day_3_dag
[2025-06-16T10:17:12.886+0000] {logging_mixin.py:188} INFO - [2025-06-16T10:17:12.886+0000] {dag.py:3033} INFO - Sync 1 DAGs
[2025-06-16T10:17:12.908+0000] {logging_mixin.py:188} INFO - [2025-06-16T10:17:12.908+0000] {dag.py:3055} INFO - Creating ORM DAG for day_3_dag
[2025-06-16T10:17:12.923+0000] {logging_mixin.py:188} INFO - [2025-06-16T10:17:12.923+0000] {dag.py:3820} INFO - Setting next_dagrun for day_3_dag to 2024-02-03T18:00:00+00:00, run_after=2024-03-03T18:00:00+00:00
[2025-06-16T10:17:12.942+0000] {processor.py:183} INFO - Processing /opt/airflow/dags/day_3_dag.py took 1.717 seconds
[2025-06-16T10:17:43.498+0000] {processor.py:161} INFO - Started process (PID=78) to work on /opt/airflow/dags/day_3_dag.py
[2025-06-16T10:17:43.501+0000] {processor.py:830} INFO - Processing file /opt/airflow/dags/day_3_dag.py for tasks to queue
[2025-06-16T10:17:43.509+0000] {logging_mixin.py:188} INFO - [2025-06-16T10:17:43.507+0000] {dagbag.py:538} INFO - Filling up the DagBag from /opt/airflow/dags/day_3_dag.py
[2025-06-16T10:17:43.542+0000] {processor.py:840} INFO - DAG(s) 'day_3_dag' retrieved from /opt/airflow/dags/day_3_dag.py
[2025-06-16T10:17:43.614+0000] {logging_mixin.py:188} INFO - [2025-06-16T10:17:43.614+0000] {dag.py:3033} INFO - Sync 1 DAGs
[2025-06-16T10:17:43.705+0000] {logging_mixin.py:188} INFO - [2025-06-16T10:17:43.705+0000] {dag.py:3820} INFO - Setting next_dagrun for day_3_dag to 2024-02-03T18:00:00+00:00, run_after=2024-03-03T18:00:00+00:00
[2025-06-16T10:17:43.735+0000] {processor.py:183} INFO - Processing /opt/airflow/dags/day_3_dag.py took 0.258 seconds
[2025-06-16T10:18:13.819+0000] {processor.py:161} INFO - Started process (PID=110) to work on /opt/airflow/dags/day_3_dag.py
[2025-06-16T10:18:13.820+0000] {processor.py:830} INFO - Processing file /opt/airflow/dags/day_3_dag.py for tasks to queue
[2025-06-16T10:18:13.823+0000] {logging_mixin.py:188} INFO - [2025-06-16T10:18:13.822+0000] {dagbag.py:538} INFO - Filling up the DagBag from /opt/airflow/dags/day_3_dag.py
[2025-06-16T10:18:13.835+0000] {processor.py:840} INFO - DAG(s) 'day_3_dag' retrieved from /opt/airflow/dags/day_3_dag.py
[2025-06-16T10:18:13.862+0000] {logging_mixin.py:188} INFO - [2025-06-16T10:18:13.862+0000] {dag.py:3033} INFO - Sync 1 DAGs
[2025-06-16T10:18:13.898+0000] {logging_mixin.py:188} INFO - [2025-06-16T10:18:13.898+0000] {dag.py:3820} INFO - Setting next_dagrun for day_3_dag to 2024-02-03T18:00:00+00:00, run_after=2024-03-03T18:00:00+00:00
[2025-06-16T10:18:13.934+0000] {processor.py:183} INFO - Processing /opt/airflow/dags/day_3_dag.py took 0.118 seconds
[2025-06-16T10:18:44.002+0000] {processor.py:161} INFO - Started process (PID=133) to work on /opt/airflow/dags/day_3_dag.py
[2025-06-16T10:18:44.003+0000] {processor.py:830} INFO - Processing file /opt/airflow/dags/day_3_dag.py for tasks to queue
[2025-06-16T10:18:44.006+0000] {logging_mixin.py:188} INFO - [2025-06-16T10:18:44.005+0000] {dagbag.py:538} INFO - Filling up the DagBag from /opt/airflow/dags/day_3_dag.py
[2025-06-16T10:18:44.017+0000] {processor.py:840} INFO - DAG(s) 'day_3_dag' retrieved from /opt/airflow/dags/day_3_dag.py
[2025-06-16T10:18:44.045+0000] {logging_mixin.py:188} INFO - [2025-06-16T10:18:44.045+0000] {dag.py:3033} INFO - Sync 1 DAGs
[2025-06-16T10:18:44.074+0000] {logging_mixin.py:188} INFO - [2025-06-16T10:18:44.074+0000] {dag.py:3820} INFO - Setting next_dagrun for day_3_dag to 2024-02-03T18:00:00+00:00, run_after=2024-03-03T18:00:00+00:00
[2025-06-16T10:18:44.091+0000] {processor.py:183} INFO - Processing /opt/airflow/dags/day_3_dag.py took 0.092 seconds
[2025-06-16T10:19:14.353+0000] {processor.py:161} INFO - Started process (PID=157) to work on /opt/airflow/dags/day_3_dag.py
[2025-06-16T10:19:14.354+0000] {processor.py:830} INFO - Processing file /opt/airflow/dags/day_3_dag.py for tasks to queue
[2025-06-16T10:19:14.361+0000] {logging_mixin.py:188} INFO - [2025-06-16T10:19:14.361+0000] {dagbag.py:538} INFO - Filling up the DagBag from /opt/airflow/dags/day_3_dag.py
[2025-06-16T10:19:14.373+0000] {processor.py:840} INFO - DAG(s) 'day_3_dag' retrieved from /opt/airflow/dags/day_3_dag.py
[2025-06-16T10:19:14.413+0000] {logging_mixin.py:188} INFO - [2025-06-16T10:19:14.412+0000] {dag.py:3033} INFO - Sync 1 DAGs
[2025-06-16T10:19:14.441+0000] {logging_mixin.py:188} INFO - [2025-06-16T10:19:14.441+0000] {dag.py:3820} INFO - Setting next_dagrun for day_3_dag to 2024-02-03T18:00:00+00:00, run_after=2024-03-03T18:00:00+00:00
[2025-06-16T10:19:14.459+0000] {processor.py:183} INFO - Processing /opt/airflow/dags/day_3_dag.py took 0.110 seconds
[2025-06-16T10:19:44.962+0000] {processor.py:161} INFO - Started process (PID=188) to work on /opt/airflow/dags/day_3_dag.py
[2025-06-16T10:19:44.965+0000] {processor.py:830} INFO - Processing file /opt/airflow/dags/day_3_dag.py for tasks to queue
[2025-06-16T10:19:44.972+0000] {logging_mixin.py:188} INFO - [2025-06-16T10:19:44.971+0000] {dagbag.py:538} INFO - Filling up the DagBag from /opt/airflow/dags/day_3_dag.py
[2025-06-16T10:19:45.002+0000] {processor.py:840} INFO - DAG(s) 'day_3_dag' retrieved from /opt/airflow/dags/day_3_dag.py
[2025-06-16T10:19:45.044+0000] {logging_mixin.py:188} INFO - [2025-06-16T10:19:45.043+0000] {dag.py:3033} INFO - Sync 1 DAGs
[2025-06-16T10:19:45.072+0000] {logging_mixin.py:188} INFO - [2025-06-16T10:19:45.071+0000] {dag.py:3820} INFO - Setting next_dagrun for day_3_dag to 2024-02-03T18:00:00+00:00, run_after=2024-03-03T18:00:00+00:00
[2025-06-16T10:19:45.089+0000] {processor.py:183} INFO - Processing /opt/airflow/dags/day_3_dag.py took 0.136 seconds
[2025-06-16T10:20:15.452+0000] {processor.py:161} INFO - Started process (PID=208) to work on /opt/airflow/dags/day_3_dag.py
[2025-06-16T10:20:15.453+0000] {processor.py:830} INFO - Processing file /opt/airflow/dags/day_3_dag.py for tasks to queue
[2025-06-16T10:20:15.455+0000] {logging_mixin.py:188} INFO - [2025-06-16T10:20:15.455+0000] {dagbag.py:538} INFO - Filling up the DagBag from /opt/airflow/dags/day_3_dag.py
[2025-06-16T10:20:15.468+0000] {processor.py:840} INFO - DAG(s) 'day_3_dag' retrieved from /opt/airflow/dags/day_3_dag.py
[2025-06-16T10:20:15.496+0000] {logging_mixin.py:188} INFO - [2025-06-16T10:20:15.496+0000] {dag.py:3033} INFO - Sync 1 DAGs
[2025-06-16T10:20:15.524+0000] {logging_mixin.py:188} INFO - [2025-06-16T10:20:15.524+0000] {dag.py:3820} INFO - Setting next_dagrun for day_3_dag to 2024-02-03T18:00:00+00:00, run_after=2024-03-03T18:00:00+00:00
[2025-06-16T10:20:15.542+0000] {processor.py:183} INFO - Processing /opt/airflow/dags/day_3_dag.py took 0.093 seconds
[2025-06-16T10:20:45.674+0000] {processor.py:161} INFO - Started process (PID=240) to work on /opt/airflow/dags/day_3_dag.py
[2025-06-16T10:20:45.676+0000] {processor.py:830} INFO - Processing file /opt/airflow/dags/day_3_dag.py for tasks to queue
[2025-06-16T10:20:45.683+0000] {logging_mixin.py:188} INFO - [2025-06-16T10:20:45.682+0000] {dagbag.py:538} INFO - Filling up the DagBag from /opt/airflow/dags/day_3_dag.py
[2025-06-16T10:20:45.703+0000] {processor.py:840} INFO - DAG(s) 'day_3_dag' retrieved from /opt/airflow/dags/day_3_dag.py
[2025-06-16T10:20:45.764+0000] {logging_mixin.py:188} INFO - [2025-06-16T10:20:45.764+0000] {dag.py:3033} INFO - Sync 1 DAGs
[2025-06-16T10:20:45.803+0000] {logging_mixin.py:188} INFO - [2025-06-16T10:20:45.803+0000] {dag.py:3820} INFO - Setting next_dagrun for day_3_dag to 2024-02-03T18:00:00+00:00, run_after=2024-03-03T18:00:00+00:00
[2025-06-16T10:20:45.825+0000] {processor.py:183} INFO - Processing /opt/airflow/dags/day_3_dag.py took 0.162 seconds
[2025-06-16T10:21:15.964+0000] {processor.py:161} INFO - Started process (PID=264) to work on /opt/airflow/dags/day_3_dag.py
[2025-06-16T10:21:15.965+0000] {processor.py:830} INFO - Processing file /opt/airflow/dags/day_3_dag.py for tasks to queue
[2025-06-16T10:21:15.968+0000] {logging_mixin.py:188} INFO - [2025-06-16T10:21:15.967+0000] {dagbag.py:538} INFO - Filling up the DagBag from /opt/airflow/dags/day_3_dag.py
[2025-06-16T10:21:15.980+0000] {processor.py:840} INFO - DAG(s) 'day_3_dag' retrieved from /opt/airflow/dags/day_3_dag.py
[2025-06-16T10:21:16.009+0000] {logging_mixin.py:188} INFO - [2025-06-16T10:21:16.008+0000] {dag.py:3033} INFO - Sync 1 DAGs
[2025-06-16T10:21:16.053+0000] {logging_mixin.py:188} INFO - [2025-06-16T10:21:16.053+0000] {dag.py:3820} INFO - Setting next_dagrun for day_3_dag to 2024-02-03T18:00:00+00:00, run_after=2024-03-03T18:00:00+00:00
[2025-06-16T10:21:16.067+0000] {processor.py:183} INFO - Processing /opt/airflow/dags/day_3_dag.py took 0.107 seconds
[2025-06-16T10:21:46.429+0000] {processor.py:161} INFO - Started process (PID=288) to work on /opt/airflow/dags/day_3_dag.py
[2025-06-16T10:21:46.430+0000] {processor.py:830} INFO - Processing file /opt/airflow/dags/day_3_dag.py for tasks to queue
[2025-06-16T10:21:46.433+0000] {logging_mixin.py:188} INFO - [2025-06-16T10:21:46.432+0000] {dagbag.py:538} INFO - Filling up the DagBag from /opt/airflow/dags/day_3_dag.py
[2025-06-16T10:21:46.445+0000] {processor.py:840} INFO - DAG(s) 'day_3_dag' retrieved from /opt/airflow/dags/day_3_dag.py
[2025-06-16T10:21:46.474+0000] {logging_mixin.py:188} INFO - [2025-06-16T10:21:46.473+0000] {dag.py:3033} INFO - Sync 1 DAGs
[2025-06-16T10:21:46.508+0000] {logging_mixin.py:188} INFO - [2025-06-16T10:21:46.507+0000] {dag.py:3820} INFO - Setting next_dagrun for day_3_dag to 2024-02-03T18:00:00+00:00, run_after=2024-03-03T18:00:00+00:00
[2025-06-16T10:21:46.530+0000] {processor.py:183} INFO - Processing /opt/airflow/dags/day_3_dag.py took 0.104 seconds
[2025-06-16T10:22:16.842+0000] {processor.py:161} INFO - Started process (PID=319) to work on /opt/airflow/dags/day_3_dag.py
[2025-06-16T10:22:16.843+0000] {processor.py:830} INFO - Processing file /opt/airflow/dags/day_3_dag.py for tasks to queue
[2025-06-16T10:22:16.848+0000] {logging_mixin.py:188} INFO - [2025-06-16T10:22:16.848+0000] {dagbag.py:538} INFO - Filling up the DagBag from /opt/airflow/dags/day_3_dag.py
[2025-06-16T10:22:16.873+0000] {processor.py:840} INFO - DAG(s) 'day_3_dag' retrieved from /opt/airflow/dags/day_3_dag.py
[2025-06-16T10:22:16.923+0000] {logging_mixin.py:188} INFO - [2025-06-16T10:22:16.923+0000] {dag.py:3033} INFO - Sync 1 DAGs
[2025-06-16T10:22:16.961+0000] {logging_mixin.py:188} INFO - [2025-06-16T10:22:16.961+0000] {dag.py:3820} INFO - Setting next_dagrun for day_3_dag to 2024-02-03T18:00:00+00:00, run_after=2024-03-03T18:00:00+00:00
[2025-06-16T10:22:16.979+0000] {processor.py:183} INFO - Processing /opt/airflow/dags/day_3_dag.py took 0.147 seconds
[2025-06-16T10:22:47.283+0000] {processor.py:161} INFO - Started process (PID=343) to work on /opt/airflow/dags/day_3_dag.py
[2025-06-16T10:22:47.284+0000] {processor.py:830} INFO - Processing file /opt/airflow/dags/day_3_dag.py for tasks to queue
[2025-06-16T10:22:47.288+0000] {logging_mixin.py:188} INFO - [2025-06-16T10:22:47.288+0000] {dagbag.py:538} INFO - Filling up the DagBag from /opt/airflow/dags/day_3_dag.py
[2025-06-16T10:22:47.325+0000] {processor.py:840} INFO - DAG(s) 'day_3_dag' retrieved from /opt/airflow/dags/day_3_dag.py
[2025-06-16T10:22:47.393+0000] {logging_mixin.py:188} INFO - [2025-06-16T10:22:47.393+0000] {dag.py:3033} INFO - Sync 1 DAGs
[2025-06-16T10:22:47.433+0000] {logging_mixin.py:188} INFO - [2025-06-16T10:22:47.430+0000] {dag.py:3820} INFO - Setting next_dagrun for day_3_dag to 2024-02-03T18:00:00+00:00, run_after=2024-03-03T18:00:00+00:00
[2025-06-16T10:22:47.471+0000] {processor.py:183} INFO - Processing /opt/airflow/dags/day_3_dag.py took 0.200 seconds
[2025-06-16T10:23:18.187+0000] {processor.py:161} INFO - Started process (PID=367) to work on /opt/airflow/dags/day_3_dag.py
[2025-06-16T10:23:18.188+0000] {processor.py:830} INFO - Processing file /opt/airflow/dags/day_3_dag.py for tasks to queue
[2025-06-16T10:23:18.190+0000] {logging_mixin.py:188} INFO - [2025-06-16T10:23:18.190+0000] {dagbag.py:538} INFO - Filling up the DagBag from /opt/airflow/dags/day_3_dag.py
[2025-06-16T10:23:18.202+0000] {processor.py:840} INFO - DAG(s) 'day_3_dag' retrieved from /opt/airflow/dags/day_3_dag.py
[2025-06-16T10:23:18.230+0000] {logging_mixin.py:188} INFO - [2025-06-16T10:23:18.230+0000] {dag.py:3033} INFO - Sync 1 DAGs
[2025-06-16T10:23:18.260+0000] {logging_mixin.py:188} INFO - [2025-06-16T10:23:18.260+0000] {dag.py:3820} INFO - Setting next_dagrun for day_3_dag to 2024-02-03T18:00:00+00:00, run_after=2024-03-03T18:00:00+00:00
[2025-06-16T10:23:18.278+0000] {processor.py:183} INFO - Processing /opt/airflow/dags/day_3_dag.py took 0.096 seconds
[2025-06-16T10:23:48.334+0000] {processor.py:161} INFO - Started process (PID=399) to work on /opt/airflow/dags/day_3_dag.py
[2025-06-16T10:23:48.337+0000] {processor.py:830} INFO - Processing file /opt/airflow/dags/day_3_dag.py for tasks to queue
[2025-06-16T10:23:48.339+0000] {logging_mixin.py:188} INFO - [2025-06-16T10:23:48.339+0000] {dagbag.py:538} INFO - Filling up the DagBag from /opt/airflow/dags/day_3_dag.py
[2025-06-16T10:23:48.350+0000] {processor.py:840} INFO - DAG(s) 'day_3_dag' retrieved from /opt/airflow/dags/day_3_dag.py
[2025-06-16T10:23:48.377+0000] {logging_mixin.py:188} INFO - [2025-06-16T10:23:48.377+0000] {dag.py:3033} INFO - Sync 1 DAGs
[2025-06-16T10:23:48.402+0000] {logging_mixin.py:188} INFO - [2025-06-16T10:23:48.402+0000] {dag.py:3820} INFO - Setting next_dagrun for day_3_dag to 2024-02-03T18:00:00+00:00, run_after=2024-03-03T18:00:00+00:00
[2025-06-16T10:23:48.420+0000] {processor.py:183} INFO - Processing /opt/airflow/dags/day_3_dag.py took 0.091 seconds
[2025-06-16T10:24:19.044+0000] {processor.py:161} INFO - Started process (PID=425) to work on /opt/airflow/dags/day_3_dag.py
[2025-06-16T10:24:19.045+0000] {processor.py:830} INFO - Processing file /opt/airflow/dags/day_3_dag.py for tasks to queue
[2025-06-16T10:24:19.048+0000] {logging_mixin.py:188} INFO - [2025-06-16T10:24:19.047+0000] {dagbag.py:538} INFO - Filling up the DagBag from /opt/airflow/dags/day_3_dag.py
[2025-06-16T10:24:19.059+0000] {processor.py:840} INFO - DAG(s) 'day_3_dag' retrieved from /opt/airflow/dags/day_3_dag.py
[2025-06-16T10:24:19.113+0000] {logging_mixin.py:188} INFO - [2025-06-16T10:24:19.113+0000] {dag.py:3033} INFO - Sync 1 DAGs
[2025-06-16T10:24:19.143+0000] {logging_mixin.py:188} INFO - [2025-06-16T10:24:19.143+0000] {dag.py:3820} INFO - Setting next_dagrun for day_3_dag to 2024-02-03T18:00:00+00:00, run_after=2024-03-03T18:00:00+00:00
[2025-06-16T10:24:19.157+0000] {processor.py:183} INFO - Processing /opt/airflow/dags/day_3_dag.py took 0.122 seconds
[2025-06-16T10:24:49.281+0000] {processor.py:161} INFO - Started process (PID=459) to work on /opt/airflow/dags/day_3_dag.py
[2025-06-16T10:24:49.284+0000] {processor.py:830} INFO - Processing file /opt/airflow/dags/day_3_dag.py for tasks to queue
[2025-06-16T10:24:49.292+0000] {logging_mixin.py:188} INFO - [2025-06-16T10:24:49.292+0000] {dagbag.py:538} INFO - Filling up the DagBag from /opt/airflow/dags/day_3_dag.py
[2025-06-16T10:24:49.330+0000] {processor.py:840} INFO - DAG(s) 'day_3_dag' retrieved from /opt/airflow/dags/day_3_dag.py
[2025-06-16T10:24:49.421+0000] {logging_mixin.py:188} INFO - [2025-06-16T10:24:49.420+0000] {dag.py:3033} INFO - Sync 1 DAGs
[2025-06-16T10:24:49.507+0000] {logging_mixin.py:188} INFO - [2025-06-16T10:24:49.507+0000] {dag.py:3820} INFO - Setting next_dagrun for day_3_dag to 2024-02-03T18:00:00+00:00, run_after=2024-03-03T18:00:00+00:00
[2025-06-16T10:24:49.584+0000] {processor.py:183} INFO - Processing /opt/airflow/dags/day_3_dag.py took 0.320 seconds
[2025-06-16T10:25:20.054+0000] {processor.py:161} INFO - Started process (PID=483) to work on /opt/airflow/dags/day_3_dag.py
[2025-06-16T10:25:20.055+0000] {processor.py:830} INFO - Processing file /opt/airflow/dags/day_3_dag.py for tasks to queue
[2025-06-16T10:25:20.058+0000] {logging_mixin.py:188} INFO - [2025-06-16T10:25:20.058+0000] {dagbag.py:538} INFO - Filling up the DagBag from /opt/airflow/dags/day_3_dag.py
[2025-06-16T10:25:20.070+0000] {processor.py:840} INFO - DAG(s) 'day_3_dag' retrieved from /opt/airflow/dags/day_3_dag.py
[2025-06-16T10:25:20.099+0000] {logging_mixin.py:188} INFO - [2025-06-16T10:25:20.099+0000] {dag.py:3033} INFO - Sync 1 DAGs
[2025-06-16T10:25:20.127+0000] {logging_mixin.py:188} INFO - [2025-06-16T10:25:20.126+0000] {dag.py:3820} INFO - Setting next_dagrun for day_3_dag to 2024-02-03T18:00:00+00:00, run_after=2024-03-03T18:00:00+00:00
[2025-06-16T10:25:20.144+0000] {processor.py:183} INFO - Processing /opt/airflow/dags/day_3_dag.py took 0.096 seconds
[2025-06-16T10:25:50.513+0000] {processor.py:161} INFO - Started process (PID=504) to work on /opt/airflow/dags/day_3_dag.py
[2025-06-16T10:25:50.514+0000] {processor.py:830} INFO - Processing file /opt/airflow/dags/day_3_dag.py for tasks to queue
[2025-06-16T10:25:50.516+0000] {logging_mixin.py:188} INFO - [2025-06-16T10:25:50.516+0000] {dagbag.py:538} INFO - Filling up the DagBag from /opt/airflow/dags/day_3_dag.py
[2025-06-16T10:25:50.528+0000] {processor.py:840} INFO - DAG(s) 'day_3_dag' retrieved from /opt/airflow/dags/day_3_dag.py
[2025-06-16T10:25:50.555+0000] {logging_mixin.py:188} INFO - [2025-06-16T10:25:50.555+0000] {dag.py:3033} INFO - Sync 1 DAGs
[2025-06-16T10:25:50.588+0000] {logging_mixin.py:188} INFO - [2025-06-16T10:25:50.588+0000] {dag.py:3820} INFO - Setting next_dagrun for day_3_dag to 2024-02-03T18:00:00+00:00, run_after=2024-03-03T18:00:00+00:00
[2025-06-16T10:25:50.605+0000] {processor.py:183} INFO - Processing /opt/airflow/dags/day_3_dag.py took 0.096 seconds
[2025-06-16T10:26:20.958+0000] {processor.py:161} INFO - Started process (PID=536) to work on /opt/airflow/dags/day_3_dag.py
[2025-06-16T10:26:20.961+0000] {processor.py:830} INFO - Processing file /opt/airflow/dags/day_3_dag.py for tasks to queue
[2025-06-16T10:26:20.966+0000] {logging_mixin.py:188} INFO - [2025-06-16T10:26:20.966+0000] {dagbag.py:538} INFO - Filling up the DagBag from /opt/airflow/dags/day_3_dag.py
[2025-06-16T10:26:21.013+0000] {processor.py:840} INFO - DAG(s) 'day_3_dag' retrieved from /opt/airflow/dags/day_3_dag.py
[2025-06-16T10:26:21.131+0000] {logging_mixin.py:188} INFO - [2025-06-16T10:26:21.130+0000] {dag.py:3033} INFO - Sync 1 DAGs
[2025-06-16T10:26:21.169+0000] {logging_mixin.py:188} INFO - [2025-06-16T10:26:21.169+0000] {dag.py:3820} INFO - Setting next_dagrun for day_3_dag to 2024-02-03T18:00:00+00:00, run_after=2024-03-03T18:00:00+00:00
[2025-06-16T10:26:21.187+0000] {processor.py:183} INFO - Processing /opt/airflow/dags/day_3_dag.py took 0.237 seconds
[2025-06-16T10:26:51.615+0000] {processor.py:161} INFO - Started process (PID=559) to work on /opt/airflow/dags/day_3_dag.py
[2025-06-16T10:26:51.616+0000] {processor.py:830} INFO - Processing file /opt/airflow/dags/day_3_dag.py for tasks to queue
[2025-06-16T10:26:51.618+0000] {logging_mixin.py:188} INFO - [2025-06-16T10:26:51.618+0000] {dagbag.py:538} INFO - Filling up the DagBag from /opt/airflow/dags/day_3_dag.py
[2025-06-16T10:26:51.630+0000] {processor.py:840} INFO - DAG(s) 'day_3_dag' retrieved from /opt/airflow/dags/day_3_dag.py
[2025-06-16T10:26:51.657+0000] {logging_mixin.py:188} INFO - [2025-06-16T10:26:51.657+0000] {dag.py:3033} INFO - Sync 1 DAGs
[2025-06-16T10:26:51.683+0000] {logging_mixin.py:188} INFO - [2025-06-16T10:26:51.683+0000] {dag.py:3820} INFO - Setting next_dagrun for day_3_dag to 2024-02-03T18:00:00+00:00, run_after=2024-03-03T18:00:00+00:00
[2025-06-16T10:26:51.702+0000] {processor.py:183} INFO - Processing /opt/airflow/dags/day_3_dag.py took 0.090 seconds
[2025-06-16T10:27:22.147+0000] {processor.py:161} INFO - Started process (PID=583) to work on /opt/airflow/dags/day_3_dag.py
[2025-06-16T10:27:22.148+0000] {processor.py:830} INFO - Processing file /opt/airflow/dags/day_3_dag.py for tasks to queue
[2025-06-16T10:27:22.151+0000] {logging_mixin.py:188} INFO - [2025-06-16T10:27:22.150+0000] {dagbag.py:538} INFO - Filling up the DagBag from /opt/airflow/dags/day_3_dag.py
[2025-06-16T10:27:22.163+0000] {processor.py:840} INFO - DAG(s) 'day_3_dag' retrieved from /opt/airflow/dags/day_3_dag.py
[2025-06-16T10:27:22.190+0000] {logging_mixin.py:188} INFO - [2025-06-16T10:27:22.190+0000] {dag.py:3033} INFO - Sync 1 DAGs
[2025-06-16T10:27:22.219+0000] {logging_mixin.py:188} INFO - [2025-06-16T10:27:22.219+0000] {dag.py:3820} INFO - Setting next_dagrun for day_3_dag to 2024-02-03T18:00:00+00:00, run_after=2024-03-03T18:00:00+00:00
[2025-06-16T10:27:22.236+0000] {processor.py:183} INFO - Processing /opt/airflow/dags/day_3_dag.py took 0.092 seconds
[2025-06-16T10:27:53.115+0000] {processor.py:161} INFO - Started process (PID=615) to work on /opt/airflow/dags/day_3_dag.py
[2025-06-16T10:27:53.116+0000] {processor.py:830} INFO - Processing file /opt/airflow/dags/day_3_dag.py for tasks to queue
[2025-06-16T10:27:53.119+0000] {logging_mixin.py:188} INFO - [2025-06-16T10:27:53.119+0000] {dagbag.py:538} INFO - Filling up the DagBag from /opt/airflow/dags/day_3_dag.py
[2025-06-16T10:27:53.130+0000] {processor.py:840} INFO - DAG(s) 'day_3_dag' retrieved from /opt/airflow/dags/day_3_dag.py
[2025-06-16T10:27:53.164+0000] {logging_mixin.py:188} INFO - [2025-06-16T10:27:53.164+0000] {dag.py:3033} INFO - Sync 1 DAGs
[2025-06-16T10:27:53.195+0000] {logging_mixin.py:188} INFO - [2025-06-16T10:27:53.195+0000] {dag.py:3820} INFO - Setting next_dagrun for day_3_dag to 2024-02-03T18:00:00+00:00, run_after=2024-03-03T18:00:00+00:00
[2025-06-16T10:27:53.219+0000] {processor.py:183} INFO - Processing /opt/airflow/dags/day_3_dag.py took 0.107 seconds
[2025-06-16T10:28:23.570+0000] {processor.py:161} INFO - Started process (PID=640) to work on /opt/airflow/dags/day_3_dag.py
[2025-06-16T10:28:23.571+0000] {processor.py:830} INFO - Processing file /opt/airflow/dags/day_3_dag.py for tasks to queue
[2025-06-16T10:28:23.573+0000] {logging_mixin.py:188} INFO - [2025-06-16T10:28:23.572+0000] {dagbag.py:538} INFO - Filling up the DagBag from /opt/airflow/dags/day_3_dag.py
[2025-06-16T10:28:23.586+0000] {processor.py:840} INFO - DAG(s) 'day_3_dag' retrieved from /opt/airflow/dags/day_3_dag.py
[2025-06-16T10:28:23.615+0000] {logging_mixin.py:188} INFO - [2025-06-16T10:28:23.615+0000] {dag.py:3033} INFO - Sync 1 DAGs
[2025-06-16T10:28:23.643+0000] {logging_mixin.py:188} INFO - [2025-06-16T10:28:23.643+0000] {dag.py:3820} INFO - Setting next_dagrun for day_3_dag to 2024-02-03T18:00:00+00:00, run_after=2024-03-03T18:00:00+00:00
[2025-06-16T10:28:23.660+0000] {processor.py:183} INFO - Processing /opt/airflow/dags/day_3_dag.py took 0.093 seconds
[2025-06-16T10:30:30.219+0000] {processor.py:161} INFO - Started process (PID=55) to work on /opt/airflow/dags/day_3_dag.py
[2025-06-16T10:30:30.226+0000] {processor.py:830} INFO - Processing file /opt/airflow/dags/day_3_dag.py for tasks to queue
[2025-06-16T10:30:30.229+0000] {logging_mixin.py:188} INFO - [2025-06-16T10:30:30.228+0000] {dagbag.py:538} INFO - Filling up the DagBag from /opt/airflow/dags/day_3_dag.py
[2025-06-16T10:30:30.244+0000] {processor.py:840} INFO - DAG(s) 'day_3_dag' retrieved from /opt/airflow/dags/day_3_dag.py
[2025-06-16T10:30:30.581+0000] {logging_mixin.py:188} INFO - [2025-06-16T10:30:30.580+0000] {dag.py:3033} INFO - Sync 1 DAGs
[2025-06-16T10:30:30.668+0000] {logging_mixin.py:188} INFO - [2025-06-16T10:30:30.667+0000] {dag.py:3820} INFO - Setting next_dagrun for day_3_dag to 2024-02-03T18:00:00+00:00, run_after=2024-03-03T18:00:00+00:00
[2025-06-16T10:30:30.722+0000] {processor.py:183} INFO - Processing /opt/airflow/dags/day_3_dag.py took 0.510 seconds
[2025-06-16T10:31:01.406+0000] {processor.py:161} INFO - Started process (PID=79) to work on /opt/airflow/dags/day_3_dag.py
[2025-06-16T10:31:01.407+0000] {processor.py:830} INFO - Processing file /opt/airflow/dags/day_3_dag.py for tasks to queue
[2025-06-16T10:31:01.409+0000] {logging_mixin.py:188} INFO - [2025-06-16T10:31:01.409+0000] {dagbag.py:538} INFO - Filling up the DagBag from /opt/airflow/dags/day_3_dag.py
[2025-06-16T10:31:01.417+0000] {processor.py:840} INFO - DAG(s) 'day_3_dag' retrieved from /opt/airflow/dags/day_3_dag.py
[2025-06-16T10:31:01.437+0000] {logging_mixin.py:188} INFO - [2025-06-16T10:31:01.437+0000] {dag.py:3033} INFO - Sync 1 DAGs
[2025-06-16T10:31:01.461+0000] {logging_mixin.py:188} INFO - [2025-06-16T10:31:01.461+0000] {dag.py:3820} INFO - Setting next_dagrun for day_3_dag to 2024-02-03T18:00:00+00:00, run_after=2024-03-03T18:00:00+00:00
[2025-06-16T10:31:01.475+0000] {processor.py:183} INFO - Processing /opt/airflow/dags/day_3_dag.py took 0.071 seconds
[2025-06-16T10:31:31.718+0000] {processor.py:161} INFO - Started process (PID=102) to work on /opt/airflow/dags/day_3_dag.py
[2025-06-16T10:31:31.720+0000] {processor.py:830} INFO - Processing file /opt/airflow/dags/day_3_dag.py for tasks to queue
[2025-06-16T10:31:31.723+0000] {logging_mixin.py:188} INFO - [2025-06-16T10:31:31.722+0000] {dagbag.py:538} INFO - Filling up the DagBag from /opt/airflow/dags/day_3_dag.py
[2025-06-16T10:31:31.734+0000] {processor.py:840} INFO - DAG(s) 'day_3_dag' retrieved from /opt/airflow/dags/day_3_dag.py
[2025-06-16T10:31:31.753+0000] {logging_mixin.py:188} INFO - [2025-06-16T10:31:31.753+0000] {dag.py:3033} INFO - Sync 1 DAGs
[2025-06-16T10:31:31.784+0000] {logging_mixin.py:188} INFO - [2025-06-16T10:31:31.784+0000] {dag.py:3820} INFO - Setting next_dagrun for day_3_dag to 2024-02-03T18:00:00+00:00, run_after=2024-03-03T18:00:00+00:00
[2025-06-16T10:31:31.805+0000] {processor.py:183} INFO - Processing /opt/airflow/dags/day_3_dag.py took 0.094 seconds
[2025-06-16T10:32:02.130+0000] {processor.py:161} INFO - Started process (PID=134) to work on /opt/airflow/dags/day_3_dag.py
[2025-06-16T10:32:02.131+0000] {processor.py:830} INFO - Processing file /opt/airflow/dags/day_3_dag.py for tasks to queue
[2025-06-16T10:32:02.133+0000] {logging_mixin.py:188} INFO - [2025-06-16T10:32:02.132+0000] {dagbag.py:538} INFO - Filling up the DagBag from /opt/airflow/dags/day_3_dag.py
[2025-06-16T10:32:02.142+0000] {processor.py:840} INFO - DAG(s) 'day_3_dag' retrieved from /opt/airflow/dags/day_3_dag.py
[2025-06-16T10:32:02.162+0000] {logging_mixin.py:188} INFO - [2025-06-16T10:32:02.162+0000] {dag.py:3033} INFO - Sync 1 DAGs
[2025-06-16T10:32:02.180+0000] {logging_mixin.py:188} INFO - [2025-06-16T10:32:02.180+0000] {dag.py:3820} INFO - Setting next_dagrun for day_3_dag to 2024-02-03T18:00:00+00:00, run_after=2024-03-03T18:00:00+00:00
[2025-06-16T10:32:02.195+0000] {processor.py:183} INFO - Processing /opt/airflow/dags/day_3_dag.py took 0.068 seconds
[2025-06-16T10:32:32.570+0000] {processor.py:161} INFO - Started process (PID=157) to work on /opt/airflow/dags/day_3_dag.py
[2025-06-16T10:32:32.571+0000] {processor.py:830} INFO - Processing file /opt/airflow/dags/day_3_dag.py for tasks to queue
[2025-06-16T10:32:32.573+0000] {logging_mixin.py:188} INFO - [2025-06-16T10:32:32.573+0000] {dagbag.py:538} INFO - Filling up the DagBag from /opt/airflow/dags/day_3_dag.py
[2025-06-16T10:32:32.581+0000] {processor.py:840} INFO - DAG(s) 'day_3_dag' retrieved from /opt/airflow/dags/day_3_dag.py
[2025-06-16T10:32:32.600+0000] {logging_mixin.py:188} INFO - [2025-06-16T10:32:32.600+0000] {dag.py:3033} INFO - Sync 1 DAGs
[2025-06-16T10:32:32.618+0000] {logging_mixin.py:188} INFO - [2025-06-16T10:32:32.618+0000] {dag.py:3820} INFO - Setting next_dagrun for day_3_dag to 2024-02-03T18:00:00+00:00, run_after=2024-03-03T18:00:00+00:00
[2025-06-16T10:32:32.632+0000] {processor.py:183} INFO - Processing /opt/airflow/dags/day_3_dag.py took 0.065 seconds
[2025-06-16T10:33:03.044+0000] {processor.py:161} INFO - Started process (PID=189) to work on /opt/airflow/dags/day_3_dag.py
[2025-06-16T10:33:03.045+0000] {processor.py:830} INFO - Processing file /opt/airflow/dags/day_3_dag.py for tasks to queue
[2025-06-16T10:33:03.051+0000] {logging_mixin.py:188} INFO - [2025-06-16T10:33:03.051+0000] {dagbag.py:538} INFO - Filling up the DagBag from /opt/airflow/dags/day_3_dag.py
[2025-06-16T10:33:03.079+0000] {processor.py:840} INFO - DAG(s) 'day_3_dag' retrieved from /opt/airflow/dags/day_3_dag.py
[2025-06-16T10:33:03.126+0000] {logging_mixin.py:188} INFO - [2025-06-16T10:33:03.125+0000] {dag.py:3033} INFO - Sync 1 DAGs
[2025-06-16T10:33:03.167+0000] {logging_mixin.py:188} INFO - [2025-06-16T10:33:03.167+0000] {dag.py:3820} INFO - Setting next_dagrun for day_3_dag to 2024-02-03T18:00:00+00:00, run_after=2024-03-03T18:00:00+00:00
[2025-06-16T10:33:03.186+0000] {processor.py:183} INFO - Processing /opt/airflow/dags/day_3_dag.py took 0.149 seconds
[2025-06-16T10:33:33.301+0000] {processor.py:161} INFO - Started process (PID=211) to work on /opt/airflow/dags/day_3_dag.py
[2025-06-16T10:33:33.303+0000] {processor.py:830} INFO - Processing file /opt/airflow/dags/day_3_dag.py for tasks to queue
[2025-06-16T10:33:33.305+0000] {logging_mixin.py:188} INFO - [2025-06-16T10:33:33.305+0000] {dagbag.py:538} INFO - Filling up the DagBag from /opt/airflow/dags/day_3_dag.py
[2025-06-16T10:33:33.318+0000] {processor.py:840} INFO - DAG(s) 'day_3_dag' retrieved from /opt/airflow/dags/day_3_dag.py
[2025-06-16T10:33:33.420+0000] {logging_mixin.py:188} INFO - [2025-06-16T10:33:33.419+0000] {dag.py:3033} INFO - Sync 1 DAGs
[2025-06-16T10:33:33.454+0000] {logging_mixin.py:188} INFO - [2025-06-16T10:33:33.454+0000] {dag.py:3820} INFO - Setting next_dagrun for day_3_dag to 2024-02-03T18:00:00+00:00, run_after=2024-03-03T18:00:00+00:00
[2025-06-16T10:33:33.473+0000] {processor.py:183} INFO - Processing /opt/airflow/dags/day_3_dag.py took 0.175 seconds
[2025-06-16T10:34:04.382+0000] {processor.py:161} INFO - Started process (PID=234) to work on /opt/airflow/dags/day_3_dag.py
[2025-06-16T10:34:04.384+0000] {processor.py:830} INFO - Processing file /opt/airflow/dags/day_3_dag.py for tasks to queue
[2025-06-16T10:34:04.386+0000] {logging_mixin.py:188} INFO - [2025-06-16T10:34:04.386+0000] {dagbag.py:538} INFO - Filling up the DagBag from /opt/airflow/dags/day_3_dag.py
[2025-06-16T10:34:04.394+0000] {processor.py:840} INFO - DAG(s) 'day_3_dag' retrieved from /opt/airflow/dags/day_3_dag.py
[2025-06-16T10:34:04.414+0000] {logging_mixin.py:188} INFO - [2025-06-16T10:34:04.414+0000] {dag.py:3033} INFO - Sync 1 DAGs
[2025-06-16T10:34:04.432+0000] {logging_mixin.py:188} INFO - [2025-06-16T10:34:04.432+0000] {dag.py:3820} INFO - Setting next_dagrun for day_3_dag to 2024-02-03T18:00:00+00:00, run_after=2024-03-03T18:00:00+00:00
[2025-06-16T10:34:04.445+0000] {processor.py:183} INFO - Processing /opt/airflow/dags/day_3_dag.py took 0.066 seconds
[2025-06-16T10:34:34.926+0000] {processor.py:161} INFO - Started process (PID=265) to work on /opt/airflow/dags/day_3_dag.py
[2025-06-16T10:34:34.927+0000] {processor.py:830} INFO - Processing file /opt/airflow/dags/day_3_dag.py for tasks to queue
[2025-06-16T10:34:34.931+0000] {logging_mixin.py:188} INFO - [2025-06-16T10:34:34.930+0000] {dagbag.py:538} INFO - Filling up the DagBag from /opt/airflow/dags/day_3_dag.py
[2025-06-16T10:34:34.943+0000] {processor.py:840} INFO - DAG(s) 'day_3_dag' retrieved from /opt/airflow/dags/day_3_dag.py
[2025-06-16T10:34:34.972+0000] {logging_mixin.py:188} INFO - [2025-06-16T10:34:34.971+0000] {dag.py:3033} INFO - Sync 1 DAGs
[2025-06-16T10:34:35.000+0000] {logging_mixin.py:188} INFO - [2025-06-16T10:34:34.999+0000] {dag.py:3820} INFO - Setting next_dagrun for day_3_dag to 2024-02-03T18:00:00+00:00, run_after=2024-03-03T18:00:00+00:00
[2025-06-16T10:34:35.020+0000] {processor.py:183} INFO - Processing /opt/airflow/dags/day_3_dag.py took 0.101 seconds
[2025-06-16T10:35:05.882+0000] {processor.py:161} INFO - Started process (PID=289) to work on /opt/airflow/dags/day_3_dag.py
[2025-06-16T10:35:05.885+0000] {processor.py:830} INFO - Processing file /opt/airflow/dags/day_3_dag.py for tasks to queue
[2025-06-16T10:35:05.887+0000] {logging_mixin.py:188} INFO - [2025-06-16T10:35:05.887+0000] {dagbag.py:538} INFO - Filling up the DagBag from /opt/airflow/dags/day_3_dag.py
[2025-06-16T10:35:05.900+0000] {processor.py:840} INFO - DAG(s) 'day_3_dag' retrieved from /opt/airflow/dags/day_3_dag.py
[2025-06-16T10:35:05.928+0000] {logging_mixin.py:188} INFO - [2025-06-16T10:35:05.928+0000] {dag.py:3033} INFO - Sync 1 DAGs
[2025-06-16T10:35:05.955+0000] {logging_mixin.py:188} INFO - [2025-06-16T10:35:05.955+0000] {dag.py:3820} INFO - Setting next_dagrun for day_3_dag to 2024-02-03T18:00:00+00:00, run_after=2024-03-03T18:00:00+00:00
[2025-06-16T10:35:05.976+0000] {processor.py:183} INFO - Processing /opt/airflow/dags/day_3_dag.py took 0.099 seconds
[2025-06-16T10:35:36.236+0000] {processor.py:161} INFO - Started process (PID=313) to work on /opt/airflow/dags/day_3_dag.py
[2025-06-16T10:35:36.237+0000] {processor.py:830} INFO - Processing file /opt/airflow/dags/day_3_dag.py for tasks to queue
[2025-06-16T10:35:36.239+0000] {logging_mixin.py:188} INFO - [2025-06-16T10:35:36.239+0000] {dagbag.py:538} INFO - Filling up the DagBag from /opt/airflow/dags/day_3_dag.py
[2025-06-16T10:35:36.247+0000] {processor.py:840} INFO - DAG(s) 'day_3_dag' retrieved from /opt/airflow/dags/day_3_dag.py
[2025-06-16T10:35:36.268+0000] {logging_mixin.py:188} INFO - [2025-06-16T10:35:36.268+0000] {dag.py:3033} INFO - Sync 1 DAGs
[2025-06-16T10:35:36.286+0000] {logging_mixin.py:188} INFO - [2025-06-16T10:35:36.286+0000] {dag.py:3820} INFO - Setting next_dagrun for day_3_dag to 2024-02-03T18:00:00+00:00, run_after=2024-03-03T18:00:00+00:00
[2025-06-16T10:35:36.300+0000] {processor.py:183} INFO - Processing /opt/airflow/dags/day_3_dag.py took 0.066 seconds
[2025-06-16T10:36:06.350+0000] {processor.py:161} INFO - Started process (PID=336) to work on /opt/airflow/dags/day_3_dag.py
[2025-06-16T10:36:06.351+0000] {processor.py:830} INFO - Processing file /opt/airflow/dags/day_3_dag.py for tasks to queue
[2025-06-16T10:36:06.352+0000] {logging_mixin.py:188} INFO - [2025-06-16T10:36:06.352+0000] {dagbag.py:538} INFO - Filling up the DagBag from /opt/airflow/dags/day_3_dag.py
[2025-06-16T10:36:06.364+0000] {processor.py:840} INFO - DAG(s) 'day_3_dag' retrieved from /opt/airflow/dags/day_3_dag.py
[2025-06-16T10:36:06.384+0000] {logging_mixin.py:188} INFO - [2025-06-16T10:36:06.384+0000] {dag.py:3033} INFO - Sync 1 DAGs
[2025-06-16T10:36:06.401+0000] {logging_mixin.py:188} INFO - [2025-06-16T10:36:06.401+0000] {dag.py:3820} INFO - Setting next_dagrun for day_3_dag to 2024-02-03T18:00:00+00:00, run_after=2024-03-03T18:00:00+00:00
[2025-06-16T10:36:06.416+0000] {processor.py:183} INFO - Processing /opt/airflow/dags/day_3_dag.py took 0.069 seconds
[2025-06-16T10:36:37.060+0000] {processor.py:161} INFO - Started process (PID=368) to work on /opt/airflow/dags/day_3_dag.py
[2025-06-16T10:36:37.071+0000] {processor.py:830} INFO - Processing file /opt/airflow/dags/day_3_dag.py for tasks to queue
[2025-06-16T10:36:37.075+0000] {logging_mixin.py:188} INFO - [2025-06-16T10:36:37.075+0000] {dagbag.py:538} INFO - Filling up the DagBag from /opt/airflow/dags/day_3_dag.py
[2025-06-16T10:36:37.114+0000] {processor.py:840} INFO - DAG(s) 'day_3_dag' retrieved from /opt/airflow/dags/day_3_dag.py
[2025-06-16T10:36:37.209+0000] {logging_mixin.py:188} INFO - [2025-06-16T10:36:37.208+0000] {dag.py:3033} INFO - Sync 1 DAGs
[2025-06-16T10:36:37.272+0000] {logging_mixin.py:188} INFO - [2025-06-16T10:36:37.271+0000] {dag.py:3820} INFO - Setting next_dagrun for day_3_dag to 2024-02-03T18:00:00+00:00, run_after=2024-03-03T18:00:00+00:00
[2025-06-16T10:36:37.341+0000] {processor.py:183} INFO - Processing /opt/airflow/dags/day_3_dag.py took 0.291 seconds
[2025-06-16T10:38:24.877+0000] {processor.py:161} INFO - Started process (PID=45) to work on /opt/airflow/dags/day_3_dag.py
[2025-06-16T10:38:24.878+0000] {processor.py:830} INFO - Processing file /opt/airflow/dags/day_3_dag.py for tasks to queue
[2025-06-16T10:38:24.881+0000] {logging_mixin.py:188} INFO - [2025-06-16T10:38:24.880+0000] {dagbag.py:538} INFO - Filling up the DagBag from /opt/airflow/dags/day_3_dag.py
[2025-06-16T10:38:24.896+0000] {processor.py:840} INFO - DAG(s) 'day_3_dag' retrieved from /opt/airflow/dags/day_3_dag.py
[2025-06-16T10:38:25.156+0000] {logging_mixin.py:188} INFO - [2025-06-16T10:38:25.155+0000] {dag.py:3033} INFO - Sync 1 DAGs
[2025-06-16T10:38:25.180+0000] {logging_mixin.py:188} INFO - [2025-06-16T10:38:25.180+0000] {dag.py:3820} INFO - Setting next_dagrun for day_3_dag to 2024-02-03T18:00:00+00:00, run_after=2024-03-03T18:00:00+00:00
[2025-06-16T10:38:25.223+0000] {processor.py:183} INFO - Processing /opt/airflow/dags/day_3_dag.py took 0.349 seconds
[2025-06-16T10:38:55.994+0000] {processor.py:161} INFO - Started process (PID=69) to work on /opt/airflow/dags/day_3_dag.py
[2025-06-16T10:38:55.995+0000] {processor.py:830} INFO - Processing file /opt/airflow/dags/day_3_dag.py for tasks to queue
[2025-06-16T10:38:55.996+0000] {logging_mixin.py:188} INFO - [2025-06-16T10:38:55.996+0000] {dagbag.py:538} INFO - Filling up the DagBag from /opt/airflow/dags/day_3_dag.py
[2025-06-16T10:38:56.006+0000] {processor.py:840} INFO - DAG(s) 'day_3_dag' retrieved from /opt/airflow/dags/day_3_dag.py
[2025-06-16T10:38:56.025+0000] {logging_mixin.py:188} INFO - [2025-06-16T10:38:56.025+0000] {dag.py:3033} INFO - Sync 1 DAGs
[2025-06-16T10:38:56.042+0000] {logging_mixin.py:188} INFO - [2025-06-16T10:38:56.042+0000] {dag.py:3820} INFO - Setting next_dagrun for day_3_dag to 2024-02-03T18:00:00+00:00, run_after=2024-03-03T18:00:00+00:00
[2025-06-16T10:38:56.055+0000] {processor.py:183} INFO - Processing /opt/airflow/dags/day_3_dag.py took 0.064 seconds
[2025-06-16T10:39:26.532+0000] {processor.py:161} INFO - Started process (PID=101) to work on /opt/airflow/dags/day_3_dag.py
[2025-06-16T10:39:26.533+0000] {processor.py:830} INFO - Processing file /opt/airflow/dags/day_3_dag.py for tasks to queue
[2025-06-16T10:39:26.535+0000] {logging_mixin.py:188} INFO - [2025-06-16T10:39:26.535+0000] {dagbag.py:538} INFO - Filling up the DagBag from /opt/airflow/dags/day_3_dag.py
[2025-06-16T10:39:26.543+0000] {processor.py:840} INFO - DAG(s) 'day_3_dag' retrieved from /opt/airflow/dags/day_3_dag.py
[2025-06-16T10:39:26.563+0000] {logging_mixin.py:188} INFO - [2025-06-16T10:39:26.563+0000] {dag.py:3033} INFO - Sync 1 DAGs
[2025-06-16T10:39:26.580+0000] {logging_mixin.py:188} INFO - [2025-06-16T10:39:26.580+0000] {dag.py:3820} INFO - Setting next_dagrun for day_3_dag to 2024-02-03T18:00:00+00:00, run_after=2024-03-03T18:00:00+00:00
[2025-06-16T10:39:26.594+0000] {processor.py:183} INFO - Processing /opt/airflow/dags/day_3_dag.py took 0.064 seconds
[2025-06-16T10:39:56.856+0000] {processor.py:161} INFO - Started process (PID=124) to work on /opt/airflow/dags/day_3_dag.py
[2025-06-16T10:39:56.857+0000] {processor.py:830} INFO - Processing file /opt/airflow/dags/day_3_dag.py for tasks to queue
[2025-06-16T10:39:56.858+0000] {logging_mixin.py:188} INFO - [2025-06-16T10:39:56.858+0000] {dagbag.py:538} INFO - Filling up the DagBag from /opt/airflow/dags/day_3_dag.py
[2025-06-16T10:39:56.866+0000] {processor.py:840} INFO - DAG(s) 'day_3_dag' retrieved from /opt/airflow/dags/day_3_dag.py
[2025-06-16T10:39:56.887+0000] {logging_mixin.py:188} INFO - [2025-06-16T10:39:56.887+0000] {dag.py:3033} INFO - Sync 1 DAGs
[2025-06-16T10:39:56.905+0000] {logging_mixin.py:188} INFO - [2025-06-16T10:39:56.905+0000] {dag.py:3820} INFO - Setting next_dagrun for day_3_dag to 2024-02-03T18:00:00+00:00, run_after=2024-03-03T18:00:00+00:00
[2025-06-16T10:39:56.918+0000] {processor.py:183} INFO - Processing /opt/airflow/dags/day_3_dag.py took 0.065 seconds
[2025-06-16T10:40:27.341+0000] {processor.py:161} INFO - Started process (PID=156) to work on /opt/airflow/dags/day_3_dag.py
[2025-06-16T10:40:27.342+0000] {processor.py:830} INFO - Processing file /opt/airflow/dags/day_3_dag.py for tasks to queue
[2025-06-16T10:40:27.345+0000] {logging_mixin.py:188} INFO - [2025-06-16T10:40:27.344+0000] {dagbag.py:538} INFO - Filling up the DagBag from /opt/airflow/dags/day_3_dag.py
[2025-06-16T10:40:27.364+0000] {processor.py:840} INFO - DAG(s) 'day_3_dag' retrieved from /opt/airflow/dags/day_3_dag.py
[2025-06-16T10:40:27.393+0000] {logging_mixin.py:188} INFO - [2025-06-16T10:40:27.393+0000] {dag.py:3033} INFO - Sync 1 DAGs
[2025-06-16T10:40:27.435+0000] {logging_mixin.py:188} INFO - [2025-06-16T10:40:27.435+0000] {dag.py:3820} INFO - Setting next_dagrun for day_3_dag to 2024-02-03T18:00:00+00:00, run_after=2024-03-03T18:00:00+00:00
[2025-06-16T10:40:27.462+0000] {processor.py:183} INFO - Processing /opt/airflow/dags/day_3_dag.py took 0.127 seconds
[2025-06-16T10:40:57.930+0000] {processor.py:161} INFO - Started process (PID=180) to work on /opt/airflow/dags/day_3_dag.py
[2025-06-16T10:40:57.931+0000] {processor.py:830} INFO - Processing file /opt/airflow/dags/day_3_dag.py for tasks to queue
[2025-06-16T10:40:57.933+0000] {logging_mixin.py:188} INFO - [2025-06-16T10:40:57.933+0000] {dagbag.py:538} INFO - Filling up the DagBag from /opt/airflow/dags/day_3_dag.py
[2025-06-16T10:40:57.942+0000] {processor.py:840} INFO - DAG(s) 'day_3_dag' retrieved from /opt/airflow/dags/day_3_dag.py
[2025-06-16T10:40:57.962+0000] {logging_mixin.py:188} INFO - [2025-06-16T10:40:57.962+0000] {dag.py:3033} INFO - Sync 1 DAGs
[2025-06-16T10:40:57.979+0000] {logging_mixin.py:188} INFO - [2025-06-16T10:40:57.979+0000] {dag.py:3820} INFO - Setting next_dagrun for day_3_dag to 2024-02-03T18:00:00+00:00, run_after=2024-03-03T18:00:00+00:00
[2025-06-16T10:40:57.992+0000] {processor.py:183} INFO - Processing /opt/airflow/dags/day_3_dag.py took 0.064 seconds
[2025-06-16T10:41:28.015+0000] {processor.py:161} INFO - Started process (PID=204) to work on /opt/airflow/dags/day_3_dag.py
[2025-06-16T10:41:28.016+0000] {processor.py:830} INFO - Processing file /opt/airflow/dags/day_3_dag.py for tasks to queue
[2025-06-16T10:41:28.019+0000] {logging_mixin.py:188} INFO - [2025-06-16T10:41:28.018+0000] {dagbag.py:538} INFO - Filling up the DagBag from /opt/airflow/dags/day_3_dag.py
[2025-06-16T10:41:28.031+0000] {processor.py:840} INFO - DAG(s) 'day_3_dag' retrieved from /opt/airflow/dags/day_3_dag.py
[2025-06-16T10:41:28.051+0000] {logging_mixin.py:188} INFO - [2025-06-16T10:41:28.051+0000] {dag.py:3033} INFO - Sync 1 DAGs
[2025-06-16T10:41:28.068+0000] {logging_mixin.py:188} INFO - [2025-06-16T10:41:28.068+0000] {dag.py:3820} INFO - Setting next_dagrun for day_3_dag to 2024-02-03T18:00:00+00:00, run_after=2024-03-03T18:00:00+00:00
[2025-06-16T10:41:28.081+0000] {processor.py:183} INFO - Processing /opt/airflow/dags/day_3_dag.py took 0.069 seconds
[2025-06-16T10:41:58.780+0000] {processor.py:161} INFO - Started process (PID=235) to work on /opt/airflow/dags/day_3_dag.py
[2025-06-16T10:41:58.785+0000] {processor.py:830} INFO - Processing file /opt/airflow/dags/day_3_dag.py for tasks to queue
[2025-06-16T10:41:58.793+0000] {logging_mixin.py:188} INFO - [2025-06-16T10:41:58.792+0000] {dagbag.py:538} INFO - Filling up the DagBag from /opt/airflow/dags/day_3_dag.py
[2025-06-16T10:41:58.804+0000] {processor.py:840} INFO - DAG(s) 'day_3_dag' retrieved from /opt/airflow/dags/day_3_dag.py
[2025-06-16T10:41:58.857+0000] {logging_mixin.py:188} INFO - [2025-06-16T10:41:58.856+0000] {dag.py:3033} INFO - Sync 1 DAGs
[2025-06-16T10:41:58.914+0000] {logging_mixin.py:188} INFO - [2025-06-16T10:41:58.912+0000] {dag.py:3820} INFO - Setting next_dagrun for day_3_dag to 2024-02-03T18:00:00+00:00, run_after=2024-03-03T18:00:00+00:00
[2025-06-16T10:41:58.975+0000] {processor.py:183} INFO - Processing /opt/airflow/dags/day_3_dag.py took 0.213 seconds
