[2025-06-16T10:17:11.190+0000] {processor.py:161} INFO - Started process (PID=53) to work on /opt/airflow/dags/everyday_dag.py
[2025-06-16T10:17:11.198+0000] {processor.py:830} INFO - Processing file /opt/airflow/dags/everyday_dag.py for tasks to queue
[2025-06-16T10:17:11.208+0000] {logging_mixin.py:188} INFO - [2025-06-16T10:17:11.208+0000] {dagbag.py:538} INFO - Filling up the DagBag from /opt/airflow/dags/everyday_dag.py
[2025-06-16T10:17:11.409+0000] {processor.py:840} INFO - DAG(s) 'everyday_dag' retrieved from /opt/airflow/dags/everyday_dag.py
[2025-06-16T10:17:12.821+0000] {logging_mixin.py:188} INFO - [2025-06-16T10:17:12.817+0000] {override.py:1769} INFO - Created Permission View: can read on DAG:everyday_dag
[2025-06-16T10:17:12.871+0000] {logging_mixin.py:188} INFO - [2025-06-16T10:17:12.871+0000] {override.py:1769} INFO - Created Permission View: can edit on DAG:everyday_dag
[2025-06-16T10:17:12.891+0000] {logging_mixin.py:188} INFO - [2025-06-16T10:17:12.891+0000] {override.py:1769} INFO - Created Permission View: can delete on DAG:everyday_dag
[2025-06-16T10:17:12.892+0000] {logging_mixin.py:188} INFO - [2025-06-16T10:17:12.892+0000] {dag.py:3033} INFO - Sync 1 DAGs
[2025-06-16T10:17:12.946+0000] {logging_mixin.py:188} INFO - [2025-06-16T10:17:12.946+0000] {dag.py:3055} INFO - Creating ORM DAG for everyday_dag
[2025-06-16T10:17:12.984+0000] {logging_mixin.py:188} INFO - [2025-06-16T10:17:12.984+0000] {dag.py:3820} INFO - Setting next_dagrun for everyday_dag to 2024-01-20T00:00:00+00:00, run_after=2024-01-21T00:00:00+00:00
[2025-06-16T10:17:13.063+0000] {processor.py:183} INFO - Processing /opt/airflow/dags/everyday_dag.py took 1.891 seconds
[2025-06-16T10:17:43.437+0000] {processor.py:161} INFO - Started process (PID=77) to work on /opt/airflow/dags/everyday_dag.py
[2025-06-16T10:17:43.440+0000] {processor.py:830} INFO - Processing file /opt/airflow/dags/everyday_dag.py for tasks to queue
[2025-06-16T10:17:43.445+0000] {logging_mixin.py:188} INFO - [2025-06-16T10:17:43.445+0000] {dagbag.py:538} INFO - Filling up the DagBag from /opt/airflow/dags/everyday_dag.py
[2025-06-16T10:17:43.482+0000] {processor.py:840} INFO - DAG(s) 'everyday_dag' retrieved from /opt/airflow/dags/everyday_dag.py
[2025-06-16T10:17:43.568+0000] {logging_mixin.py:188} INFO - [2025-06-16T10:17:43.568+0000] {dag.py:3033} INFO - Sync 1 DAGs
[2025-06-16T10:17:43.625+0000] {logging_mixin.py:188} INFO - [2025-06-16T10:17:43.625+0000] {dag.py:3820} INFO - Setting next_dagrun for everyday_dag to 2024-01-20T00:00:00+00:00, run_after=2024-01-21T00:00:00+00:00
[2025-06-16T10:17:43.689+0000] {processor.py:183} INFO - Processing /opt/airflow/dags/everyday_dag.py took 0.264 seconds
[2025-06-16T10:18:13.810+0000] {processor.py:161} INFO - Started process (PID=109) to work on /opt/airflow/dags/everyday_dag.py
[2025-06-16T10:18:13.811+0000] {processor.py:830} INFO - Processing file /opt/airflow/dags/everyday_dag.py for tasks to queue
[2025-06-16T10:18:13.813+0000] {logging_mixin.py:188} INFO - [2025-06-16T10:18:13.813+0000] {dagbag.py:538} INFO - Filling up the DagBag from /opt/airflow/dags/everyday_dag.py
[2025-06-16T10:18:13.824+0000] {processor.py:840} INFO - DAG(s) 'everyday_dag' retrieved from /opt/airflow/dags/everyday_dag.py
[2025-06-16T10:18:13.854+0000] {logging_mixin.py:188} INFO - [2025-06-16T10:18:13.854+0000] {dag.py:3033} INFO - Sync 1 DAGs
[2025-06-16T10:18:13.885+0000] {logging_mixin.py:188} INFO - [2025-06-16T10:18:13.884+0000] {dag.py:3820} INFO - Setting next_dagrun for everyday_dag to 2024-01-20T00:00:00+00:00, run_after=2024-01-21T00:00:00+00:00
[2025-06-16T10:18:13.918+0000] {processor.py:183} INFO - Processing /opt/airflow/dags/everyday_dag.py took 0.111 seconds
[2025-06-16T10:18:43.992+0000] {processor.py:161} INFO - Started process (PID=132) to work on /opt/airflow/dags/everyday_dag.py
[2025-06-16T10:18:43.993+0000] {processor.py:830} INFO - Processing file /opt/airflow/dags/everyday_dag.py for tasks to queue
[2025-06-16T10:18:43.995+0000] {logging_mixin.py:188} INFO - [2025-06-16T10:18:43.995+0000] {dagbag.py:538} INFO - Filling up the DagBag from /opt/airflow/dags/everyday_dag.py
[2025-06-16T10:18:44.006+0000] {processor.py:840} INFO - DAG(s) 'everyday_dag' retrieved from /opt/airflow/dags/everyday_dag.py
[2025-06-16T10:18:44.039+0000] {logging_mixin.py:188} INFO - [2025-06-16T10:18:44.038+0000] {dag.py:3033} INFO - Sync 1 DAGs
[2025-06-16T10:18:44.065+0000] {logging_mixin.py:188} INFO - [2025-06-16T10:18:44.064+0000] {dag.py:3820} INFO - Setting next_dagrun for everyday_dag to 2024-01-20T00:00:00+00:00, run_after=2024-01-21T00:00:00+00:00
[2025-06-16T10:18:44.084+0000] {processor.py:183} INFO - Processing /opt/airflow/dags/everyday_dag.py took 0.096 seconds
[2025-06-16T10:19:14.339+0000] {processor.py:161} INFO - Started process (PID=156) to work on /opt/airflow/dags/everyday_dag.py
[2025-06-16T10:19:14.340+0000] {processor.py:830} INFO - Processing file /opt/airflow/dags/everyday_dag.py for tasks to queue
[2025-06-16T10:19:14.344+0000] {logging_mixin.py:188} INFO - [2025-06-16T10:19:14.343+0000] {dagbag.py:538} INFO - Filling up the DagBag from /opt/airflow/dags/everyday_dag.py
[2025-06-16T10:19:14.355+0000] {processor.py:840} INFO - DAG(s) 'everyday_dag' retrieved from /opt/airflow/dags/everyday_dag.py
[2025-06-16T10:19:14.415+0000] {logging_mixin.py:188} INFO - [2025-06-16T10:19:14.415+0000] {dag.py:3033} INFO - Sync 1 DAGs
[2025-06-16T10:19:14.442+0000] {logging_mixin.py:188} INFO - [2025-06-16T10:19:14.441+0000] {dag.py:3820} INFO - Setting next_dagrun for everyday_dag to 2024-01-20T00:00:00+00:00, run_after=2024-01-21T00:00:00+00:00
[2025-06-16T10:19:14.459+0000] {processor.py:183} INFO - Processing /opt/airflow/dags/everyday_dag.py took 0.123 seconds
[2025-06-16T10:19:44.749+0000] {processor.py:161} INFO - Started process (PID=187) to work on /opt/airflow/dags/everyday_dag.py
[2025-06-16T10:19:44.750+0000] {processor.py:830} INFO - Processing file /opt/airflow/dags/everyday_dag.py for tasks to queue
[2025-06-16T10:19:44.754+0000] {logging_mixin.py:188} INFO - [2025-06-16T10:19:44.754+0000] {dagbag.py:538} INFO - Filling up the DagBag from /opt/airflow/dags/everyday_dag.py
[2025-06-16T10:19:44.765+0000] {processor.py:840} INFO - DAG(s) 'everyday_dag' retrieved from /opt/airflow/dags/everyday_dag.py
[2025-06-16T10:19:44.807+0000] {logging_mixin.py:188} INFO - [2025-06-16T10:19:44.807+0000] {dag.py:3033} INFO - Sync 1 DAGs
[2025-06-16T10:19:44.848+0000] {logging_mixin.py:188} INFO - [2025-06-16T10:19:44.848+0000] {dag.py:3820} INFO - Setting next_dagrun for everyday_dag to 2024-01-20T00:00:00+00:00, run_after=2024-01-21T00:00:00+00:00
[2025-06-16T10:19:44.914+0000] {processor.py:183} INFO - Processing /opt/airflow/dags/everyday_dag.py took 0.168 seconds
[2025-06-16T10:20:15.443+0000] {processor.py:161} INFO - Started process (PID=207) to work on /opt/airflow/dags/everyday_dag.py
[2025-06-16T10:20:15.443+0000] {processor.py:830} INFO - Processing file /opt/airflow/dags/everyday_dag.py for tasks to queue
[2025-06-16T10:20:15.445+0000] {logging_mixin.py:188} INFO - [2025-06-16T10:20:15.445+0000] {dagbag.py:538} INFO - Filling up the DagBag from /opt/airflow/dags/everyday_dag.py
[2025-06-16T10:20:15.457+0000] {processor.py:840} INFO - DAG(s) 'everyday_dag' retrieved from /opt/airflow/dags/everyday_dag.py
[2025-06-16T10:20:15.488+0000] {logging_mixin.py:188} INFO - [2025-06-16T10:20:15.488+0000] {dag.py:3033} INFO - Sync 1 DAGs
[2025-06-16T10:20:15.516+0000] {logging_mixin.py:188} INFO - [2025-06-16T10:20:15.516+0000] {dag.py:3820} INFO - Setting next_dagrun for everyday_dag to 2024-01-20T00:00:00+00:00, run_after=2024-01-21T00:00:00+00:00
[2025-06-16T10:20:15.537+0000] {processor.py:183} INFO - Processing /opt/airflow/dags/everyday_dag.py took 0.097 seconds
[2025-06-16T10:20:45.652+0000] {processor.py:161} INFO - Started process (PID=239) to work on /opt/airflow/dags/everyday_dag.py
[2025-06-16T10:20:45.653+0000] {processor.py:830} INFO - Processing file /opt/airflow/dags/everyday_dag.py for tasks to queue
[2025-06-16T10:20:45.660+0000] {logging_mixin.py:188} INFO - [2025-06-16T10:20:45.660+0000] {dagbag.py:538} INFO - Filling up the DagBag from /opt/airflow/dags/everyday_dag.py
[2025-06-16T10:20:45.689+0000] {processor.py:840} INFO - DAG(s) 'everyday_dag' retrieved from /opt/airflow/dags/everyday_dag.py
[2025-06-16T10:20:45.747+0000] {logging_mixin.py:188} INFO - [2025-06-16T10:20:45.746+0000] {dag.py:3033} INFO - Sync 1 DAGs
[2025-06-16T10:20:45.805+0000] {logging_mixin.py:188} INFO - [2025-06-16T10:20:45.805+0000] {dag.py:3820} INFO - Setting next_dagrun for everyday_dag to 2024-01-20T00:00:00+00:00, run_after=2024-01-21T00:00:00+00:00
[2025-06-16T10:20:45.843+0000] {processor.py:183} INFO - Processing /opt/airflow/dags/everyday_dag.py took 0.199 seconds
[2025-06-16T10:21:15.953+0000] {processor.py:161} INFO - Started process (PID=263) to work on /opt/airflow/dags/everyday_dag.py
[2025-06-16T10:21:15.954+0000] {processor.py:830} INFO - Processing file /opt/airflow/dags/everyday_dag.py for tasks to queue
[2025-06-16T10:21:15.957+0000] {logging_mixin.py:188} INFO - [2025-06-16T10:21:15.957+0000] {dagbag.py:538} INFO - Filling up the DagBag from /opt/airflow/dags/everyday_dag.py
[2025-06-16T10:21:15.969+0000] {processor.py:840} INFO - DAG(s) 'everyday_dag' retrieved from /opt/airflow/dags/everyday_dag.py
[2025-06-16T10:21:15.999+0000] {logging_mixin.py:188} INFO - [2025-06-16T10:21:15.998+0000] {dag.py:3033} INFO - Sync 1 DAGs
[2025-06-16T10:21:16.025+0000] {logging_mixin.py:188} INFO - [2025-06-16T10:21:16.025+0000] {dag.py:3820} INFO - Setting next_dagrun for everyday_dag to 2024-01-20T00:00:00+00:00, run_after=2024-01-21T00:00:00+00:00
[2025-06-16T10:21:16.043+0000] {processor.py:183} INFO - Processing /opt/airflow/dags/everyday_dag.py took 0.093 seconds
[2025-06-16T10:21:46.419+0000] {processor.py:161} INFO - Started process (PID=287) to work on /opt/airflow/dags/everyday_dag.py
[2025-06-16T10:21:46.420+0000] {processor.py:830} INFO - Processing file /opt/airflow/dags/everyday_dag.py for tasks to queue
[2025-06-16T10:21:46.422+0000] {logging_mixin.py:188} INFO - [2025-06-16T10:21:46.422+0000] {dagbag.py:538} INFO - Filling up the DagBag from /opt/airflow/dags/everyday_dag.py
[2025-06-16T10:21:46.434+0000] {processor.py:840} INFO - DAG(s) 'everyday_dag' retrieved from /opt/airflow/dags/everyday_dag.py
[2025-06-16T10:21:46.462+0000] {logging_mixin.py:188} INFO - [2025-06-16T10:21:46.462+0000] {dag.py:3033} INFO - Sync 1 DAGs
[2025-06-16T10:21:46.489+0000] {logging_mixin.py:188} INFO - [2025-06-16T10:21:46.489+0000] {dag.py:3820} INFO - Setting next_dagrun for everyday_dag to 2024-01-20T00:00:00+00:00, run_after=2024-01-21T00:00:00+00:00
[2025-06-16T10:21:46.549+0000] {processor.py:183} INFO - Processing /opt/airflow/dags/everyday_dag.py took 0.133 seconds
[2025-06-16T10:22:16.820+0000] {processor.py:161} INFO - Started process (PID=318) to work on /opt/airflow/dags/everyday_dag.py
[2025-06-16T10:22:16.823+0000] {processor.py:830} INFO - Processing file /opt/airflow/dags/everyday_dag.py for tasks to queue
[2025-06-16T10:22:16.827+0000] {logging_mixin.py:188} INFO - [2025-06-16T10:22:16.826+0000] {dagbag.py:538} INFO - Filling up the DagBag from /opt/airflow/dags/everyday_dag.py
[2025-06-16T10:22:16.838+0000] {processor.py:840} INFO - DAG(s) 'everyday_dag' retrieved from /opt/airflow/dags/everyday_dag.py
[2025-06-16T10:22:16.867+0000] {logging_mixin.py:188} INFO - [2025-06-16T10:22:16.867+0000] {dag.py:3033} INFO - Sync 1 DAGs
[2025-06-16T10:22:16.900+0000] {logging_mixin.py:188} INFO - [2025-06-16T10:22:16.900+0000] {dag.py:3820} INFO - Setting next_dagrun for everyday_dag to 2024-01-20T00:00:00+00:00, run_after=2024-01-21T00:00:00+00:00
[2025-06-16T10:22:16.939+0000] {processor.py:183} INFO - Processing /opt/airflow/dags/everyday_dag.py took 0.130 seconds
[2025-06-16T10:22:47.260+0000] {processor.py:161} INFO - Started process (PID=342) to work on /opt/airflow/dags/everyday_dag.py
[2025-06-16T10:22:47.263+0000] {processor.py:830} INFO - Processing file /opt/airflow/dags/everyday_dag.py for tasks to queue
[2025-06-16T10:22:47.266+0000] {logging_mixin.py:188} INFO - [2025-06-16T10:22:47.266+0000] {dagbag.py:538} INFO - Filling up the DagBag from /opt/airflow/dags/everyday_dag.py
[2025-06-16T10:22:47.279+0000] {processor.py:840} INFO - DAG(s) 'everyday_dag' retrieved from /opt/airflow/dags/everyday_dag.py
[2025-06-16T10:22:47.314+0000] {logging_mixin.py:188} INFO - [2025-06-16T10:22:47.314+0000] {dag.py:3033} INFO - Sync 1 DAGs
[2025-06-16T10:22:47.376+0000] {logging_mixin.py:188} INFO - [2025-06-16T10:22:47.375+0000] {dag.py:3820} INFO - Setting next_dagrun for everyday_dag to 2024-01-20T00:00:00+00:00, run_after=2024-01-21T00:00:00+00:00
[2025-06-16T10:22:47.433+0000] {processor.py:183} INFO - Processing /opt/airflow/dags/everyday_dag.py took 0.181 seconds
[2025-06-16T10:23:18.171+0000] {processor.py:161} INFO - Started process (PID=366) to work on /opt/airflow/dags/everyday_dag.py
[2025-06-16T10:23:18.172+0000] {processor.py:830} INFO - Processing file /opt/airflow/dags/everyday_dag.py for tasks to queue
[2025-06-16T10:23:18.174+0000] {logging_mixin.py:188} INFO - [2025-06-16T10:23:18.174+0000] {dagbag.py:538} INFO - Filling up the DagBag from /opt/airflow/dags/everyday_dag.py
[2025-06-16T10:23:18.186+0000] {processor.py:840} INFO - DAG(s) 'everyday_dag' retrieved from /opt/airflow/dags/everyday_dag.py
[2025-06-16T10:23:18.217+0000] {logging_mixin.py:188} INFO - [2025-06-16T10:23:18.216+0000] {dag.py:3033} INFO - Sync 1 DAGs
[2025-06-16T10:23:18.243+0000] {logging_mixin.py:188} INFO - [2025-06-16T10:23:18.243+0000] {dag.py:3820} INFO - Setting next_dagrun for everyday_dag to 2024-01-20T00:00:00+00:00, run_after=2024-01-21T00:00:00+00:00
[2025-06-16T10:23:18.263+0000] {processor.py:183} INFO - Processing /opt/airflow/dags/everyday_dag.py took 0.096 seconds
[2025-06-16T10:23:48.326+0000] {processor.py:161} INFO - Started process (PID=398) to work on /opt/airflow/dags/everyday_dag.py
[2025-06-16T10:23:48.329+0000] {processor.py:830} INFO - Processing file /opt/airflow/dags/everyday_dag.py for tasks to queue
[2025-06-16T10:23:48.335+0000] {logging_mixin.py:188} INFO - [2025-06-16T10:23:48.334+0000] {dagbag.py:538} INFO - Filling up the DagBag from /opt/airflow/dags/everyday_dag.py
[2025-06-16T10:23:48.350+0000] {processor.py:840} INFO - DAG(s) 'everyday_dag' retrieved from /opt/airflow/dags/everyday_dag.py
[2025-06-16T10:23:48.377+0000] {logging_mixin.py:188} INFO - [2025-06-16T10:23:48.377+0000] {dag.py:3033} INFO - Sync 1 DAGs
[2025-06-16T10:23:48.404+0000] {logging_mixin.py:188} INFO - [2025-06-16T10:23:48.404+0000] {dag.py:3820} INFO - Setting next_dagrun for everyday_dag to 2024-01-20T00:00:00+00:00, run_after=2024-01-21T00:00:00+00:00
[2025-06-16T10:23:48.424+0000] {processor.py:183} INFO - Processing /opt/airflow/dags/everyday_dag.py took 0.106 seconds
[2025-06-16T10:24:19.026+0000] {processor.py:161} INFO - Started process (PID=424) to work on /opt/airflow/dags/everyday_dag.py
[2025-06-16T10:24:19.027+0000] {processor.py:830} INFO - Processing file /opt/airflow/dags/everyday_dag.py for tasks to queue
[2025-06-16T10:24:19.029+0000] {logging_mixin.py:188} INFO - [2025-06-16T10:24:19.029+0000] {dagbag.py:538} INFO - Filling up the DagBag from /opt/airflow/dags/everyday_dag.py
[2025-06-16T10:24:19.040+0000] {processor.py:840} INFO - DAG(s) 'everyday_dag' retrieved from /opt/airflow/dags/everyday_dag.py
[2025-06-16T10:24:19.073+0000] {logging_mixin.py:188} INFO - [2025-06-16T10:24:19.073+0000] {dag.py:3033} INFO - Sync 1 DAGs
[2025-06-16T10:24:19.103+0000] {logging_mixin.py:188} INFO - [2025-06-16T10:24:19.103+0000] {dag.py:3820} INFO - Setting next_dagrun for everyday_dag to 2024-01-20T00:00:00+00:00, run_after=2024-01-21T00:00:00+00:00
[2025-06-16T10:24:19.122+0000] {processor.py:183} INFO - Processing /opt/airflow/dags/everyday_dag.py took 0.100 seconds
[2025-06-16T10:24:49.229+0000] {processor.py:161} INFO - Started process (PID=458) to work on /opt/airflow/dags/everyday_dag.py
[2025-06-16T10:24:49.234+0000] {processor.py:830} INFO - Processing file /opt/airflow/dags/everyday_dag.py for tasks to queue
[2025-06-16T10:24:49.247+0000] {logging_mixin.py:188} INFO - [2025-06-16T10:24:49.247+0000] {dagbag.py:538} INFO - Filling up the DagBag from /opt/airflow/dags/everyday_dag.py
[2025-06-16T10:24:49.285+0000] {processor.py:840} INFO - DAG(s) 'everyday_dag' retrieved from /opt/airflow/dags/everyday_dag.py
[2025-06-16T10:24:49.369+0000] {logging_mixin.py:188} INFO - [2025-06-16T10:24:49.368+0000] {dag.py:3033} INFO - Sync 1 DAGs
[2025-06-16T10:24:49.468+0000] {logging_mixin.py:188} INFO - [2025-06-16T10:24:49.464+0000] {dag.py:3820} INFO - Setting next_dagrun for everyday_dag to 2024-01-20T00:00:00+00:00, run_after=2024-01-21T00:00:00+00:00
[2025-06-16T10:24:49.543+0000] {processor.py:183} INFO - Processing /opt/airflow/dags/everyday_dag.py took 0.336 seconds
[2025-06-16T10:25:19.935+0000] {processor.py:161} INFO - Started process (PID=482) to work on /opt/airflow/dags/everyday_dag.py
[2025-06-16T10:25:19.936+0000] {processor.py:830} INFO - Processing file /opt/airflow/dags/everyday_dag.py for tasks to queue
[2025-06-16T10:25:19.938+0000] {logging_mixin.py:188} INFO - [2025-06-16T10:25:19.938+0000] {dagbag.py:538} INFO - Filling up the DagBag from /opt/airflow/dags/everyday_dag.py
[2025-06-16T10:25:19.950+0000] {processor.py:840} INFO - DAG(s) 'everyday_dag' retrieved from /opt/airflow/dags/everyday_dag.py
[2025-06-16T10:25:19.979+0000] {logging_mixin.py:188} INFO - [2025-06-16T10:25:19.979+0000] {dag.py:3033} INFO - Sync 1 DAGs
[2025-06-16T10:25:20.005+0000] {logging_mixin.py:188} INFO - [2025-06-16T10:25:20.005+0000] {dag.py:3820} INFO - Setting next_dagrun for everyday_dag to 2024-01-20T00:00:00+00:00, run_after=2024-01-21T00:00:00+00:00
[2025-06-16T10:25:20.022+0000] {processor.py:183} INFO - Processing /opt/airflow/dags/everyday_dag.py took 0.103 seconds
[2025-06-16T10:25:50.503+0000] {processor.py:161} INFO - Started process (PID=503) to work on /opt/airflow/dags/everyday_dag.py
[2025-06-16T10:25:50.504+0000] {processor.py:830} INFO - Processing file /opt/airflow/dags/everyday_dag.py for tasks to queue
[2025-06-16T10:25:50.506+0000] {logging_mixin.py:188} INFO - [2025-06-16T10:25:50.506+0000] {dagbag.py:538} INFO - Filling up the DagBag from /opt/airflow/dags/everyday_dag.py
[2025-06-16T10:25:50.518+0000] {processor.py:840} INFO - DAG(s) 'everyday_dag' retrieved from /opt/airflow/dags/everyday_dag.py
[2025-06-16T10:25:50.548+0000] {logging_mixin.py:188} INFO - [2025-06-16T10:25:50.547+0000] {dag.py:3033} INFO - Sync 1 DAGs
[2025-06-16T10:25:50.574+0000] {logging_mixin.py:188} INFO - [2025-06-16T10:25:50.574+0000] {dag.py:3820} INFO - Setting next_dagrun for everyday_dag to 2024-01-20T00:00:00+00:00, run_after=2024-01-21T00:00:00+00:00
[2025-06-16T10:25:50.592+0000] {processor.py:183} INFO - Processing /opt/airflow/dags/everyday_dag.py took 0.092 seconds
[2025-06-16T10:26:20.938+0000] {processor.py:161} INFO - Started process (PID=535) to work on /opt/airflow/dags/everyday_dag.py
[2025-06-16T10:26:20.942+0000] {processor.py:830} INFO - Processing file /opt/airflow/dags/everyday_dag.py for tasks to queue
[2025-06-16T10:26:20.947+0000] {logging_mixin.py:188} INFO - [2025-06-16T10:26:20.946+0000] {dagbag.py:538} INFO - Filling up the DagBag from /opt/airflow/dags/everyday_dag.py
[2025-06-16T10:26:20.959+0000] {processor.py:840} INFO - DAG(s) 'everyday_dag' retrieved from /opt/airflow/dags/everyday_dag.py
[2025-06-16T10:26:21.078+0000] {logging_mixin.py:188} INFO - [2025-06-16T10:26:21.078+0000] {dag.py:3033} INFO - Sync 1 DAGs
[2025-06-16T10:26:21.156+0000] {logging_mixin.py:188} INFO - [2025-06-16T10:26:21.155+0000] {dag.py:3820} INFO - Setting next_dagrun for everyday_dag to 2024-01-20T00:00:00+00:00, run_after=2024-01-21T00:00:00+00:00
[2025-06-16T10:26:21.193+0000] {processor.py:183} INFO - Processing /opt/airflow/dags/everyday_dag.py took 0.260 seconds
[2025-06-16T10:26:51.606+0000] {processor.py:161} INFO - Started process (PID=558) to work on /opt/airflow/dags/everyday_dag.py
[2025-06-16T10:26:51.607+0000] {processor.py:830} INFO - Processing file /opt/airflow/dags/everyday_dag.py for tasks to queue
[2025-06-16T10:26:51.609+0000] {logging_mixin.py:188} INFO - [2025-06-16T10:26:51.609+0000] {dagbag.py:538} INFO - Filling up the DagBag from /opt/airflow/dags/everyday_dag.py
[2025-06-16T10:26:51.621+0000] {processor.py:840} INFO - DAG(s) 'everyday_dag' retrieved from /opt/airflow/dags/everyday_dag.py
[2025-06-16T10:26:51.651+0000] {logging_mixin.py:188} INFO - [2025-06-16T10:26:51.651+0000] {dag.py:3033} INFO - Sync 1 DAGs
[2025-06-16T10:26:51.681+0000] {logging_mixin.py:188} INFO - [2025-06-16T10:26:51.681+0000] {dag.py:3820} INFO - Setting next_dagrun for everyday_dag to 2024-01-20T00:00:00+00:00, run_after=2024-01-21T00:00:00+00:00
[2025-06-16T10:26:51.704+0000] {processor.py:183} INFO - Processing /opt/airflow/dags/everyday_dag.py took 0.101 seconds
[2025-06-16T10:27:22.137+0000] {processor.py:161} INFO - Started process (PID=582) to work on /opt/airflow/dags/everyday_dag.py
[2025-06-16T10:27:22.137+0000] {processor.py:830} INFO - Processing file /opt/airflow/dags/everyday_dag.py for tasks to queue
[2025-06-16T10:27:22.139+0000] {logging_mixin.py:188} INFO - [2025-06-16T10:27:22.139+0000] {dagbag.py:538} INFO - Filling up the DagBag from /opt/airflow/dags/everyday_dag.py
[2025-06-16T10:27:22.150+0000] {processor.py:840} INFO - DAG(s) 'everyday_dag' retrieved from /opt/airflow/dags/everyday_dag.py
[2025-06-16T10:27:22.179+0000] {logging_mixin.py:188} INFO - [2025-06-16T10:27:22.179+0000] {dag.py:3033} INFO - Sync 1 DAGs
[2025-06-16T10:27:22.207+0000] {logging_mixin.py:188} INFO - [2025-06-16T10:27:22.207+0000] {dag.py:3820} INFO - Setting next_dagrun for everyday_dag to 2024-01-20T00:00:00+00:00, run_after=2024-01-21T00:00:00+00:00
[2025-06-16T10:27:22.230+0000] {processor.py:183} INFO - Processing /opt/airflow/dags/everyday_dag.py took 0.097 seconds
[2025-06-16T10:27:53.105+0000] {processor.py:161} INFO - Started process (PID=614) to work on /opt/airflow/dags/everyday_dag.py
[2025-06-16T10:27:53.106+0000] {processor.py:830} INFO - Processing file /opt/airflow/dags/everyday_dag.py for tasks to queue
[2025-06-16T10:27:53.111+0000] {logging_mixin.py:188} INFO - [2025-06-16T10:27:53.110+0000] {dagbag.py:538} INFO - Filling up the DagBag from /opt/airflow/dags/everyday_dag.py
[2025-06-16T10:27:53.123+0000] {processor.py:840} INFO - DAG(s) 'everyday_dag' retrieved from /opt/airflow/dags/everyday_dag.py
[2025-06-16T10:27:53.153+0000] {logging_mixin.py:188} INFO - [2025-06-16T10:27:53.153+0000] {dag.py:3033} INFO - Sync 1 DAGs
[2025-06-16T10:27:53.180+0000] {logging_mixin.py:188} INFO - [2025-06-16T10:27:53.180+0000] {dag.py:3820} INFO - Setting next_dagrun for everyday_dag to 2024-01-20T00:00:00+00:00, run_after=2024-01-21T00:00:00+00:00
[2025-06-16T10:27:53.212+0000] {processor.py:183} INFO - Processing /opt/airflow/dags/everyday_dag.py took 0.110 seconds
[2025-06-16T10:28:23.558+0000] {processor.py:161} INFO - Started process (PID=639) to work on /opt/airflow/dags/everyday_dag.py
[2025-06-16T10:28:23.559+0000] {processor.py:830} INFO - Processing file /opt/airflow/dags/everyday_dag.py for tasks to queue
[2025-06-16T10:28:23.560+0000] {logging_mixin.py:188} INFO - [2025-06-16T10:28:23.560+0000] {dagbag.py:538} INFO - Filling up the DagBag from /opt/airflow/dags/everyday_dag.py
[2025-06-16T10:28:23.572+0000] {processor.py:840} INFO - DAG(s) 'everyday_dag' retrieved from /opt/airflow/dags/everyday_dag.py
[2025-06-16T10:28:23.606+0000] {logging_mixin.py:188} INFO - [2025-06-16T10:28:23.606+0000] {dag.py:3033} INFO - Sync 1 DAGs
[2025-06-16T10:28:23.635+0000] {logging_mixin.py:188} INFO - [2025-06-16T10:28:23.634+0000] {dag.py:3820} INFO - Setting next_dagrun for everyday_dag to 2024-01-20T00:00:00+00:00, run_after=2024-01-21T00:00:00+00:00
[2025-06-16T10:28:23.658+0000] {processor.py:183} INFO - Processing /opt/airflow/dags/everyday_dag.py took 0.103 seconds
[2025-06-16T10:30:28.409+0000] {processor.py:161} INFO - Started process (PID=54) to work on /opt/airflow/dags/everyday_dag.py
[2025-06-16T10:30:28.419+0000] {processor.py:830} INFO - Processing file /opt/airflow/dags/everyday_dag.py for tasks to queue
[2025-06-16T10:30:28.427+0000] {logging_mixin.py:188} INFO - [2025-06-16T10:30:28.426+0000] {dagbag.py:538} INFO - Filling up the DagBag from /opt/airflow/dags/everyday_dag.py
[2025-06-16T10:30:28.512+0000] {processor.py:840} INFO - DAG(s) 'everyday_dag' retrieved from /opt/airflow/dags/everyday_dag.py
[2025-06-16T10:30:29.925+0000] {logging_mixin.py:188} INFO - [2025-06-16T10:30:29.924+0000] {dag.py:3033} INFO - Sync 1 DAGs
[2025-06-16T10:30:30.056+0000] {logging_mixin.py:188} INFO - [2025-06-16T10:30:30.056+0000] {dag.py:3820} INFO - Setting next_dagrun for everyday_dag to 2024-01-20T00:00:00+00:00, run_after=2024-01-21T00:00:00+00:00
[2025-06-16T10:30:30.212+0000] {processor.py:183} INFO - Processing /opt/airflow/dags/everyday_dag.py took 1.817 seconds
[2025-06-16T10:31:00.405+0000] {processor.py:161} INFO - Started process (PID=78) to work on /opt/airflow/dags/everyday_dag.py
[2025-06-16T10:31:00.407+0000] {processor.py:830} INFO - Processing file /opt/airflow/dags/everyday_dag.py for tasks to queue
[2025-06-16T10:31:00.409+0000] {logging_mixin.py:188} INFO - [2025-06-16T10:31:00.409+0000] {dagbag.py:538} INFO - Filling up the DagBag from /opt/airflow/dags/everyday_dag.py
[2025-06-16T10:31:00.422+0000] {processor.py:840} INFO - DAG(s) 'everyday_dag' retrieved from /opt/airflow/dags/everyday_dag.py
[2025-06-16T10:31:00.452+0000] {logging_mixin.py:188} INFO - [2025-06-16T10:31:00.452+0000] {dag.py:3033} INFO - Sync 1 DAGs
[2025-06-16T10:31:00.478+0000] {logging_mixin.py:188} INFO - [2025-06-16T10:31:00.478+0000] {dag.py:3820} INFO - Setting next_dagrun for everyday_dag to 2024-01-20T00:00:00+00:00, run_after=2024-01-21T00:00:00+00:00
[2025-06-16T10:31:00.498+0000] {processor.py:183} INFO - Processing /opt/airflow/dags/everyday_dag.py took 0.097 seconds
[2025-06-16T10:31:30.583+0000] {processor.py:161} INFO - Started process (PID=101) to work on /opt/airflow/dags/everyday_dag.py
[2025-06-16T10:31:30.584+0000] {processor.py:830} INFO - Processing file /opt/airflow/dags/everyday_dag.py for tasks to queue
[2025-06-16T10:31:30.586+0000] {logging_mixin.py:188} INFO - [2025-06-16T10:31:30.586+0000] {dagbag.py:538} INFO - Filling up the DagBag from /opt/airflow/dags/everyday_dag.py
[2025-06-16T10:31:30.598+0000] {processor.py:840} INFO - DAG(s) 'everyday_dag' retrieved from /opt/airflow/dags/everyday_dag.py
[2025-06-16T10:31:30.625+0000] {logging_mixin.py:188} INFO - [2025-06-16T10:31:30.625+0000] {dag.py:3033} INFO - Sync 1 DAGs
[2025-06-16T10:31:30.662+0000] {logging_mixin.py:188} INFO - [2025-06-16T10:31:30.662+0000] {dag.py:3820} INFO - Setting next_dagrun for everyday_dag to 2024-01-20T00:00:00+00:00, run_after=2024-01-21T00:00:00+00:00
[2025-06-16T10:31:30.695+0000] {processor.py:183} INFO - Processing /opt/airflow/dags/everyday_dag.py took 0.115 seconds
[2025-06-16T10:32:01.033+0000] {processor.py:161} INFO - Started process (PID=133) to work on /opt/airflow/dags/everyday_dag.py
[2025-06-16T10:32:01.034+0000] {processor.py:830} INFO - Processing file /opt/airflow/dags/everyday_dag.py for tasks to queue
[2025-06-16T10:32:01.037+0000] {logging_mixin.py:188} INFO - [2025-06-16T10:32:01.036+0000] {dagbag.py:538} INFO - Filling up the DagBag from /opt/airflow/dags/everyday_dag.py
[2025-06-16T10:32:01.049+0000] {processor.py:840} INFO - DAG(s) 'everyday_dag' retrieved from /opt/airflow/dags/everyday_dag.py
[2025-06-16T10:32:01.079+0000] {logging_mixin.py:188} INFO - [2025-06-16T10:32:01.079+0000] {dag.py:3033} INFO - Sync 1 DAGs
[2025-06-16T10:32:01.108+0000] {logging_mixin.py:188} INFO - [2025-06-16T10:32:01.108+0000] {dag.py:3820} INFO - Setting next_dagrun for everyday_dag to 2024-01-20T00:00:00+00:00, run_after=2024-01-21T00:00:00+00:00
[2025-06-16T10:32:01.123+0000] {processor.py:183} INFO - Processing /opt/airflow/dags/everyday_dag.py took 0.094 seconds
[2025-06-16T10:32:31.443+0000] {processor.py:161} INFO - Started process (PID=156) to work on /opt/airflow/dags/everyday_dag.py
[2025-06-16T10:32:31.444+0000] {processor.py:830} INFO - Processing file /opt/airflow/dags/everyday_dag.py for tasks to queue
[2025-06-16T10:32:31.447+0000] {logging_mixin.py:188} INFO - [2025-06-16T10:32:31.446+0000] {dagbag.py:538} INFO - Filling up the DagBag from /opt/airflow/dags/everyday_dag.py
[2025-06-16T10:32:31.458+0000] {processor.py:840} INFO - DAG(s) 'everyday_dag' retrieved from /opt/airflow/dags/everyday_dag.py
[2025-06-16T10:32:31.486+0000] {logging_mixin.py:188} INFO - [2025-06-16T10:32:31.486+0000] {dag.py:3033} INFO - Sync 1 DAGs
[2025-06-16T10:32:31.515+0000] {logging_mixin.py:188} INFO - [2025-06-16T10:32:31.515+0000] {dag.py:3820} INFO - Setting next_dagrun for everyday_dag to 2024-01-20T00:00:00+00:00, run_after=2024-01-21T00:00:00+00:00
[2025-06-16T10:32:31.534+0000] {processor.py:183} INFO - Processing /opt/airflow/dags/everyday_dag.py took 0.097 seconds
[2025-06-16T10:33:01.981+0000] {processor.py:161} INFO - Started process (PID=188) to work on /opt/airflow/dags/everyday_dag.py
[2025-06-16T10:33:01.984+0000] {processor.py:830} INFO - Processing file /opt/airflow/dags/everyday_dag.py for tasks to queue
[2025-06-16T10:33:01.988+0000] {logging_mixin.py:188} INFO - [2025-06-16T10:33:01.987+0000] {dagbag.py:538} INFO - Filling up the DagBag from /opt/airflow/dags/everyday_dag.py
[2025-06-16T10:33:02.002+0000] {processor.py:840} INFO - DAG(s) 'everyday_dag' retrieved from /opt/airflow/dags/everyday_dag.py
[2025-06-16T10:33:02.032+0000] {logging_mixin.py:188} INFO - [2025-06-16T10:33:02.031+0000] {dag.py:3033} INFO - Sync 1 DAGs
[2025-06-16T10:33:02.076+0000] {logging_mixin.py:188} INFO - [2025-06-16T10:33:02.073+0000] {dag.py:3820} INFO - Setting next_dagrun for everyday_dag to 2024-01-20T00:00:00+00:00, run_after=2024-01-21T00:00:00+00:00
[2025-06-16T10:33:02.119+0000] {processor.py:183} INFO - Processing /opt/airflow/dags/everyday_dag.py took 0.147 seconds
[2025-06-16T10:33:32.201+0000] {processor.py:161} INFO - Started process (PID=209) to work on /opt/airflow/dags/everyday_dag.py
[2025-06-16T10:33:32.202+0000] {processor.py:830} INFO - Processing file /opt/airflow/dags/everyday_dag.py for tasks to queue
[2025-06-16T10:33:32.205+0000] {logging_mixin.py:188} INFO - [2025-06-16T10:33:32.204+0000] {dagbag.py:538} INFO - Filling up the DagBag from /opt/airflow/dags/everyday_dag.py
[2025-06-16T10:33:32.217+0000] {processor.py:840} INFO - DAG(s) 'everyday_dag' retrieved from /opt/airflow/dags/everyday_dag.py
[2025-06-16T10:33:32.238+0000] {logging_mixin.py:188} INFO - [2025-06-16T10:33:32.237+0000] {dag.py:3033} INFO - Sync 1 DAGs
[2025-06-16T10:33:32.256+0000] {logging_mixin.py:188} INFO - [2025-06-16T10:33:32.256+0000] {dag.py:3820} INFO - Setting next_dagrun for everyday_dag to 2024-01-20T00:00:00+00:00, run_after=2024-01-21T00:00:00+00:00
[2025-06-16T10:33:32.269+0000] {processor.py:183} INFO - Processing /opt/airflow/dags/everyday_dag.py took 0.072 seconds
[2025-06-16T10:34:02.372+0000] {processor.py:161} INFO - Started process (PID=233) to work on /opt/airflow/dags/everyday_dag.py
[2025-06-16T10:34:02.374+0000] {processor.py:830} INFO - Processing file /opt/airflow/dags/everyday_dag.py for tasks to queue
[2025-06-16T10:34:02.377+0000] {logging_mixin.py:188} INFO - [2025-06-16T10:34:02.377+0000] {dagbag.py:538} INFO - Filling up the DagBag from /opt/airflow/dags/everyday_dag.py
[2025-06-16T10:34:02.389+0000] {processor.py:840} INFO - DAG(s) 'everyday_dag' retrieved from /opt/airflow/dags/everyday_dag.py
[2025-06-16T10:34:02.422+0000] {logging_mixin.py:188} INFO - [2025-06-16T10:34:02.422+0000] {dag.py:3033} INFO - Sync 1 DAGs
[2025-06-16T10:34:02.450+0000] {logging_mixin.py:188} INFO - [2025-06-16T10:34:02.450+0000] {dag.py:3820} INFO - Setting next_dagrun for everyday_dag to 2024-01-20T00:00:00+00:00, run_after=2024-01-21T00:00:00+00:00
[2025-06-16T10:34:02.468+0000] {processor.py:183} INFO - Processing /opt/airflow/dags/everyday_dag.py took 0.100 seconds
[2025-06-16T10:34:32.769+0000] {processor.py:161} INFO - Started process (PID=256) to work on /opt/airflow/dags/everyday_dag.py
[2025-06-16T10:34:32.770+0000] {processor.py:830} INFO - Processing file /opt/airflow/dags/everyday_dag.py for tasks to queue
[2025-06-16T10:34:32.773+0000] {logging_mixin.py:188} INFO - [2025-06-16T10:34:32.773+0000] {dagbag.py:538} INFO - Filling up the DagBag from /opt/airflow/dags/everyday_dag.py
[2025-06-16T10:34:32.785+0000] {processor.py:840} INFO - DAG(s) 'everyday_dag' retrieved from /opt/airflow/dags/everyday_dag.py
[2025-06-16T10:34:32.822+0000] {logging_mixin.py:188} INFO - [2025-06-16T10:34:32.822+0000] {dag.py:3033} INFO - Sync 1 DAGs
[2025-06-16T10:34:32.852+0000] {logging_mixin.py:188} INFO - [2025-06-16T10:34:32.852+0000] {dag.py:3820} INFO - Setting next_dagrun for everyday_dag to 2024-01-20T00:00:00+00:00, run_after=2024-01-21T00:00:00+00:00
[2025-06-16T10:34:32.873+0000] {processor.py:183} INFO - Processing /opt/airflow/dags/everyday_dag.py took 0.107 seconds
[2025-06-16T10:35:03.769+0000] {processor.py:161} INFO - Started process (PID=287) to work on /opt/airflow/dags/everyday_dag.py
[2025-06-16T10:35:03.770+0000] {processor.py:830} INFO - Processing file /opt/airflow/dags/everyday_dag.py for tasks to queue
[2025-06-16T10:35:03.775+0000] {logging_mixin.py:188} INFO - [2025-06-16T10:35:03.774+0000] {dagbag.py:538} INFO - Filling up the DagBag from /opt/airflow/dags/everyday_dag.py
[2025-06-16T10:35:03.787+0000] {processor.py:840} INFO - DAG(s) 'everyday_dag' retrieved from /opt/airflow/dags/everyday_dag.py
[2025-06-16T10:35:03.813+0000] {logging_mixin.py:188} INFO - [2025-06-16T10:35:03.813+0000] {dag.py:3033} INFO - Sync 1 DAGs
[2025-06-16T10:35:03.831+0000] {logging_mixin.py:188} INFO - [2025-06-16T10:35:03.831+0000] {dag.py:3820} INFO - Setting next_dagrun for everyday_dag to 2024-01-20T00:00:00+00:00, run_after=2024-01-21T00:00:00+00:00
[2025-06-16T10:35:03.848+0000] {processor.py:183} INFO - Processing /opt/airflow/dags/everyday_dag.py took 0.082 seconds
[2025-06-16T10:35:34.220+0000] {processor.py:161} INFO - Started process (PID=311) to work on /opt/airflow/dags/everyday_dag.py
[2025-06-16T10:35:34.220+0000] {processor.py:830} INFO - Processing file /opt/airflow/dags/everyday_dag.py for tasks to queue
[2025-06-16T10:35:34.222+0000] {logging_mixin.py:188} INFO - [2025-06-16T10:35:34.222+0000] {dagbag.py:538} INFO - Filling up the DagBag from /opt/airflow/dags/everyday_dag.py
[2025-06-16T10:35:34.231+0000] {processor.py:840} INFO - DAG(s) 'everyday_dag' retrieved from /opt/airflow/dags/everyday_dag.py
[2025-06-16T10:35:34.251+0000] {logging_mixin.py:188} INFO - [2025-06-16T10:35:34.251+0000] {dag.py:3033} INFO - Sync 1 DAGs
[2025-06-16T10:35:34.269+0000] {logging_mixin.py:188} INFO - [2025-06-16T10:35:34.269+0000] {dag.py:3820} INFO - Setting next_dagrun for everyday_dag to 2024-01-20T00:00:00+00:00, run_after=2024-01-21T00:00:00+00:00
[2025-06-16T10:35:34.283+0000] {processor.py:183} INFO - Processing /opt/airflow/dags/everyday_dag.py took 0.066 seconds
[2025-06-16T10:36:04.331+0000] {processor.py:161} INFO - Started process (PID=334) to work on /opt/airflow/dags/everyday_dag.py
[2025-06-16T10:36:04.332+0000] {processor.py:830} INFO - Processing file /opt/airflow/dags/everyday_dag.py for tasks to queue
[2025-06-16T10:36:04.334+0000] {logging_mixin.py:188} INFO - [2025-06-16T10:36:04.333+0000] {dagbag.py:538} INFO - Filling up the DagBag from /opt/airflow/dags/everyday_dag.py
[2025-06-16T10:36:04.342+0000] {processor.py:840} INFO - DAG(s) 'everyday_dag' retrieved from /opt/airflow/dags/everyday_dag.py
[2025-06-16T10:36:04.368+0000] {logging_mixin.py:188} INFO - [2025-06-16T10:36:04.368+0000] {dag.py:3033} INFO - Sync 1 DAGs
[2025-06-16T10:36:04.394+0000] {logging_mixin.py:188} INFO - [2025-06-16T10:36:04.394+0000] {dag.py:3820} INFO - Setting next_dagrun for everyday_dag to 2024-01-20T00:00:00+00:00, run_after=2024-01-21T00:00:00+00:00
[2025-06-16T10:36:04.409+0000] {processor.py:183} INFO - Processing /opt/airflow/dags/everyday_dag.py took 0.080 seconds
[2025-06-16T10:36:34.846+0000] {processor.py:161} INFO - Started process (PID=367) to work on /opt/airflow/dags/everyday_dag.py
[2025-06-16T10:36:34.849+0000] {processor.py:830} INFO - Processing file /opt/airflow/dags/everyday_dag.py for tasks to queue
[2025-06-16T10:36:34.850+0000] {logging_mixin.py:188} INFO - [2025-06-16T10:36:34.850+0000] {dagbag.py:538} INFO - Filling up the DagBag from /opt/airflow/dags/everyday_dag.py
[2025-06-16T10:36:34.888+0000] {processor.py:840} INFO - DAG(s) 'everyday_dag' retrieved from /opt/airflow/dags/everyday_dag.py
[2025-06-16T10:36:34.933+0000] {logging_mixin.py:188} INFO - [2025-06-16T10:36:34.933+0000] {dag.py:3033} INFO - Sync 1 DAGs
[2025-06-16T10:36:34.961+0000] {logging_mixin.py:188} INFO - [2025-06-16T10:36:34.961+0000] {dag.py:3820} INFO - Setting next_dagrun for everyday_dag to 2024-01-20T00:00:00+00:00, run_after=2024-01-21T00:00:00+00:00
[2025-06-16T10:36:34.994+0000] {processor.py:183} INFO - Processing /opt/airflow/dags/everyday_dag.py took 0.164 seconds
[2025-06-16T10:38:24.375+0000] {processor.py:161} INFO - Started process (PID=44) to work on /opt/airflow/dags/everyday_dag.py
[2025-06-16T10:38:24.378+0000] {processor.py:830} INFO - Processing file /opt/airflow/dags/everyday_dag.py for tasks to queue
[2025-06-16T10:38:24.383+0000] {logging_mixin.py:188} INFO - [2025-06-16T10:38:24.382+0000] {dagbag.py:538} INFO - Filling up the DagBag from /opt/airflow/dags/everyday_dag.py
[2025-06-16T10:38:24.419+0000] {processor.py:840} INFO - DAG(s) 'everyday_dag' retrieved from /opt/airflow/dags/everyday_dag.py
[2025-06-16T10:38:24.775+0000] {logging_mixin.py:188} INFO - [2025-06-16T10:38:24.775+0000] {dag.py:3033} INFO - Sync 1 DAGs
[2025-06-16T10:38:24.823+0000] {logging_mixin.py:188} INFO - [2025-06-16T10:38:24.822+0000] {dag.py:3820} INFO - Setting next_dagrun for everyday_dag to 2024-01-20T00:00:00+00:00, run_after=2024-01-21T00:00:00+00:00
[2025-06-16T10:38:24.843+0000] {processor.py:183} INFO - Processing /opt/airflow/dags/everyday_dag.py took 0.475 seconds
[2025-06-16T10:38:54.891+0000] {processor.py:161} INFO - Started process (PID=68) to work on /opt/airflow/dags/everyday_dag.py
[2025-06-16T10:38:54.892+0000] {processor.py:830} INFO - Processing file /opt/airflow/dags/everyday_dag.py for tasks to queue
[2025-06-16T10:38:54.894+0000] {logging_mixin.py:188} INFO - [2025-06-16T10:38:54.894+0000] {dagbag.py:538} INFO - Filling up the DagBag from /opt/airflow/dags/everyday_dag.py
[2025-06-16T10:38:54.909+0000] {processor.py:840} INFO - DAG(s) 'everyday_dag' retrieved from /opt/airflow/dags/everyday_dag.py
[2025-06-16T10:38:54.936+0000] {logging_mixin.py:188} INFO - [2025-06-16T10:38:54.936+0000] {dag.py:3033} INFO - Sync 1 DAGs
[2025-06-16T10:38:54.963+0000] {logging_mixin.py:188} INFO - [2025-06-16T10:38:54.963+0000] {dag.py:3820} INFO - Setting next_dagrun for everyday_dag to 2024-01-20T00:00:00+00:00, run_after=2024-01-21T00:00:00+00:00
[2025-06-16T10:38:54.979+0000] {processor.py:183} INFO - Processing /opt/airflow/dags/everyday_dag.py took 0.092 seconds
[2025-06-16T10:39:25.399+0000] {processor.py:161} INFO - Started process (PID=100) to work on /opt/airflow/dags/everyday_dag.py
[2025-06-16T10:39:25.400+0000] {processor.py:830} INFO - Processing file /opt/airflow/dags/everyday_dag.py for tasks to queue
[2025-06-16T10:39:25.405+0000] {logging_mixin.py:188} INFO - [2025-06-16T10:39:25.404+0000] {dagbag.py:538} INFO - Filling up the DagBag from /opt/airflow/dags/everyday_dag.py
[2025-06-16T10:39:25.423+0000] {processor.py:840} INFO - DAG(s) 'everyday_dag' retrieved from /opt/airflow/dags/everyday_dag.py
[2025-06-16T10:39:25.479+0000] {logging_mixin.py:188} INFO - [2025-06-16T10:39:25.478+0000] {dag.py:3033} INFO - Sync 1 DAGs
[2025-06-16T10:39:25.520+0000] {logging_mixin.py:188} INFO - [2025-06-16T10:39:25.519+0000] {dag.py:3820} INFO - Setting next_dagrun for everyday_dag to 2024-01-20T00:00:00+00:00, run_after=2024-01-21T00:00:00+00:00
[2025-06-16T10:39:25.566+0000] {processor.py:183} INFO - Processing /opt/airflow/dags/everyday_dag.py took 0.176 seconds
[2025-06-16T10:39:55.757+0000] {processor.py:161} INFO - Started process (PID=123) to work on /opt/airflow/dags/everyday_dag.py
[2025-06-16T10:39:55.758+0000] {processor.py:830} INFO - Processing file /opt/airflow/dags/everyday_dag.py for tasks to queue
[2025-06-16T10:39:55.760+0000] {logging_mixin.py:188} INFO - [2025-06-16T10:39:55.760+0000] {dagbag.py:538} INFO - Filling up the DagBag from /opt/airflow/dags/everyday_dag.py
[2025-06-16T10:39:55.772+0000] {processor.py:840} INFO - DAG(s) 'everyday_dag' retrieved from /opt/airflow/dags/everyday_dag.py
[2025-06-16T10:39:55.801+0000] {logging_mixin.py:188} INFO - [2025-06-16T10:39:55.800+0000] {dag.py:3033} INFO - Sync 1 DAGs
[2025-06-16T10:39:55.832+0000] {logging_mixin.py:188} INFO - [2025-06-16T10:39:55.832+0000] {dag.py:3820} INFO - Setting next_dagrun for everyday_dag to 2024-01-20T00:00:00+00:00, run_after=2024-01-21T00:00:00+00:00
[2025-06-16T10:39:55.856+0000] {processor.py:183} INFO - Processing /opt/airflow/dags/everyday_dag.py took 0.103 seconds
[2025-06-16T10:40:26.210+0000] {processor.py:161} INFO - Started process (PID=147) to work on /opt/airflow/dags/everyday_dag.py
[2025-06-16T10:40:26.215+0000] {processor.py:830} INFO - Processing file /opt/airflow/dags/everyday_dag.py for tasks to queue
[2025-06-16T10:40:26.236+0000] {logging_mixin.py:188} INFO - [2025-06-16T10:40:26.236+0000] {dagbag.py:538} INFO - Filling up the DagBag from /opt/airflow/dags/everyday_dag.py
[2025-06-16T10:40:26.276+0000] {processor.py:840} INFO - DAG(s) 'everyday_dag' retrieved from /opt/airflow/dags/everyday_dag.py
[2025-06-16T10:40:26.304+0000] {logging_mixin.py:188} INFO - [2025-06-16T10:40:26.304+0000] {dag.py:3033} INFO - Sync 1 DAGs
[2025-06-16T10:40:26.324+0000] {logging_mixin.py:188} INFO - [2025-06-16T10:40:26.324+0000] {dag.py:3820} INFO - Setting next_dagrun for everyday_dag to 2024-01-20T00:00:00+00:00, run_after=2024-01-21T00:00:00+00:00
[2025-06-16T10:40:26.337+0000] {processor.py:183} INFO - Processing /opt/airflow/dags/everyday_dag.py took 0.141 seconds
[2025-06-16T10:40:56.837+0000] {processor.py:161} INFO - Started process (PID=179) to work on /opt/airflow/dags/everyday_dag.py
[2025-06-16T10:40:56.838+0000] {processor.py:830} INFO - Processing file /opt/airflow/dags/everyday_dag.py for tasks to queue
[2025-06-16T10:40:56.840+0000] {logging_mixin.py:188} INFO - [2025-06-16T10:40:56.840+0000] {dagbag.py:538} INFO - Filling up the DagBag from /opt/airflow/dags/everyday_dag.py
[2025-06-16T10:40:56.852+0000] {processor.py:840} INFO - DAG(s) 'everyday_dag' retrieved from /opt/airflow/dags/everyday_dag.py
[2025-06-16T10:40:56.881+0000] {logging_mixin.py:188} INFO - [2025-06-16T10:40:56.880+0000] {dag.py:3033} INFO - Sync 1 DAGs
[2025-06-16T10:40:56.907+0000] {logging_mixin.py:188} INFO - [2025-06-16T10:40:56.907+0000] {dag.py:3820} INFO - Setting next_dagrun for everyday_dag to 2024-01-20T00:00:00+00:00, run_after=2024-01-21T00:00:00+00:00
[2025-06-16T10:40:56.922+0000] {processor.py:183} INFO - Processing /opt/airflow/dags/everyday_dag.py took 0.089 seconds
[2025-06-16T10:41:26.991+0000] {processor.py:161} INFO - Started process (PID=203) to work on /opt/airflow/dags/everyday_dag.py
[2025-06-16T10:41:26.995+0000] {processor.py:830} INFO - Processing file /opt/airflow/dags/everyday_dag.py for tasks to queue
[2025-06-16T10:41:27.002+0000] {logging_mixin.py:188} INFO - [2025-06-16T10:41:27.002+0000] {dagbag.py:538} INFO - Filling up the DagBag from /opt/airflow/dags/everyday_dag.py
[2025-06-16T10:41:27.025+0000] {processor.py:840} INFO - DAG(s) 'everyday_dag' retrieved from /opt/airflow/dags/everyday_dag.py
[2025-06-16T10:41:27.088+0000] {logging_mixin.py:188} INFO - [2025-06-16T10:41:27.088+0000] {dag.py:3033} INFO - Sync 1 DAGs
[2025-06-16T10:41:27.145+0000] {logging_mixin.py:188} INFO - [2025-06-16T10:41:27.145+0000] {dag.py:3820} INFO - Setting next_dagrun for everyday_dag to 2024-01-20T00:00:00+00:00, run_after=2024-01-21T00:00:00+00:00
[2025-06-16T10:41:27.191+0000] {processor.py:183} INFO - Processing /opt/airflow/dags/everyday_dag.py took 0.208 seconds
[2025-06-16T10:41:57.448+0000] {processor.py:161} INFO - Started process (PID=234) to work on /opt/airflow/dags/everyday_dag.py
[2025-06-16T10:41:57.452+0000] {processor.py:830} INFO - Processing file /opt/airflow/dags/everyday_dag.py for tasks to queue
[2025-06-16T10:41:57.462+0000] {logging_mixin.py:188} INFO - [2025-06-16T10:41:57.461+0000] {dagbag.py:538} INFO - Filling up the DagBag from /opt/airflow/dags/everyday_dag.py
[2025-06-16T10:41:57.504+0000] {processor.py:840} INFO - DAG(s) 'everyday_dag' retrieved from /opt/airflow/dags/everyday_dag.py
[2025-06-16T10:41:57.620+0000] {logging_mixin.py:188} INFO - [2025-06-16T10:41:57.620+0000] {dag.py:3033} INFO - Sync 1 DAGs
[2025-06-16T10:41:57.719+0000] {logging_mixin.py:188} INFO - [2025-06-16T10:41:57.719+0000] {dag.py:3820} INFO - Setting next_dagrun for everyday_dag to 2024-01-20T00:00:00+00:00, run_after=2024-01-21T00:00:00+00:00
[2025-06-16T10:41:57.791+0000] {processor.py:183} INFO - Processing /opt/airflow/dags/everyday_dag.py took 0.362 seconds
