[2025-06-16T10:28:22.548+0000] {processor.py:161} INFO - Started process (PID=638) to work on /opt/airflow/dags/week_1_dog_api_pipeline.py
[2025-06-16T10:28:22.548+0000] {processor.py:830} INFO - Processing file /opt/airflow/dags/week_1_dog_api_pipeline.py for tasks to queue
[2025-06-16T10:28:22.549+0000] {logging_mixin.py:188} INFO - [2025-06-16T10:28:22.549+0000] {dagbag.py:538} INFO - Filling up the DagBag from /opt/airflow/dags/week_1_dog_api_pipeline.py
[2025-06-16T10:28:22.556+0000] {processor.py:840} INFO - DAG(s) 'dog_api_pipeline' retrieved from /opt/airflow/dags/week_1_dog_api_pipeline.py
[2025-06-16T10:28:22.657+0000] {logging_mixin.py:188} INFO - [2025-06-16T10:28:22.657+0000] {dag.py:3033} INFO - Sync 1 DAGs
[2025-06-16T10:28:22.665+0000] {logging_mixin.py:188} INFO - [2025-06-16T10:28:22.665+0000] {dag.py:3820} INFO - Setting next_dagrun for dog_api_pipeline to None, run_after=None
[2025-06-16T10:28:22.681+0000] {processor.py:183} INFO - Processing /opt/airflow/dags/week_1_dog_api_pipeline.py took 0.136 seconds
[2025-06-16T10:30:28.367+0000] {processor.py:161} INFO - Started process (PID=53) to work on /opt/airflow/dags/week_1_dog_api_pipeline.py
[2025-06-16T10:30:28.369+0000] {processor.py:830} INFO - Processing file /opt/airflow/dags/week_1_dog_api_pipeline.py for tasks to queue
[2025-06-16T10:30:28.375+0000] {logging_mixin.py:188} INFO - [2025-06-16T10:30:28.374+0000] {dagbag.py:538} INFO - Filling up the DagBag from /opt/airflow/dags/week_1_dog_api_pipeline.py
[2025-06-16T10:30:28.518+0000] {processor.py:840} INFO - DAG(s) 'dog_api_pipeline' retrieved from /opt/airflow/dags/week_1_dog_api_pipeline.py
[2025-06-16T10:30:29.910+0000] {logging_mixin.py:188} INFO - [2025-06-16T10:30:29.910+0000] {dag.py:3033} INFO - Sync 1 DAGs
[2025-06-16T10:30:29.960+0000] {logging_mixin.py:188} INFO - [2025-06-16T10:30:29.952+0000] {dag.py:3820} INFO - Setting next_dagrun for dog_api_pipeline to None, run_after=None
[2025-06-16T10:30:30.102+0000] {processor.py:183} INFO - Processing /opt/airflow/dags/week_1_dog_api_pipeline.py took 1.744 seconds
[2025-06-16T10:31:00.388+0000] {processor.py:161} INFO - Started process (PID=77) to work on /opt/airflow/dags/week_1_dog_api_pipeline.py
[2025-06-16T10:31:00.394+0000] {processor.py:830} INFO - Processing file /opt/airflow/dags/week_1_dog_api_pipeline.py for tasks to queue
[2025-06-16T10:31:00.397+0000] {logging_mixin.py:188} INFO - [2025-06-16T10:31:00.396+0000] {dagbag.py:538} INFO - Filling up the DagBag from /opt/airflow/dags/week_1_dog_api_pipeline.py
[2025-06-16T10:31:00.407+0000] {processor.py:840} INFO - DAG(s) 'dog_api_pipeline' retrieved from /opt/airflow/dags/week_1_dog_api_pipeline.py
[2025-06-16T10:31:00.452+0000] {logging_mixin.py:188} INFO - [2025-06-16T10:31:00.452+0000] {dag.py:3033} INFO - Sync 1 DAGs
[2025-06-16T10:31:00.477+0000] {logging_mixin.py:188} INFO - [2025-06-16T10:31:00.477+0000] {dag.py:3820} INFO - Setting next_dagrun for dog_api_pipeline to None, run_after=None
[2025-06-16T10:31:00.498+0000] {processor.py:183} INFO - Processing /opt/airflow/dags/week_1_dog_api_pipeline.py took 0.114 seconds
[2025-06-16T10:31:30.576+0000] {processor.py:161} INFO - Started process (PID=100) to work on /opt/airflow/dags/week_1_dog_api_pipeline.py
[2025-06-16T10:31:30.578+0000] {processor.py:830} INFO - Processing file /opt/airflow/dags/week_1_dog_api_pipeline.py for tasks to queue
[2025-06-16T10:31:30.583+0000] {logging_mixin.py:188} INFO - [2025-06-16T10:31:30.582+0000] {dagbag.py:538} INFO - Filling up the DagBag from /opt/airflow/dags/week_1_dog_api_pipeline.py
[2025-06-16T10:31:30.593+0000] {processor.py:840} INFO - DAG(s) 'dog_api_pipeline' retrieved from /opt/airflow/dags/week_1_dog_api_pipeline.py
[2025-06-16T10:31:30.623+0000] {logging_mixin.py:188} INFO - [2025-06-16T10:31:30.623+0000] {dag.py:3033} INFO - Sync 1 DAGs
[2025-06-16T10:31:30.638+0000] {logging_mixin.py:188} INFO - [2025-06-16T10:31:30.638+0000] {dag.py:3820} INFO - Setting next_dagrun for dog_api_pipeline to None, run_after=None
[2025-06-16T10:31:30.668+0000] {processor.py:183} INFO - Processing /opt/airflow/dags/week_1_dog_api_pipeline.py took 0.095 seconds
[2025-06-16T10:32:01.021+0000] {processor.py:161} INFO - Started process (PID=132) to work on /opt/airflow/dags/week_1_dog_api_pipeline.py
[2025-06-16T10:32:01.022+0000] {processor.py:830} INFO - Processing file /opt/airflow/dags/week_1_dog_api_pipeline.py for tasks to queue
[2025-06-16T10:32:01.024+0000] {logging_mixin.py:188} INFO - [2025-06-16T10:32:01.024+0000] {dagbag.py:538} INFO - Filling up the DagBag from /opt/airflow/dags/week_1_dog_api_pipeline.py
[2025-06-16T10:32:01.033+0000] {processor.py:840} INFO - DAG(s) 'dog_api_pipeline' retrieved from /opt/airflow/dags/week_1_dog_api_pipeline.py
[2025-06-16T10:32:01.063+0000] {logging_mixin.py:188} INFO - [2025-06-16T10:32:01.063+0000] {dag.py:3033} INFO - Sync 1 DAGs
[2025-06-16T10:32:01.078+0000] {logging_mixin.py:188} INFO - [2025-06-16T10:32:01.078+0000] {dag.py:3820} INFO - Setting next_dagrun for dog_api_pipeline to None, run_after=None
[2025-06-16T10:32:01.099+0000] {processor.py:183} INFO - Processing /opt/airflow/dags/week_1_dog_api_pipeline.py took 0.081 seconds
[2025-06-16T10:32:31.432+0000] {processor.py:161} INFO - Started process (PID=155) to work on /opt/airflow/dags/week_1_dog_api_pipeline.py
[2025-06-16T10:32:31.432+0000] {processor.py:830} INFO - Processing file /opt/airflow/dags/week_1_dog_api_pipeline.py for tasks to queue
[2025-06-16T10:32:31.435+0000] {logging_mixin.py:188} INFO - [2025-06-16T10:32:31.435+0000] {dagbag.py:538} INFO - Filling up the DagBag from /opt/airflow/dags/week_1_dog_api_pipeline.py
[2025-06-16T10:32:31.446+0000] {processor.py:840} INFO - DAG(s) 'dog_api_pipeline' retrieved from /opt/airflow/dags/week_1_dog_api_pipeline.py
[2025-06-16T10:32:31.475+0000] {logging_mixin.py:188} INFO - [2025-06-16T10:32:31.475+0000] {dag.py:3033} INFO - Sync 1 DAGs
[2025-06-16T10:32:31.501+0000] {logging_mixin.py:188} INFO - [2025-06-16T10:32:31.501+0000] {dag.py:3820} INFO - Setting next_dagrun for dog_api_pipeline to None, run_after=None
[2025-06-16T10:32:31.550+0000] {processor.py:183} INFO - Processing /opt/airflow/dags/week_1_dog_api_pipeline.py took 0.122 seconds
[2025-06-16T10:33:01.679+0000] {processor.py:161} INFO - Started process (PID=187) to work on /opt/airflow/dags/week_1_dog_api_pipeline.py
[2025-06-16T10:33:01.685+0000] {processor.py:830} INFO - Processing file /opt/airflow/dags/week_1_dog_api_pipeline.py for tasks to queue
[2025-06-16T10:33:01.702+0000] {logging_mixin.py:188} INFO - [2025-06-16T10:33:01.701+0000] {dagbag.py:538} INFO - Filling up the DagBag from /opt/airflow/dags/week_1_dog_api_pipeline.py
[2025-06-16T10:33:01.741+0000] {processor.py:840} INFO - DAG(s) 'dog_api_pipeline' retrieved from /opt/airflow/dags/week_1_dog_api_pipeline.py
[2025-06-16T10:33:01.831+0000] {logging_mixin.py:188} INFO - [2025-06-16T10:33:01.830+0000] {dag.py:3033} INFO - Sync 1 DAGs
[2025-06-16T10:33:01.868+0000] {logging_mixin.py:188} INFO - [2025-06-16T10:33:01.866+0000] {dag.py:3820} INFO - Setting next_dagrun for dog_api_pipeline to None, run_after=None
[2025-06-16T10:33:01.916+0000] {processor.py:183} INFO - Processing /opt/airflow/dags/week_1_dog_api_pipeline.py took 0.241 seconds
[2025-06-16T10:33:32.036+0000] {processor.py:161} INFO - Started process (PID=208) to work on /opt/airflow/dags/week_1_dog_api_pipeline.py
[2025-06-16T10:33:32.041+0000] {processor.py:830} INFO - Processing file /opt/airflow/dags/week_1_dog_api_pipeline.py for tasks to queue
[2025-06-16T10:33:32.046+0000] {logging_mixin.py:188} INFO - [2025-06-16T10:33:32.046+0000] {dagbag.py:538} INFO - Filling up the DagBag from /opt/airflow/dags/week_1_dog_api_pipeline.py
[2025-06-16T10:33:32.067+0000] {processor.py:840} INFO - DAG(s) 'dog_api_pipeline' retrieved from /opt/airflow/dags/week_1_dog_api_pipeline.py
[2025-06-16T10:33:32.101+0000] {logging_mixin.py:188} INFO - [2025-06-16T10:33:32.101+0000] {dag.py:3033} INFO - Sync 1 DAGs
[2025-06-16T10:33:32.135+0000] {logging_mixin.py:188} INFO - [2025-06-16T10:33:32.135+0000] {dag.py:3820} INFO - Setting next_dagrun for dog_api_pipeline to None, run_after=None
[2025-06-16T10:33:32.164+0000] {processor.py:183} INFO - Processing /opt/airflow/dags/week_1_dog_api_pipeline.py took 0.136 seconds
[2025-06-16T10:34:02.361+0000] {processor.py:161} INFO - Started process (PID=232) to work on /opt/airflow/dags/week_1_dog_api_pipeline.py
[2025-06-16T10:34:02.362+0000] {processor.py:830} INFO - Processing file /opt/airflow/dags/week_1_dog_api_pipeline.py for tasks to queue
[2025-06-16T10:34:02.367+0000] {logging_mixin.py:188} INFO - [2025-06-16T10:34:02.367+0000] {dagbag.py:538} INFO - Filling up the DagBag from /opt/airflow/dags/week_1_dog_api_pipeline.py
[2025-06-16T10:34:02.383+0000] {processor.py:840} INFO - DAG(s) 'dog_api_pipeline' retrieved from /opt/airflow/dags/week_1_dog_api_pipeline.py
[2025-06-16T10:34:02.424+0000] {logging_mixin.py:188} INFO - [2025-06-16T10:34:02.424+0000] {dag.py:3033} INFO - Sync 1 DAGs
[2025-06-16T10:34:02.442+0000] {logging_mixin.py:188} INFO - [2025-06-16T10:34:02.442+0000] {dag.py:3820} INFO - Setting next_dagrun for dog_api_pipeline to None, run_after=None
[2025-06-16T10:34:02.462+0000] {processor.py:183} INFO - Processing /opt/airflow/dags/week_1_dog_api_pipeline.py took 0.105 seconds
[2025-06-16T10:34:32.759+0000] {processor.py:161} INFO - Started process (PID=255) to work on /opt/airflow/dags/week_1_dog_api_pipeline.py
[2025-06-16T10:34:32.760+0000] {processor.py:830} INFO - Processing file /opt/airflow/dags/week_1_dog_api_pipeline.py for tasks to queue
[2025-06-16T10:34:32.762+0000] {logging_mixin.py:188} INFO - [2025-06-16T10:34:32.762+0000] {dagbag.py:538} INFO - Filling up the DagBag from /opt/airflow/dags/week_1_dog_api_pipeline.py
[2025-06-16T10:34:32.771+0000] {processor.py:840} INFO - DAG(s) 'dog_api_pipeline' retrieved from /opt/airflow/dags/week_1_dog_api_pipeline.py
[2025-06-16T10:34:32.800+0000] {logging_mixin.py:188} INFO - [2025-06-16T10:34:32.800+0000] {dag.py:3033} INFO - Sync 1 DAGs
[2025-06-16T10:34:32.814+0000] {logging_mixin.py:188} INFO - [2025-06-16T10:34:32.814+0000] {dag.py:3820} INFO - Setting next_dagrun for dog_api_pipeline to None, run_after=None
[2025-06-16T10:34:32.881+0000] {processor.py:183} INFO - Processing /opt/airflow/dags/week_1_dog_api_pipeline.py took 0.126 seconds
[2025-06-16T10:35:00.334+0000] {processor.py:161} INFO - Started process (PID=284) to work on /opt/airflow/dags/week_1_dog_api_pipeline.py
[2025-06-16T10:35:00.335+0000] {processor.py:830} INFO - Processing file /opt/airflow/dags/week_1_dog_api_pipeline.py for tasks to queue
[2025-06-16T10:35:00.339+0000] {logging_mixin.py:188} INFO - [2025-06-16T10:35:00.338+0000] {dagbag.py:538} INFO - Filling up the DagBag from /opt/airflow/dags/week_1_dog_api_pipeline.py
[2025-06-16T10:35:00.356+0000] {processor.py:840} INFO - DAG(s) 'wdog_api_pipeline' retrieved from /opt/airflow/dags/week_1_dog_api_pipeline.py
[2025-06-16T10:35:00.614+0000] {logging_mixin.py:188} INFO - [2025-06-16T10:35:00.612+0000] {override.py:1769} INFO - Created Permission View: can delete on DAG:wdog_api_pipeline
[2025-06-16T10:35:00.626+0000] {logging_mixin.py:188} INFO - [2025-06-16T10:35:00.625+0000] {override.py:1769} INFO - Created Permission View: can edit on DAG:wdog_api_pipeline
[2025-06-16T10:35:00.643+0000] {logging_mixin.py:188} INFO - [2025-06-16T10:35:00.643+0000] {override.py:1769} INFO - Created Permission View: can read on DAG:wdog_api_pipeline
[2025-06-16T10:35:00.644+0000] {logging_mixin.py:188} INFO - [2025-06-16T10:35:00.644+0000] {dag.py:3033} INFO - Sync 1 DAGs
[2025-06-16T10:35:00.664+0000] {logging_mixin.py:188} INFO - [2025-06-16T10:35:00.664+0000] {dag.py:3055} INFO - Creating ORM DAG for wdog_api_pipeline
[2025-06-16T10:35:00.665+0000] {logging_mixin.py:188} INFO - [2025-06-16T10:35:00.664+0000] {dag.py:3820} INFO - Setting next_dagrun for wdog_api_pipeline to None, run_after=None
[2025-06-16T10:35:00.699+0000] {processor.py:183} INFO - Processing /opt/airflow/dags/week_1_dog_api_pipeline.py took 0.370 seconds
[2025-06-16T10:35:02.655+0000] {processor.py:161} INFO - Started process (PID=286) to work on /opt/airflow/dags/week_1_dog_api_pipeline.py
[2025-06-16T10:35:02.656+0000] {processor.py:830} INFO - Processing file /opt/airflow/dags/week_1_dog_api_pipeline.py for tasks to queue
[2025-06-16T10:35:02.659+0000] {logging_mixin.py:188} INFO - [2025-06-16T10:35:02.658+0000] {dagbag.py:538} INFO - Filling up the DagBag from /opt/airflow/dags/week_1_dog_api_pipeline.py
[2025-06-16T10:35:02.671+0000] {processor.py:840} INFO - DAG(s) 'weekdog_api_pipeline' retrieved from /opt/airflow/dags/week_1_dog_api_pipeline.py
[2025-06-16T10:35:02.800+0000] {logging_mixin.py:188} INFO - [2025-06-16T10:35:02.799+0000] {override.py:1769} INFO - Created Permission View: can delete on DAG:weekdog_api_pipeline
[2025-06-16T10:35:02.814+0000] {logging_mixin.py:188} INFO - [2025-06-16T10:35:02.814+0000] {override.py:1769} INFO - Created Permission View: can edit on DAG:weekdog_api_pipeline
[2025-06-16T10:35:02.820+0000] {logging_mixin.py:188} INFO - [2025-06-16T10:35:02.820+0000] {override.py:1769} INFO - Created Permission View: can read on DAG:weekdog_api_pipeline
[2025-06-16T10:35:02.821+0000] {logging_mixin.py:188} INFO - [2025-06-16T10:35:02.820+0000] {dag.py:3033} INFO - Sync 1 DAGs
[2025-06-16T10:35:02.833+0000] {logging_mixin.py:188} INFO - [2025-06-16T10:35:02.833+0000] {dag.py:3055} INFO - Creating ORM DAG for weekdog_api_pipeline
[2025-06-16T10:35:02.834+0000] {logging_mixin.py:188} INFO - [2025-06-16T10:35:02.834+0000] {dag.py:3820} INFO - Setting next_dagrun for weekdog_api_pipeline to None, run_after=None
[2025-06-16T10:35:02.849+0000] {processor.py:183} INFO - Processing /opt/airflow/dags/week_1_dog_api_pipeline.py took 0.198 seconds
[2025-06-16T10:35:04.777+0000] {processor.py:161} INFO - Started process (PID=288) to work on /opt/airflow/dags/week_1_dog_api_pipeline.py
[2025-06-16T10:35:04.778+0000] {processor.py:830} INFO - Processing file /opt/airflow/dags/week_1_dog_api_pipeline.py for tasks to queue
[2025-06-16T10:35:04.779+0000] {logging_mixin.py:188} INFO - [2025-06-16T10:35:04.779+0000] {dagbag.py:538} INFO - Filling up the DagBag from /opt/airflow/dags/week_1_dog_api_pipeline.py
[2025-06-16T10:35:04.787+0000] {processor.py:840} INFO - DAG(s) 'week_1_dog_api_pipeline' retrieved from /opt/airflow/dags/week_1_dog_api_pipeline.py
[2025-06-16T10:35:04.878+0000] {logging_mixin.py:188} INFO - [2025-06-16T10:35:04.877+0000] {override.py:1769} INFO - Created Permission View: can delete on DAG:week_1_dog_api_pipeline
[2025-06-16T10:35:04.886+0000] {logging_mixin.py:188} INFO - [2025-06-16T10:35:04.886+0000] {override.py:1769} INFO - Created Permission View: can edit on DAG:week_1_dog_api_pipeline
[2025-06-16T10:35:04.892+0000] {logging_mixin.py:188} INFO - [2025-06-16T10:35:04.892+0000] {override.py:1769} INFO - Created Permission View: can read on DAG:week_1_dog_api_pipeline
[2025-06-16T10:35:04.893+0000] {logging_mixin.py:188} INFO - [2025-06-16T10:35:04.893+0000] {dag.py:3033} INFO - Sync 1 DAGs
[2025-06-16T10:35:04.906+0000] {logging_mixin.py:188} INFO - [2025-06-16T10:35:04.906+0000] {dag.py:3055} INFO - Creating ORM DAG for week_1_dog_api_pipeline
[2025-06-16T10:35:04.907+0000] {logging_mixin.py:188} INFO - [2025-06-16T10:35:04.907+0000] {dag.py:3820} INFO - Setting next_dagrun for week_1_dog_api_pipeline to None, run_after=None
[2025-06-16T10:35:04.925+0000] {processor.py:183} INFO - Processing /opt/airflow/dags/week_1_dog_api_pipeline.py took 0.151 seconds
[2025-06-16T10:35:35.227+0000] {processor.py:161} INFO - Started process (PID=312) to work on /opt/airflow/dags/week_1_dog_api_pipeline.py
[2025-06-16T10:35:35.228+0000] {processor.py:830} INFO - Processing file /opt/airflow/dags/week_1_dog_api_pipeline.py for tasks to queue
[2025-06-16T10:35:35.230+0000] {logging_mixin.py:188} INFO - [2025-06-16T10:35:35.230+0000] {dagbag.py:538} INFO - Filling up the DagBag from /opt/airflow/dags/week_1_dog_api_pipeline.py
[2025-06-16T10:35:35.236+0000] {processor.py:840} INFO - DAG(s) 'week_1_dog_api_pipeline' retrieved from /opt/airflow/dags/week_1_dog_api_pipeline.py
[2025-06-16T10:35:35.257+0000] {logging_mixin.py:188} INFO - [2025-06-16T10:35:35.257+0000] {dag.py:3033} INFO - Sync 1 DAGs
[2025-06-16T10:35:35.267+0000] {logging_mixin.py:188} INFO - [2025-06-16T10:35:35.267+0000] {dag.py:3820} INFO - Setting next_dagrun for week_1_dog_api_pipeline to None, run_after=None
[2025-06-16T10:35:35.280+0000] {processor.py:183} INFO - Processing /opt/airflow/dags/week_1_dog_api_pipeline.py took 0.056 seconds
[2025-06-16T10:36:05.340+0000] {processor.py:161} INFO - Started process (PID=335) to work on /opt/airflow/dags/week_1_dog_api_pipeline.py
[2025-06-16T10:36:05.341+0000] {processor.py:830} INFO - Processing file /opt/airflow/dags/week_1_dog_api_pipeline.py for tasks to queue
[2025-06-16T10:36:05.343+0000] {logging_mixin.py:188} INFO - [2025-06-16T10:36:05.342+0000] {dagbag.py:538} INFO - Filling up the DagBag from /opt/airflow/dags/week_1_dog_api_pipeline.py
[2025-06-16T10:36:05.349+0000] {processor.py:840} INFO - DAG(s) 'week_1_dog_api_pipeline' retrieved from /opt/airflow/dags/week_1_dog_api_pipeline.py
[2025-06-16T10:36:05.370+0000] {logging_mixin.py:188} INFO - [2025-06-16T10:36:05.370+0000] {dag.py:3033} INFO - Sync 1 DAGs
[2025-06-16T10:36:05.379+0000] {logging_mixin.py:188} INFO - [2025-06-16T10:36:05.379+0000] {dag.py:3820} INFO - Setting next_dagrun for week_1_dog_api_pipeline to None, run_after=None
[2025-06-16T10:36:05.393+0000] {processor.py:183} INFO - Processing /opt/airflow/dags/week_1_dog_api_pipeline.py took 0.055 seconds
[2025-06-16T10:36:32.714+0000] {processor.py:161} INFO - Started process (PID=366) to work on /opt/airflow/dags/week_1_dog_api_pipeline.py
[2025-06-16T10:36:32.716+0000] {processor.py:830} INFO - Processing file /opt/airflow/dags/week_1_dog_api_pipeline.py for tasks to queue
[2025-06-16T10:36:32.719+0000] {logging_mixin.py:188} INFO - [2025-06-16T10:36:32.717+0000] {dagbag.py:538} INFO - Filling up the DagBag from /opt/airflow/dags/week_1_dog_api_pipeline.py
[2025-06-16T10:36:32.746+0000] {processor.py:840} INFO - DAG(s) 'week_1_dog_api_pipeline' retrieved from /opt/airflow/dags/week_1_dog_api_pipeline.py
[2025-06-16T10:36:32.810+0000] {logging_mixin.py:188} INFO - [2025-06-16T10:36:32.810+0000] {dag.py:3033} INFO - Sync 1 DAGs
[2025-06-16T10:36:32.839+0000] {logging_mixin.py:188} INFO - [2025-06-16T10:36:32.837+0000] {dag.py:3820} INFO - Setting next_dagrun for week_1_dog_api_pipeline to None, run_after=None
[2025-06-16T10:36:32.886+0000] {processor.py:183} INFO - Processing /opt/airflow/dags/week_1_dog_api_pipeline.py took 0.186 seconds
[2025-06-16T10:38:24.360+0000] {processor.py:161} INFO - Started process (PID=43) to work on /opt/airflow/dags/week_1_dog_api_pipeline.py
[2025-06-16T10:38:24.364+0000] {processor.py:830} INFO - Processing file /opt/airflow/dags/week_1_dog_api_pipeline.py for tasks to queue
[2025-06-16T10:38:24.374+0000] {logging_mixin.py:188} INFO - [2025-06-16T10:38:24.373+0000] {dagbag.py:538} INFO - Filling up the DagBag from /opt/airflow/dags/week_1_dog_api_pipeline.py
[2025-06-16T10:38:24.432+0000] {processor.py:840} INFO - DAG(s) 'week_1_dog_api_pipeline' retrieved from /opt/airflow/dags/week_1_dog_api_pipeline.py
[2025-06-16T10:38:24.747+0000] {logging_mixin.py:188} INFO - [2025-06-16T10:38:24.743+0000] {dag.py:3033} INFO - Sync 1 DAGs
[2025-06-16T10:38:24.804+0000] {logging_mixin.py:188} INFO - [2025-06-16T10:38:24.804+0000] {dag.py:3820} INFO - Setting next_dagrun for week_1_dog_api_pipeline to None, run_after=None
[2025-06-16T10:38:24.852+0000] {processor.py:183} INFO - Processing /opt/airflow/dags/week_1_dog_api_pipeline.py took 0.508 seconds
[2025-06-16T10:38:54.882+0000] {processor.py:161} INFO - Started process (PID=67) to work on /opt/airflow/dags/week_1_dog_api_pipeline.py
[2025-06-16T10:38:54.883+0000] {processor.py:830} INFO - Processing file /opt/airflow/dags/week_1_dog_api_pipeline.py for tasks to queue
[2025-06-16T10:38:54.885+0000] {logging_mixin.py:188} INFO - [2025-06-16T10:38:54.885+0000] {dagbag.py:538} INFO - Filling up the DagBag from /opt/airflow/dags/week_1_dog_api_pipeline.py
[2025-06-16T10:38:54.895+0000] {processor.py:840} INFO - DAG(s) 'week_1_dog_api_pipeline' retrieved from /opt/airflow/dags/week_1_dog_api_pipeline.py
[2025-06-16T10:38:54.931+0000] {logging_mixin.py:188} INFO - [2025-06-16T10:38:54.931+0000] {dag.py:3033} INFO - Sync 1 DAGs
[2025-06-16T10:38:54.946+0000] {logging_mixin.py:188} INFO - [2025-06-16T10:38:54.946+0000] {dag.py:3820} INFO - Setting next_dagrun for week_1_dog_api_pipeline to None, run_after=None
[2025-06-16T10:38:54.963+0000] {processor.py:183} INFO - Processing /opt/airflow/dags/week_1_dog_api_pipeline.py took 0.085 seconds
[2025-06-16T10:39:25.379+0000] {processor.py:161} INFO - Started process (PID=99) to work on /opt/airflow/dags/week_1_dog_api_pipeline.py
[2025-06-16T10:39:25.383+0000] {processor.py:830} INFO - Processing file /opt/airflow/dags/week_1_dog_api_pipeline.py for tasks to queue
[2025-06-16T10:39:25.385+0000] {logging_mixin.py:188} INFO - [2025-06-16T10:39:25.385+0000] {dagbag.py:538} INFO - Filling up the DagBag from /opt/airflow/dags/week_1_dog_api_pipeline.py
[2025-06-16T10:39:25.398+0000] {processor.py:840} INFO - DAG(s) 'week_1_dog_api_pipeline' retrieved from /opt/airflow/dags/week_1_dog_api_pipeline.py
[2025-06-16T10:39:25.452+0000] {logging_mixin.py:188} INFO - [2025-06-16T10:39:25.452+0000] {dag.py:3033} INFO - Sync 1 DAGs
[2025-06-16T10:39:25.479+0000] {logging_mixin.py:188} INFO - [2025-06-16T10:39:25.478+0000] {dag.py:3820} INFO - Setting next_dagrun for week_1_dog_api_pipeline to None, run_after=None
[2025-06-16T10:39:25.496+0000] {processor.py:183} INFO - Processing /opt/airflow/dags/week_1_dog_api_pipeline.py took 0.151 seconds
[2025-06-16T10:39:55.746+0000] {processor.py:161} INFO - Started process (PID=122) to work on /opt/airflow/dags/week_1_dog_api_pipeline.py
[2025-06-16T10:39:55.746+0000] {processor.py:830} INFO - Processing file /opt/airflow/dags/week_1_dog_api_pipeline.py for tasks to queue
[2025-06-16T10:39:55.749+0000] {logging_mixin.py:188} INFO - [2025-06-16T10:39:55.748+0000] {dagbag.py:538} INFO - Filling up the DagBag from /opt/airflow/dags/week_1_dog_api_pipeline.py
[2025-06-16T10:39:55.758+0000] {processor.py:840} INFO - DAG(s) 'week_1_dog_api_pipeline' retrieved from /opt/airflow/dags/week_1_dog_api_pipeline.py
[2025-06-16T10:39:55.787+0000] {logging_mixin.py:188} INFO - [2025-06-16T10:39:55.787+0000] {dag.py:3033} INFO - Sync 1 DAGs
[2025-06-16T10:39:55.802+0000] {logging_mixin.py:188} INFO - [2025-06-16T10:39:55.802+0000] {dag.py:3820} INFO - Setting next_dagrun for week_1_dog_api_pipeline to None, run_after=None
[2025-06-16T10:39:55.821+0000] {processor.py:183} INFO - Processing /opt/airflow/dags/week_1_dog_api_pipeline.py took 0.078 seconds
[2025-06-16T10:40:26.191+0000] {processor.py:161} INFO - Started process (PID=146) to work on /opt/airflow/dags/week_1_dog_api_pipeline.py
[2025-06-16T10:40:26.194+0000] {processor.py:830} INFO - Processing file /opt/airflow/dags/week_1_dog_api_pipeline.py for tasks to queue
[2025-06-16T10:40:26.197+0000] {logging_mixin.py:188} INFO - [2025-06-16T10:40:26.197+0000] {dagbag.py:538} INFO - Filling up the DagBag from /opt/airflow/dags/week_1_dog_api_pipeline.py
[2025-06-16T10:40:26.206+0000] {processor.py:840} INFO - DAG(s) 'week_1_dog_api_pipeline' retrieved from /opt/airflow/dags/week_1_dog_api_pipeline.py
[2025-06-16T10:40:26.235+0000] {logging_mixin.py:188} INFO - [2025-06-16T10:40:26.235+0000] {dag.py:3033} INFO - Sync 1 DAGs
[2025-06-16T10:40:26.268+0000] {logging_mixin.py:188} INFO - [2025-06-16T10:40:26.267+0000] {dag.py:3820} INFO - Setting next_dagrun for week_1_dog_api_pipeline to None, run_after=None
[2025-06-16T10:40:26.286+0000] {processor.py:183} INFO - Processing /opt/airflow/dags/week_1_dog_api_pipeline.py took 0.103 seconds
[2025-06-16T10:40:56.824+0000] {processor.py:161} INFO - Started process (PID=178) to work on /opt/airflow/dags/week_1_dog_api_pipeline.py
[2025-06-16T10:40:56.825+0000] {processor.py:830} INFO - Processing file /opt/airflow/dags/week_1_dog_api_pipeline.py for tasks to queue
[2025-06-16T10:40:56.827+0000] {logging_mixin.py:188} INFO - [2025-06-16T10:40:56.827+0000] {dagbag.py:538} INFO - Filling up the DagBag from /opt/airflow/dags/week_1_dog_api_pipeline.py
[2025-06-16T10:40:56.837+0000] {processor.py:840} INFO - DAG(s) 'week_1_dog_api_pipeline' retrieved from /opt/airflow/dags/week_1_dog_api_pipeline.py
[2025-06-16T10:40:56.866+0000] {logging_mixin.py:188} INFO - [2025-06-16T10:40:56.866+0000] {dag.py:3033} INFO - Sync 1 DAGs
[2025-06-16T10:40:56.881+0000] {logging_mixin.py:188} INFO - [2025-06-16T10:40:56.881+0000] {dag.py:3820} INFO - Setting next_dagrun for week_1_dog_api_pipeline to None, run_after=None
[2025-06-16T10:40:56.901+0000] {processor.py:183} INFO - Processing /opt/airflow/dags/week_1_dog_api_pipeline.py took 0.080 seconds
[2025-06-16T10:41:26.973+0000] {processor.py:161} INFO - Started process (PID=202) to work on /opt/airflow/dags/week_1_dog_api_pipeline.py
[2025-06-16T10:41:26.976+0000] {processor.py:830} INFO - Processing file /opt/airflow/dags/week_1_dog_api_pipeline.py for tasks to queue
[2025-06-16T10:41:26.996+0000] {logging_mixin.py:188} INFO - [2025-06-16T10:41:26.995+0000] {dagbag.py:538} INFO - Filling up the DagBag from /opt/airflow/dags/week_1_dog_api_pipeline.py
[2025-06-16T10:41:27.020+0000] {processor.py:840} INFO - DAG(s) 'week_1_dog_api_pipeline' retrieved from /opt/airflow/dags/week_1_dog_api_pipeline.py
[2025-06-16T10:41:27.091+0000] {logging_mixin.py:188} INFO - [2025-06-16T10:41:27.091+0000] {dag.py:3033} INFO - Sync 1 DAGs
[2025-06-16T10:41:27.124+0000] {logging_mixin.py:188} INFO - [2025-06-16T10:41:27.122+0000] {dag.py:3820} INFO - Setting next_dagrun for week_1_dog_api_pipeline to None, run_after=None
[2025-06-16T10:41:27.174+0000] {processor.py:183} INFO - Processing /opt/airflow/dags/week_1_dog_api_pipeline.py took 0.213 seconds
[2025-06-16T10:41:57.413+0000] {processor.py:161} INFO - Started process (PID=233) to work on /opt/airflow/dags/week_1_dog_api_pipeline.py
[2025-06-16T10:41:57.416+0000] {processor.py:830} INFO - Processing file /opt/airflow/dags/week_1_dog_api_pipeline.py for tasks to queue
[2025-06-16T10:41:57.421+0000] {logging_mixin.py:188} INFO - [2025-06-16T10:41:57.421+0000] {dagbag.py:538} INFO - Filling up the DagBag from /opt/airflow/dags/week_1_dog_api_pipeline.py
[2025-06-16T10:41:57.441+0000] {processor.py:840} INFO - DAG(s) 'week_1_dog_api_pipeline' retrieved from /opt/airflow/dags/week_1_dog_api_pipeline.py
[2025-06-16T10:41:57.522+0000] {logging_mixin.py:188} INFO - [2025-06-16T10:41:57.522+0000] {dag.py:3033} INFO - Sync 1 DAGs
[2025-06-16T10:41:57.567+0000] {logging_mixin.py:188} INFO - [2025-06-16T10:41:57.567+0000] {dag.py:3820} INFO - Setting next_dagrun for week_1_dog_api_pipeline to None, run_after=None
[2025-06-16T10:41:57.647+0000] {processor.py:183} INFO - Processing /opt/airflow/dags/week_1_dog_api_pipeline.py took 0.250 seconds
