[2025-06-19T11:31:17.281+0000] {taskinstance.py:1957} INFO - Dependencies all met for dep_context=non-requeueable deps ti=<TaskInstance: week_3_weather_api_dag.get_weather_data scheduled__2025-06-19T06:00:00+00:00 [queued]>
[2025-06-19T11:31:17.313+0000] {taskinstance.py:1957} INFO - Dependencies all met for dep_context=requeueable deps ti=<TaskInstance: week_3_weather_api_dag.get_weather_data scheduled__2025-06-19T06:00:00+00:00 [queued]>
[2025-06-19T11:31:17.315+0000] {taskinstance.py:2171} INFO - Starting attempt 1 of 1
[2025-06-19T11:31:17.368+0000] {taskinstance.py:2192} INFO - Executing <Task(PythonOperator): get_weather_data> on 2025-06-19 06:00:00+00:00
[2025-06-19T11:31:17.390+0000] {standard_task_runner.py:60} INFO - Started process 1064 to run task
[2025-06-19T11:31:17.404+0000] {standard_task_runner.py:87} INFO - Running: ['***', 'tasks', 'run', 'week_3_weather_api_dag', 'get_weather_data', 'scheduled__2025-06-19T06:00:00+00:00', '--job-id', '24', '--raw', '--subdir', 'DAGS_FOLDER/week_3_weather_api_dag.py', '--cfg-path', '/tmp/tmpyd3e45jf']
[2025-06-19T11:31:17.408+0000] {standard_task_runner.py:88} INFO - Job 24: Subtask get_weather_data
[2025-06-19T11:31:17.588+0000] {task_command.py:423} INFO - Running <TaskInstance: week_3_weather_api_dag.get_weather_data scheduled__2025-06-19T06:00:00+00:00 [running]> on host 77bf71b7bc3a
[2025-06-19T11:31:17.809+0000] {taskinstance.py:2481} INFO - Exporting env vars: AIRFLOW_CTX_DAG_OWNER='***' AIRFLOW_CTX_DAG_ID='week_3_weather_api_dag' AIRFLOW_CTX_TASK_ID='get_weather_data' AIRFLOW_CTX_EXECUTION_DATE='2025-06-19T06:00:00+00:00' AIRFLOW_CTX_TRY_NUMBER='1' AIRFLOW_CTX_DAG_RUN_ID='scheduled__2025-06-19T06:00:00+00:00'
[2025-06-19T11:31:18.271+0000] {logging_mixin.py:188} INFO - https://api.openweathermap.org/data/2.5/weather?q=bangkok&appid=***&units=metric
[2025-06-19T11:31:18.271+0000] {logging_mixin.py:188} INFO - {'coord': {'lon': 100.5167, 'lat': 13.75}, 'weather': [{'id': 804, 'main': 'Clouds', 'description': 'overcast clouds', 'icon': '04d'}], 'base': 'stations', 'main': {'temp': 33.94, 'feels_like': 40.94, 'temp_min': 27.94, 'temp_max': 33.94, 'pressure': 1006, 'humidity': 61, 'sea_level': 1006, 'grnd_level': 1006}, 'visibility': 10000, 'wind': {'speed': 8.62, 'deg': 243, 'gust': 13.07}, 'clouds': {'all': 96}, 'dt': 1750332241, 'sys': {'type': 1, 'id': 9235, 'country': 'TH', 'sunrise': 1750287069, 'sunset': 1750333640}, 'timezone': 25200, 'id': 1609350, 'name': 'Bangkok', 'cod': 200}
[2025-06-19T11:31:18.283+0000] {python.py:201} INFO - Done. Returned value was: None
[2025-06-19T11:31:18.341+0000] {taskinstance.py:1138} INFO - Marking task as SUCCESS. dag_id=week_3_weather_api_dag, task_id=get_weather_data, execution_date=20250619T060000, start_date=20250619T113117, end_date=20250619T113118
[2025-06-19T11:31:18.520+0000] {local_task_job_runner.py:234} INFO - Task exited with return code 0
[2025-06-19T11:31:18.574+0000] {taskinstance.py:3281} INFO - 1 downstream tasks scheduled from follow-on schedule check
[2025-06-19T12:06:11.908+0000] {taskinstance.py:1957} INFO - Dependencies all met for dep_context=non-requeueable deps ti=<TaskInstance: week_3_weather_api_dag.get_weather_data scheduled__2025-06-19T06:00:00+00:00 [queued]>
[2025-06-19T12:06:12.025+0000] {taskinstance.py:1957} INFO - Dependencies all met for dep_context=requeueable deps ti=<TaskInstance: week_3_weather_api_dag.get_weather_data scheduled__2025-06-19T06:00:00+00:00 [queued]>
[2025-06-19T12:06:12.026+0000] {taskinstance.py:2171} INFO - Starting attempt 1 of 1
[2025-06-19T12:06:12.138+0000] {taskinstance.py:2192} INFO - Executing <Task(PythonOperator): get_weather_data> on 2025-06-19 06:00:00+00:00
[2025-06-19T12:06:12.205+0000] {standard_task_runner.py:60} INFO - Started process 1586 to run task
[2025-06-19T12:06:12.231+0000] {standard_task_runner.py:87} INFO - Running: ['***', 'tasks', 'run', 'week_3_weather_api_dag', 'get_weather_data', 'scheduled__2025-06-19T06:00:00+00:00', '--job-id', '33', '--raw', '--subdir', 'DAGS_FOLDER/week_3_weather_api_dag.py', '--cfg-path', '/tmp/tmpl22xq1ta']
[2025-06-19T12:06:12.243+0000] {standard_task_runner.py:88} INFO - Job 33: Subtask get_weather_data
[2025-06-19T12:06:12.681+0000] {task_command.py:423} INFO - Running <TaskInstance: week_3_weather_api_dag.get_weather_data scheduled__2025-06-19T06:00:00+00:00 [running]> on host 77bf71b7bc3a
[2025-06-19T12:06:13.261+0000] {taskinstance.py:2481} INFO - Exporting env vars: AIRFLOW_CTX_DAG_OWNER='***' AIRFLOW_CTX_DAG_ID='week_3_weather_api_dag' AIRFLOW_CTX_TASK_ID='get_weather_data' AIRFLOW_CTX_EXECUTION_DATE='2025-06-19T06:00:00+00:00' AIRFLOW_CTX_TRY_NUMBER='1' AIRFLOW_CTX_DAG_RUN_ID='scheduled__2025-06-19T06:00:00+00:00'
[2025-06-19T12:06:13.664+0000] {logging_mixin.py:188} INFO - https://api.openweathermap.org/data/2.5/weather?q=bangkok&appid=***&units=metric
[2025-06-19T12:06:13.670+0000] {logging_mixin.py:188} INFO - {'coord': {'lon': 100.5167, 'lat': 13.75}, 'weather': [{'id': 804, 'main': 'Clouds', 'description': 'overcast clouds', 'icon': '04n'}], 'base': 'stations', 'main': {'temp': 30.32, 'feels_like': 31.04, 'temp_min': 27.94, 'temp_max': 30.52, 'pressure': 1007, 'humidity': 47, 'sea_level': 1007, 'grnd_level': 1007}, 'visibility': 6504, 'wind': {'speed': 6.21, 'deg': 261, 'gust': 9.49}, 'clouds': {'all': 100}, 'dt': 1750334376, 'sys': {'type': 2, 'id': 197969, 'country': 'TH', 'sunrise': 1750287069, 'sunset': 1750333640}, 'timezone': 25200, 'id': 1609350, 'name': 'Bangkok', 'cod': 200}
[2025-06-19T12:06:13.691+0000] {python.py:201} INFO - Done. Returned value was: None
[2025-06-19T12:06:13.768+0000] {taskinstance.py:1138} INFO - Marking task as SUCCESS. dag_id=week_3_weather_api_dag, task_id=get_weather_data, execution_date=20250619T060000, start_date=20250619T120611, end_date=20250619T120613
[2025-06-19T12:06:14.050+0000] {local_task_job_runner.py:234} INFO - Task exited with return code 0
[2025-06-19T12:06:14.332+0000] {taskinstance.py:3281} INFO - 1 downstream tasks scheduled from follow-on schedule check
[2025-06-19T12:19:03.465+0000] {taskinstance.py:1957} INFO - Dependencies all met for dep_context=non-requeueable deps ti=<TaskInstance: week_3_weather_api_dag.get_weather_data scheduled__2025-06-19T06:00:00+00:00 [queued]>
[2025-06-19T12:19:03.615+0000] {taskinstance.py:1957} INFO - Dependencies all met for dep_context=requeueable deps ti=<TaskInstance: week_3_weather_api_dag.get_weather_data scheduled__2025-06-19T06:00:00+00:00 [queued]>
[2025-06-19T12:19:03.621+0000] {taskinstance.py:2171} INFO - Starting attempt 1 of 1
[2025-06-19T12:19:03.760+0000] {taskinstance.py:2192} INFO - Executing <Task(PythonOperator): get_weather_data> on 2025-06-19 06:00:00+00:00
[2025-06-19T12:19:03.812+0000] {standard_task_runner.py:60} INFO - Started process 138 to run task
[2025-06-19T12:19:03.860+0000] {standard_task_runner.py:87} INFO - Running: ['***', 'tasks', 'run', 'week_3_weather_api_dag', 'get_weather_data', 'scheduled__2025-06-19T06:00:00+00:00', '--job-id', '49', '--raw', '--subdir', 'DAGS_FOLDER/week_3_weather_api_dag.py', '--cfg-path', '/tmp/tmpraqzl17t']
[2025-06-19T12:19:03.871+0000] {standard_task_runner.py:88} INFO - Job 49: Subtask get_weather_data
[2025-06-19T12:19:04.311+0000] {task_command.py:423} INFO - Running <TaskInstance: week_3_weather_api_dag.get_weather_data scheduled__2025-06-19T06:00:00+00:00 [running]> on host b96384fab38e
[2025-06-19T12:19:04.982+0000] {taskinstance.py:2481} INFO - Exporting env vars: AIRFLOW_CTX_DAG_OWNER='***' AIRFLOW_CTX_DAG_ID='week_3_weather_api_dag' AIRFLOW_CTX_TASK_ID='get_weather_data' AIRFLOW_CTX_EXECUTION_DATE='2025-06-19T06:00:00+00:00' AIRFLOW_CTX_TRY_NUMBER='1' AIRFLOW_CTX_DAG_RUN_ID='scheduled__2025-06-19T06:00:00+00:00'
[2025-06-19T12:19:05.623+0000] {logging_mixin.py:188} INFO - https://api.openweathermap.org/data/2.5/weather?q=bangkok&appid=***&units=metric
[2025-06-19T12:19:05.634+0000] {logging_mixin.py:188} INFO - {'coord': {'lon': 100.5167, 'lat': 13.75}, 'weather': [{'id': 804, 'main': 'Clouds', 'description': 'overcast clouds', 'icon': '04n'}], 'base': 'stations', 'main': {'temp': 29.77, 'feels_like': 29.77, 'temp_min': 27.73, 'temp_max': 29.96, 'pressure': 1007, 'humidity': 43, 'sea_level': 1007, 'grnd_level': 1007}, 'visibility': 6504, 'wind': {'speed': 6.21, 'deg': 261, 'gust': 9.49}, 'clouds': {'all': 100}, 'dt': 1750335221, 'sys': {'type': 2, 'id': 197969, 'country': 'TH', 'sunrise': 1750287069, 'sunset': 1750333640}, 'timezone': 25200, 'id': 1609350, 'name': 'Bangkok', 'cod': 200}
[2025-06-19T12:19:05.681+0000] {python.py:201} INFO - Done. Returned value was: None
[2025-06-19T12:19:05.783+0000] {taskinstance.py:1138} INFO - Marking task as SUCCESS. dag_id=week_3_weather_api_dag, task_id=get_weather_data, execution_date=20250619T060000, start_date=20250619T121903, end_date=20250619T121905
[2025-06-19T12:19:05.889+0000] {local_task_job_runner.py:234} INFO - Task exited with return code 0
[2025-06-19T12:19:06.040+0000] {taskinstance.py:3281} INFO - 1 downstream tasks scheduled from follow-on schedule check
