[2025-06-19T11:31:16.971+0000] {taskinstance.py:1957} INFO - Dependencies all met for dep_context=non-requeueable deps ti=<TaskInstance: week_3_weather_api_dag.get_weather_data scheduled__2025-06-19T03:00:00+00:00 [queued]>
[2025-06-19T11:31:17.025+0000] {taskinstance.py:1957} INFO - Dependencies all met for dep_context=requeueable deps ti=<TaskInstance: week_3_weather_api_dag.get_weather_data scheduled__2025-06-19T03:00:00+00:00 [queued]>
[2025-06-19T11:31:17.026+0000] {taskinstance.py:2171} INFO - Starting attempt 1 of 1
[2025-06-19T11:31:17.111+0000] {taskinstance.py:2192} INFO - Executing <Task(PythonOperator): get_weather_data> on 2025-06-19 03:00:00+00:00
[2025-06-19T11:31:17.179+0000] {standard_task_runner.py:87} INFO - Running: ['***', 'tasks', 'run', 'week_3_weather_api_dag', 'get_weather_data', 'scheduled__2025-06-19T03:00:00+00:00', '--job-id', '23', '--raw', '--subdir', 'DAGS_FOLDER/week_3_weather_api_dag.py', '--cfg-path', '/tmp/tmp6494gjba']
[2025-06-19T11:31:17.183+0000] {standard_task_runner.py:88} INFO - Job 23: Subtask get_weather_data
[2025-06-19T11:31:17.166+0000] {standard_task_runner.py:60} INFO - Started process 1063 to run task
[2025-06-19T11:31:17.389+0000] {task_command.py:423} INFO - Running <TaskInstance: week_3_weather_api_dag.get_weather_data scheduled__2025-06-19T03:00:00+00:00 [running]> on host 77bf71b7bc3a
[2025-06-19T11:31:17.678+0000] {taskinstance.py:2481} INFO - Exporting env vars: AIRFLOW_CTX_DAG_OWNER='***' AIRFLOW_CTX_DAG_ID='week_3_weather_api_dag' AIRFLOW_CTX_TASK_ID='get_weather_data' AIRFLOW_CTX_EXECUTION_DATE='2025-06-19T03:00:00+00:00' AIRFLOW_CTX_TRY_NUMBER='1' AIRFLOW_CTX_DAG_RUN_ID='scheduled__2025-06-19T03:00:00+00:00'
[2025-06-19T11:31:17.915+0000] {logging_mixin.py:188} INFO - https://api.openweathermap.org/data/2.5/weather?q=bangkok&appid=***&units=metric
[2025-06-19T11:31:17.915+0000] {logging_mixin.py:188} INFO - {'coord': {'lon': 100.5167, 'lat': 13.75}, 'weather': [{'id': 804, 'main': 'Clouds', 'description': 'overcast clouds', 'icon': '04d'}], 'base': 'stations', 'main': {'temp': 33.94, 'feels_like': 40.94, 'temp_min': 27.94, 'temp_max': 33.94, 'pressure': 1006, 'humidity': 61, 'sea_level': 1006, 'grnd_level': 1006}, 'visibility': 10000, 'wind': {'speed': 8.62, 'deg': 243, 'gust': 13.07}, 'clouds': {'all': 96}, 'dt': 1750332241, 'sys': {'type': 1, 'id': 9235, 'country': 'TH', 'sunrise': 1750287069, 'sunset': 1750333640}, 'timezone': 25200, 'id': 1609350, 'name': 'Bangkok', 'cod': 200}
[2025-06-19T11:31:17.925+0000] {python.py:201} INFO - Done. Returned value was: None
[2025-06-19T11:31:17.973+0000] {taskinstance.py:1138} INFO - Marking task as SUCCESS. dag_id=week_3_weather_api_dag, task_id=get_weather_data, execution_date=20250619T030000, start_date=20250619T113116, end_date=20250619T113117
[2025-06-19T11:31:18.189+0000] {local_task_job_runner.py:234} INFO - Task exited with return code 0
[2025-06-19T11:31:18.333+0000] {taskinstance.py:3281} INFO - 0 downstream tasks scheduled from follow-on schedule check
[2025-06-19T12:06:10.972+0000] {taskinstance.py:1957} INFO - Dependencies all met for dep_context=non-requeueable deps ti=<TaskInstance: week_3_weather_api_dag.get_weather_data scheduled__2025-06-19T03:00:00+00:00 [queued]>
[2025-06-19T12:06:11.025+0000] {taskinstance.py:1957} INFO - Dependencies all met for dep_context=requeueable deps ti=<TaskInstance: week_3_weather_api_dag.get_weather_data scheduled__2025-06-19T03:00:00+00:00 [queued]>
[2025-06-19T12:06:11.027+0000] {taskinstance.py:2171} INFO - Starting attempt 1 of 1
[2025-06-19T12:06:11.125+0000] {taskinstance.py:2192} INFO - Executing <Task(PythonOperator): get_weather_data> on 2025-06-19 03:00:00+00:00
[2025-06-19T12:06:11.151+0000] {standard_task_runner.py:60} INFO - Started process 1584 to run task
[2025-06-19T12:06:11.184+0000] {standard_task_runner.py:87} INFO - Running: ['***', 'tasks', 'run', 'week_3_weather_api_dag', 'get_weather_data', 'scheduled__2025-06-19T03:00:00+00:00', '--job-id', '31', '--raw', '--subdir', 'DAGS_FOLDER/week_3_weather_api_dag.py', '--cfg-path', '/tmp/tmp7pqqe7rp']
[2025-06-19T12:06:11.187+0000] {standard_task_runner.py:88} INFO - Job 31: Subtask get_weather_data
[2025-06-19T12:06:11.526+0000] {task_command.py:423} INFO - Running <TaskInstance: week_3_weather_api_dag.get_weather_data scheduled__2025-06-19T03:00:00+00:00 [running]> on host 77bf71b7bc3a
[2025-06-19T12:06:11.897+0000] {taskinstance.py:2481} INFO - Exporting env vars: AIRFLOW_CTX_DAG_OWNER='***' AIRFLOW_CTX_DAG_ID='week_3_weather_api_dag' AIRFLOW_CTX_TASK_ID='get_weather_data' AIRFLOW_CTX_EXECUTION_DATE='2025-06-19T03:00:00+00:00' AIRFLOW_CTX_TRY_NUMBER='1' AIRFLOW_CTX_DAG_RUN_ID='scheduled__2025-06-19T03:00:00+00:00'
[2025-06-19T12:06:12.687+0000] {logging_mixin.py:188} INFO - https://api.openweathermap.org/data/2.5/weather?q=bangkok&appid=***&units=metric
[2025-06-19T12:06:12.694+0000] {logging_mixin.py:188} INFO - {'coord': {'lon': 100.5167, 'lat': 13.75}, 'weather': [{'id': 804, 'main': 'Clouds', 'description': 'overcast clouds', 'icon': '04n'}], 'base': 'stations', 'main': {'temp': 30.32, 'feels_like': 31.04, 'temp_min': 27.94, 'temp_max': 30.52, 'pressure': 1007, 'humidity': 47, 'sea_level': 1007, 'grnd_level': 1007}, 'visibility': 6504, 'wind': {'speed': 6.21, 'deg': 261, 'gust': 9.49}, 'clouds': {'all': 100}, 'dt': 1750334376, 'sys': {'type': 2, 'id': 197969, 'country': 'TH', 'sunrise': 1750287069, 'sunset': 1750333640}, 'timezone': 25200, 'id': 1609350, 'name': 'Bangkok', 'cod': 200}
[2025-06-19T12:06:12.714+0000] {python.py:201} INFO - Done. Returned value was: None
[2025-06-19T12:06:12.812+0000] {taskinstance.py:1138} INFO - Marking task as SUCCESS. dag_id=week_3_weather_api_dag, task_id=get_weather_data, execution_date=20250619T030000, start_date=20250619T120610, end_date=20250619T120612
[2025-06-19T12:06:13.107+0000] {local_task_job_runner.py:234} INFO - Task exited with return code 0
[2025-06-19T12:06:13.280+0000] {taskinstance.py:3281} INFO - 1 downstream tasks scheduled from follow-on schedule check
[2025-06-19T12:19:00.224+0000] {taskinstance.py:1957} INFO - Dependencies all met for dep_context=non-requeueable deps ti=<TaskInstance: week_3_weather_api_dag.get_weather_data scheduled__2025-06-19T03:00:00+00:00 [queued]>
[2025-06-19T12:19:00.391+0000] {taskinstance.py:1957} INFO - Dependencies all met for dep_context=requeueable deps ti=<TaskInstance: week_3_weather_api_dag.get_weather_data scheduled__2025-06-19T03:00:00+00:00 [queued]>
[2025-06-19T12:19:00.425+0000] {taskinstance.py:2171} INFO - Starting attempt 1 of 1
[2025-06-19T12:19:01.405+0000] {taskinstance.py:2192} INFO - Executing <Task(PythonOperator): get_weather_data> on 2025-06-19 03:00:00+00:00
[2025-06-19T12:19:01.456+0000] {standard_task_runner.py:60} INFO - Started process 136 to run task
[2025-06-19T12:19:01.539+0000] {standard_task_runner.py:87} INFO - Running: ['***', 'tasks', 'run', 'week_3_weather_api_dag', 'get_weather_data', 'scheduled__2025-06-19T03:00:00+00:00', '--job-id', '47', '--raw', '--subdir', 'DAGS_FOLDER/week_3_weather_api_dag.py', '--cfg-path', '/tmp/tmpeddqthp8']
[2025-06-19T12:19:01.558+0000] {standard_task_runner.py:88} INFO - Job 47: Subtask get_weather_data
[2025-06-19T12:19:02.289+0000] {task_command.py:423} INFO - Running <TaskInstance: week_3_weather_api_dag.get_weather_data scheduled__2025-06-19T03:00:00+00:00 [running]> on host b96384fab38e
[2025-06-19T12:19:02.721+0000] {taskinstance.py:2481} INFO - Exporting env vars: AIRFLOW_CTX_DAG_OWNER='***' AIRFLOW_CTX_DAG_ID='week_3_weather_api_dag' AIRFLOW_CTX_TASK_ID='get_weather_data' AIRFLOW_CTX_EXECUTION_DATE='2025-06-19T03:00:00+00:00' AIRFLOW_CTX_TRY_NUMBER='1' AIRFLOW_CTX_DAG_RUN_ID='scheduled__2025-06-19T03:00:00+00:00'
[2025-06-19T12:19:03.675+0000] {logging_mixin.py:188} INFO - https://api.openweathermap.org/data/2.5/weather?q=bangkok&appid=***&units=metric
[2025-06-19T12:19:03.679+0000] {logging_mixin.py:188} INFO - {'coord': {'lon': 100.5167, 'lat': 13.75}, 'weather': [{'id': 804, 'main': 'Clouds', 'description': 'overcast clouds', 'icon': '04n'}], 'base': 'stations', 'main': {'temp': 29.77, 'feels_like': 29.77, 'temp_min': 27.73, 'temp_max': 29.96, 'pressure': 1007, 'humidity': 43, 'sea_level': 1007, 'grnd_level': 1007}, 'visibility': 6504, 'wind': {'speed': 6.21, 'deg': 261, 'gust': 9.49}, 'clouds': {'all': 100}, 'dt': 1750334914, 'sys': {'type': 2, 'id': 197969, 'country': 'TH', 'sunrise': 1750287069, 'sunset': 1750333640}, 'timezone': 25200, 'id': 1609350, 'name': 'Bangkok', 'cod': 200}
[2025-06-19T12:19:03.685+0000] {python.py:201} INFO - Done. Returned value was: None
[2025-06-19T12:19:03.712+0000] {taskinstance.py:1138} INFO - Marking task as SUCCESS. dag_id=week_3_weather_api_dag, task_id=get_weather_data, execution_date=20250619T030000, start_date=20250619T121900, end_date=20250619T121903
[2025-06-19T12:19:03.816+0000] {local_task_job_runner.py:234} INFO - Task exited with return code 0
[2025-06-19T12:19:04.084+0000] {taskinstance.py:3281} INFO - 1 downstream tasks scheduled from follow-on schedule check
