[2025-06-19T12:06:13.114+0000] {taskinstance.py:1957} INFO - Dependencies all met for dep_context=non-requeueable deps ti=<TaskInstance: week_3_weather_api_dag.create_weather_table scheduled__2025-06-19T09:00:00+00:00 [queued]>
[2025-06-19T12:06:13.172+0000] {taskinstance.py:1957} INFO - Dependencies all met for dep_context=requeueable deps ti=<TaskInstance: week_3_weather_api_dag.create_weather_table scheduled__2025-06-19T09:00:00+00:00 [queued]>
[2025-06-19T12:06:13.180+0000] {taskinstance.py:2171} INFO - Starting attempt 1 of 1
[2025-06-19T12:06:13.329+0000] {taskinstance.py:2192} INFO - Executing <Task(PythonOperator): create_weather_table> on 2025-06-19 09:00:00+00:00
[2025-06-19T12:06:13.390+0000] {standard_task_runner.py:60} INFO - Started process 1589 to run task
[2025-06-19T12:06:13.399+0000] {standard_task_runner.py:87} INFO - Running: ['***', 'tasks', 'run', 'week_3_weather_api_dag', 'create_weather_table', 'scheduled__2025-06-19T09:00:00+00:00', '--job-id', '35', '--raw', '--subdir', 'DAGS_FOLDER/week_3_weather_api_dag.py', '--cfg-path', '/tmp/tmpqiliznq_']
[2025-06-19T12:06:13.417+0000] {standard_task_runner.py:88} INFO - Job 35: Subtask create_weather_table
[2025-06-19T12:06:13.670+0000] {task_command.py:423} INFO - Running <TaskInstance: week_3_weather_api_dag.create_weather_table scheduled__2025-06-19T09:00:00+00:00 [running]> on host 77bf71b7bc3a
[2025-06-19T12:06:14.344+0000] {taskinstance.py:2481} INFO - Exporting env vars: AIRFLOW_CTX_DAG_OWNER='***' AIRFLOW_CTX_DAG_ID='week_3_weather_api_dag' AIRFLOW_CTX_TASK_ID='create_weather_table' AIRFLOW_CTX_EXECUTION_DATE='2025-06-19T09:00:00+00:00' AIRFLOW_CTX_TRY_NUMBER='1' AIRFLOW_CTX_DAG_RUN_ID='scheduled__2025-06-19T09:00:00+00:00'
[2025-06-19T12:06:14.424+0000] {taskinstance.py:2699} ERROR - Task failed with exception
Traceback (most recent call last):
  File "/home/airflow/.local/lib/python3.8/site-packages/airflow/models/taskinstance.py", line 433, in _execute_task
    result = execute_callable(context=context, **execute_callable_kwargs)
  File "/home/airflow/.local/lib/python3.8/site-packages/airflow/operators/python.py", line 199, in execute
    return_value = self.execute_callable()
  File "/home/airflow/.local/lib/python3.8/site-packages/airflow/operators/python.py", line 216, in execute_callable
    return self.python_callable(*self.op_args, **self.op_kwargs)
  File "/opt/airflow/dags/week_3_weather_api_dag.py", line 44, in _create_weather_table
    connection = pg_hook.get_conn()
  File "/home/airflow/.local/lib/python3.8/site-packages/airflow/providers/postgres/hooks/postgres.py", line 128, in get_conn
    conn = deepcopy(self.connection or self.get_connection(conn_id))
  File "/home/airflow/.local/lib/python3.8/site-packages/airflow/hooks/base.py", line 82, in get_connection
    conn = Connection.get_connection_from_secrets(conn_id)
  File "/home/airflow/.local/lib/python3.8/site-packages/airflow/models/connection.py", line 479, in get_connection_from_secrets
    raise AirflowNotFoundException(f"The conn_id `{conn_id}` isn't defined")
airflow.exceptions.AirflowNotFoundException: The conn_id `weather_postgres_conn` isn't defined
[2025-06-19T12:06:14.451+0000] {taskinstance.py:1138} INFO - Marking task as FAILED. dag_id=week_3_weather_api_dag, task_id=create_weather_table, execution_date=20250619T090000, start_date=20250619T120613, end_date=20250619T120614
[2025-06-19T12:06:14.639+0000] {standard_task_runner.py:107} ERROR - Failed to execute job 35 for task create_weather_table (The conn_id `weather_postgres_conn` isn't defined; 1589)
[2025-06-19T12:06:14.777+0000] {local_task_job_runner.py:234} INFO - Task exited with return code 1
[2025-06-19T12:06:15.007+0000] {taskinstance.py:3281} INFO - 0 downstream tasks scheduled from follow-on schedule check
[2025-06-19T12:19:04.080+0000] {taskinstance.py:1957} INFO - Dependencies all met for dep_context=non-requeueable deps ti=<TaskInstance: week_3_weather_api_dag.create_weather_table scheduled__2025-06-19T09:00:00+00:00 [queued]>
[2025-06-19T12:19:04.208+0000] {taskinstance.py:1957} INFO - Dependencies all met for dep_context=requeueable deps ti=<TaskInstance: week_3_weather_api_dag.create_weather_table scheduled__2025-06-19T09:00:00+00:00 [queued]>
[2025-06-19T12:19:04.209+0000] {taskinstance.py:2171} INFO - Starting attempt 1 of 1
[2025-06-19T12:19:04.346+0000] {taskinstance.py:2192} INFO - Executing <Task(PythonOperator): create_weather_table> on 2025-06-19 09:00:00+00:00
[2025-06-19T12:19:04.363+0000] {standard_task_runner.py:60} INFO - Started process 140 to run task
[2025-06-19T12:19:04.384+0000] {standard_task_runner.py:87} INFO - Running: ['***', 'tasks', 'run', 'week_3_weather_api_dag', 'create_weather_table', 'scheduled__2025-06-19T09:00:00+00:00', '--job-id', '51', '--raw', '--subdir', 'DAGS_FOLDER/week_3_weather_api_dag.py', '--cfg-path', '/tmp/tmpgdgtzlr4']
[2025-06-19T12:19:04.401+0000] {standard_task_runner.py:88} INFO - Job 51: Subtask create_weather_table
[2025-06-19T12:19:04.774+0000] {task_command.py:423} INFO - Running <TaskInstance: week_3_weather_api_dag.create_weather_table scheduled__2025-06-19T09:00:00+00:00 [running]> on host b96384fab38e
[2025-06-19T12:19:05.378+0000] {taskinstance.py:2481} INFO - Exporting env vars: AIRFLOW_CTX_DAG_OWNER='***' AIRFLOW_CTX_DAG_ID='week_3_weather_api_dag' AIRFLOW_CTX_TASK_ID='create_weather_table' AIRFLOW_CTX_EXECUTION_DATE='2025-06-19T09:00:00+00:00' AIRFLOW_CTX_TRY_NUMBER='1' AIRFLOW_CTX_DAG_RUN_ID='scheduled__2025-06-19T09:00:00+00:00'
[2025-06-19T12:19:05.464+0000] {base.py:83} INFO - Using connection ID 'weather_***_conn' for task execution.
[2025-06-19T12:19:05.476+0000] {python.py:201} INFO - Done. Returned value was: None
[2025-06-19T12:19:05.578+0000] {taskinstance.py:1138} INFO - Marking task as SUCCESS. dag_id=week_3_weather_api_dag, task_id=create_weather_table, execution_date=20250619T090000, start_date=20250619T121904, end_date=20250619T121905
[2025-06-19T12:19:05.886+0000] {local_task_job_runner.py:234} INFO - Task exited with return code 0
[2025-06-19T12:19:06.043+0000] {taskinstance.py:3281} INFO - 0 downstream tasks scheduled from follow-on schedule check
