[2025-06-19T12:06:12.949+0000] {taskinstance.py:1957} INFO - Dependencies all met for dep_context=non-requeueable deps ti=<TaskInstance: week_3_weather_api_dag.get_weather_data scheduled__2025-06-19T09:00:00+00:00 [queued]>
[2025-06-19T12:06:13.024+0000] {taskinstance.py:1957} INFO - Dependencies all met for dep_context=requeueable deps ti=<TaskInstance: week_3_weather_api_dag.get_weather_data scheduled__2025-06-19T09:00:00+00:00 [queued]>
[2025-06-19T12:06:13.025+0000] {taskinstance.py:2171} INFO - Starting attempt 1 of 1
[2025-06-19T12:06:13.139+0000] {taskinstance.py:2192} INFO - Executing <Task(PythonOperator): get_weather_data> on 2025-06-19 09:00:00+00:00
[2025-06-19T12:06:13.176+0000] {standard_task_runner.py:60} INFO - Started process 1588 to run task
[2025-06-19T12:06:13.189+0000] {standard_task_runner.py:87} INFO - Running: ['***', 'tasks', 'run', 'week_3_weather_api_dag', 'get_weather_data', 'scheduled__2025-06-19T09:00:00+00:00', '--job-id', '34', '--raw', '--subdir', 'DAGS_FOLDER/week_3_weather_api_dag.py', '--cfg-path', '/tmp/tmpqedi89zy']
[2025-06-19T12:06:13.221+0000] {standard_task_runner.py:88} INFO - Job 34: Subtask get_weather_data
[2025-06-19T12:06:13.603+0000] {task_command.py:423} INFO - Running <TaskInstance: week_3_weather_api_dag.get_weather_data scheduled__2025-06-19T09:00:00+00:00 [running]> on host 77bf71b7bc3a
[2025-06-19T12:06:14.386+0000] {taskinstance.py:2481} INFO - Exporting env vars: AIRFLOW_CTX_DAG_OWNER='***' AIRFLOW_CTX_DAG_ID='week_3_weather_api_dag' AIRFLOW_CTX_TASK_ID='get_weather_data' AIRFLOW_CTX_EXECUTION_DATE='2025-06-19T09:00:00+00:00' AIRFLOW_CTX_TRY_NUMBER='1' AIRFLOW_CTX_DAG_RUN_ID='scheduled__2025-06-19T09:00:00+00:00'
[2025-06-19T12:06:15.017+0000] {logging_mixin.py:188} INFO - https://api.openweathermap.org/data/2.5/weather?q=bangkok&appid=***&units=metric
[2025-06-19T12:06:15.032+0000] {logging_mixin.py:188} INFO - {'coord': {'lon': 100.5167, 'lat': 13.75}, 'weather': [{'id': 804, 'main': 'Clouds', 'description': 'overcast clouds', 'icon': '04n'}], 'base': 'stations', 'main': {'temp': 31.31, 'feels_like': 32.54, 'temp_min': 27.94, 'temp_max': 32.94, 'pressure': 1007, 'humidity': 47, 'sea_level': 1007, 'grnd_level': 1007}, 'visibility': 6504, 'wind': {'speed': 6.21, 'deg': 261, 'gust': 9.49}, 'clouds': {'all': 100}, 'dt': 1750334073, 'sys': {'type': 2, 'id': 197969, 'country': 'TH', 'sunrise': 1750287069, 'sunset': 1750333640}, 'timezone': 25200, 'id': 1609350, 'name': 'Bangkok', 'cod': 200}
[2025-06-19T12:06:15.058+0000] {python.py:201} INFO - Done. Returned value was: None
[2025-06-19T12:06:15.161+0000] {taskinstance.py:1138} INFO - Marking task as SUCCESS. dag_id=week_3_weather_api_dag, task_id=get_weather_data, execution_date=20250619T090000, start_date=20250619T120612, end_date=20250619T120615
[2025-06-19T12:06:15.454+0000] {local_task_job_runner.py:234} INFO - Task exited with return code 0
[2025-06-19T12:06:15.589+0000] {taskinstance.py:3281} INFO - 1 downstream tasks scheduled from follow-on schedule check
[2025-06-19T12:19:04.073+0000] {taskinstance.py:1957} INFO - Dependencies all met for dep_context=non-requeueable deps ti=<TaskInstance: week_3_weather_api_dag.get_weather_data scheduled__2025-06-19T09:00:00+00:00 [queued]>
[2025-06-19T12:19:04.164+0000] {taskinstance.py:1957} INFO - Dependencies all met for dep_context=requeueable deps ti=<TaskInstance: week_3_weather_api_dag.get_weather_data scheduled__2025-06-19T09:00:00+00:00 [queued]>
[2025-06-19T12:19:04.165+0000] {taskinstance.py:2171} INFO - Starting attempt 1 of 1
[2025-06-19T12:19:04.320+0000] {taskinstance.py:2192} INFO - Executing <Task(PythonOperator): get_weather_data> on 2025-06-19 09:00:00+00:00
[2025-06-19T12:19:04.382+0000] {standard_task_runner.py:60} INFO - Started process 141 to run task
[2025-06-19T12:19:04.447+0000] {standard_task_runner.py:87} INFO - Running: ['***', 'tasks', 'run', 'week_3_weather_api_dag', 'get_weather_data', 'scheduled__2025-06-19T09:00:00+00:00', '--job-id', '52', '--raw', '--subdir', 'DAGS_FOLDER/week_3_weather_api_dag.py', '--cfg-path', '/tmp/tmpj35ua13f']
[2025-06-19T12:19:04.471+0000] {standard_task_runner.py:88} INFO - Job 52: Subtask get_weather_data
[2025-06-19T12:19:04.845+0000] {task_command.py:423} INFO - Running <TaskInstance: week_3_weather_api_dag.get_weather_data scheduled__2025-06-19T09:00:00+00:00 [running]> on host b96384fab38e
[2025-06-19T12:19:05.747+0000] {taskinstance.py:2481} INFO - Exporting env vars: AIRFLOW_CTX_DAG_OWNER='***' AIRFLOW_CTX_DAG_ID='week_3_weather_api_dag' AIRFLOW_CTX_TASK_ID='get_weather_data' AIRFLOW_CTX_EXECUTION_DATE='2025-06-19T09:00:00+00:00' AIRFLOW_CTX_TRY_NUMBER='1' AIRFLOW_CTX_DAG_RUN_ID='scheduled__2025-06-19T09:00:00+00:00'
[2025-06-19T12:19:06.416+0000] {logging_mixin.py:188} INFO - https://api.openweathermap.org/data/2.5/weather?q=bangkok&appid=***&units=metric
[2025-06-19T12:19:06.421+0000] {logging_mixin.py:188} INFO - {'coord': {'lon': 100.5167, 'lat': 13.75}, 'weather': [{'id': 804, 'main': 'Clouds', 'description': 'overcast clouds', 'icon': '04n'}], 'base': 'stations', 'main': {'temp': 29.77, 'feels_like': 29.77, 'temp_min': 27.73, 'temp_max': 29.96, 'pressure': 1007, 'humidity': 43, 'sea_level': 1007, 'grnd_level': 1007}, 'visibility': 6504, 'wind': {'speed': 6.21, 'deg': 261, 'gust': 9.49}, 'clouds': {'all': 100}, 'dt': 1750335221, 'sys': {'type': 2, 'id': 197969, 'country': 'TH', 'sunrise': 1750287069, 'sunset': 1750333640}, 'timezone': 25200, 'id': 1609350, 'name': 'Bangkok', 'cod': 200}
[2025-06-19T12:19:06.434+0000] {python.py:201} INFO - Done. Returned value was: None
[2025-06-19T12:19:06.553+0000] {taskinstance.py:1138} INFO - Marking task as SUCCESS. dag_id=week_3_weather_api_dag, task_id=get_weather_data, execution_date=20250619T090000, start_date=20250619T121904, end_date=20250619T121906
[2025-06-19T12:19:06.717+0000] {local_task_job_runner.py:234} INFO - Task exited with return code 0
[2025-06-19T12:19:06.924+0000] {taskinstance.py:3281} INFO - 1 downstream tasks scheduled from follow-on schedule check
