[2025-06-19T13:17:11.414+0000] {processor.py:161} INFO - Started process (PID=815) to work on /opt/airflow/dags/week_3_weather_api_dag_v2.py
[2025-06-19T13:17:11.415+0000] {processor.py:830} INFO - Processing file /opt/airflow/dags/week_3_weather_api_dag_v2.py for tasks to queue
[2025-06-19T13:17:11.416+0000] {logging_mixin.py:188} INFO - [2025-06-19T13:17:11.415+0000] {dagbag.py:538} INFO - Filling up the DagBag from /opt/airflow/dags/week_3_weather_api_dag_v2.py
[2025-06-19T13:17:16.711+0000] {processor.py:840} INFO - DAG(s) 'weather_api_dag' retrieved from /opt/airflow/dags/week_3_weather_api_dag_v2.py
[2025-06-19T13:17:16.917+0000] {logging_mixin.py:188} INFO - [2025-06-19T13:17:16.916+0000] {dag.py:3033} INFO - Sync 1 DAGs
[2025-06-19T13:17:16.944+0000] {logging_mixin.py:188} INFO - [2025-06-19T13:17:16.943+0000] {dag.py:3820} INFO - Setting next_dagrun for weather_api_dag to 2025-06-19T13:00:00+00:00, run_after=2025-06-19T14:00:00+00:00
[2025-06-19T13:17:16.966+0000] {processor.py:183} INFO - Processing /opt/airflow/dags/week_3_weather_api_dag_v2.py took 5.556 seconds
[2025-06-19T13:17:33.418+0000] {processor.py:161} INFO - Started process (PID=840) to work on /opt/airflow/dags/week_3_weather_api_dag_v2.py
[2025-06-19T13:17:33.418+0000] {processor.py:830} INFO - Processing file /opt/airflow/dags/week_3_weather_api_dag_v2.py for tasks to queue
[2025-06-19T13:17:33.419+0000] {logging_mixin.py:188} INFO - [2025-06-19T13:17:33.419+0000] {dagbag.py:538} INFO - Filling up the DagBag from /opt/airflow/dags/week_3_weather_api_dag_v2.py
[2025-06-19T13:17:36.168+0000] {processor.py:840} INFO - DAG(s) 'weeweather_api_dag' retrieved from /opt/airflow/dags/week_3_weather_api_dag_v2.py
[2025-06-19T13:17:36.273+0000] {logging_mixin.py:188} INFO - [2025-06-19T13:17:36.272+0000] {override.py:1769} INFO - Created Permission View: can edit on DAG:weeweather_api_dag
[2025-06-19T13:17:36.280+0000] {logging_mixin.py:188} INFO - [2025-06-19T13:17:36.280+0000] {override.py:1769} INFO - Created Permission View: can delete on DAG:weeweather_api_dag
[2025-06-19T13:17:36.286+0000] {logging_mixin.py:188} INFO - [2025-06-19T13:17:36.286+0000] {override.py:1769} INFO - Created Permission View: can read on DAG:weeweather_api_dag
[2025-06-19T13:17:36.287+0000] {logging_mixin.py:188} INFO - [2025-06-19T13:17:36.286+0000] {dag.py:3033} INFO - Sync 1 DAGs
[2025-06-19T13:17:36.296+0000] {logging_mixin.py:188} INFO - [2025-06-19T13:17:36.296+0000] {dag.py:3055} INFO - Creating ORM DAG for weeweather_api_dag
[2025-06-19T13:17:36.305+0000] {logging_mixin.py:188} INFO - [2025-06-19T13:17:36.304+0000] {dag.py:3820} INFO - Setting next_dagrun for weeweather_api_dag to 2025-06-19T12:00:00+00:00, run_after=2025-06-19T13:00:00+00:00
[2025-06-19T13:17:36.319+0000] {processor.py:183} INFO - Processing /opt/airflow/dags/week_3_weather_api_dag_v2.py took 2.906 seconds
[2025-06-19T13:17:37.034+0000] {processor.py:161} INFO - Started process (PID=843) to work on /opt/airflow/dags/week_3_weather_api_dag_v2.py
[2025-06-19T13:17:37.035+0000] {processor.py:830} INFO - Processing file /opt/airflow/dags/week_3_weather_api_dag_v2.py for tasks to queue
[2025-06-19T13:17:37.036+0000] {logging_mixin.py:188} INFO - [2025-06-19T13:17:37.035+0000] {dagbag.py:538} INFO - Filling up the DagBag from /opt/airflow/dags/week_3_weather_api_dag_v2.py
[2025-06-19T13:17:40.168+0000] {processor.py:840} INFO - DAG(s) 'week_3weather_api_dag' retrieved from /opt/airflow/dags/week_3_weather_api_dag_v2.py
[2025-06-19T13:17:40.426+0000] {logging_mixin.py:188} INFO - [2025-06-19T13:17:40.425+0000] {override.py:1769} INFO - Created Permission View: can edit on DAG:week_3weather_api_dag
[2025-06-19T13:17:40.436+0000] {logging_mixin.py:188} INFO - [2025-06-19T13:17:40.436+0000] {override.py:1769} INFO - Created Permission View: can delete on DAG:week_3weather_api_dag
[2025-06-19T13:17:40.442+0000] {logging_mixin.py:188} INFO - [2025-06-19T13:17:40.442+0000] {override.py:1769} INFO - Created Permission View: can read on DAG:week_3weather_api_dag
[2025-06-19T13:17:40.443+0000] {logging_mixin.py:188} INFO - [2025-06-19T13:17:40.442+0000] {dag.py:3033} INFO - Sync 1 DAGs
[2025-06-19T13:17:40.457+0000] {logging_mixin.py:188} INFO - [2025-06-19T13:17:40.457+0000] {dag.py:3055} INFO - Creating ORM DAG for week_3weather_api_dag
[2025-06-19T13:17:40.470+0000] {logging_mixin.py:188} INFO - [2025-06-19T13:17:40.469+0000] {dag.py:3820} INFO - Setting next_dagrun for week_3weather_api_dag to 2025-06-19T12:00:00+00:00, run_after=2025-06-19T13:00:00+00:00
[2025-06-19T13:17:40.484+0000] {processor.py:183} INFO - Processing /opt/airflow/dags/week_3_weather_api_dag_v2.py took 3.453 seconds
[2025-06-19T13:17:42.758+0000] {processor.py:161} INFO - Started process (PID=856) to work on /opt/airflow/dags/week_3_weather_api_dag_v2.py
[2025-06-19T13:17:42.761+0000] {processor.py:830} INFO - Processing file /opt/airflow/dags/week_3_weather_api_dag_v2.py for tasks to queue
[2025-06-19T13:17:42.762+0000] {logging_mixin.py:188} INFO - [2025-06-19T13:17:42.762+0000] {dagbag.py:538} INFO - Filling up the DagBag from /opt/airflow/dags/week_3_weather_api_dag_v2.py
[2025-06-19T13:17:45.745+0000] {processor.py:840} INFO - DAG(s) 'week_3_weather_api_dag_' retrieved from /opt/airflow/dags/week_3_weather_api_dag_v2.py
[2025-06-19T13:17:45.833+0000] {logging_mixin.py:188} INFO - [2025-06-19T13:17:45.832+0000] {override.py:1769} INFO - Created Permission View: can edit on DAG:week_3_weather_api_dag_
[2025-06-19T13:17:45.842+0000] {logging_mixin.py:188} INFO - [2025-06-19T13:17:45.842+0000] {override.py:1769} INFO - Created Permission View: can delete on DAG:week_3_weather_api_dag_
[2025-06-19T13:17:45.847+0000] {logging_mixin.py:188} INFO - [2025-06-19T13:17:45.847+0000] {override.py:1769} INFO - Created Permission View: can read on DAG:week_3_weather_api_dag_
[2025-06-19T13:17:45.848+0000] {logging_mixin.py:188} INFO - [2025-06-19T13:17:45.847+0000] {dag.py:3033} INFO - Sync 1 DAGs
[2025-06-19T13:17:45.856+0000] {logging_mixin.py:188} INFO - [2025-06-19T13:17:45.856+0000] {dag.py:3055} INFO - Creating ORM DAG for week_3_weather_api_dag_
[2025-06-19T13:17:45.866+0000] {logging_mixin.py:188} INFO - [2025-06-19T13:17:45.866+0000] {dag.py:3820} INFO - Setting next_dagrun for week_3_weather_api_dag_ to 2025-06-19T12:00:00+00:00, run_after=2025-06-19T13:00:00+00:00
[2025-06-19T13:17:45.879+0000] {processor.py:183} INFO - Processing /opt/airflow/dags/week_3_weather_api_dag_v2.py took 3.125 seconds
[2025-06-19T13:17:59.081+0000] {processor.py:161} INFO - Started process (PID=871) to work on /opt/airflow/dags/week_3_weather_api_dag_v2.py
[2025-06-19T13:17:59.082+0000] {processor.py:830} INFO - Processing file /opt/airflow/dags/week_3_weather_api_dag_v2.py for tasks to queue
[2025-06-19T13:17:59.083+0000] {logging_mixin.py:188} INFO - [2025-06-19T13:17:59.083+0000] {dagbag.py:538} INFO - Filling up the DagBag from /opt/airflow/dags/week_3_weather_api_dag_v2.py
[2025-06-19T13:18:02.709+0000] {processor.py:840} INFO - DAG(s) 'week_3_weather_api_dag_v2' retrieved from /opt/airflow/dags/week_3_weather_api_dag_v2.py
[2025-06-19T13:18:02.807+0000] {logging_mixin.py:188} INFO - [2025-06-19T13:18:02.806+0000] {override.py:1769} INFO - Created Permission View: can edit on DAG:week_3_weather_api_dag_v2
[2025-06-19T13:18:02.818+0000] {logging_mixin.py:188} INFO - [2025-06-19T13:18:02.817+0000] {override.py:1769} INFO - Created Permission View: can delete on DAG:week_3_weather_api_dag_v2
[2025-06-19T13:18:02.829+0000] {logging_mixin.py:188} INFO - [2025-06-19T13:18:02.829+0000] {override.py:1769} INFO - Created Permission View: can read on DAG:week_3_weather_api_dag_v2
[2025-06-19T13:18:02.829+0000] {logging_mixin.py:188} INFO - [2025-06-19T13:18:02.829+0000] {dag.py:3033} INFO - Sync 1 DAGs
[2025-06-19T13:18:02.845+0000] {logging_mixin.py:188} INFO - [2025-06-19T13:18:02.844+0000] {dag.py:3055} INFO - Creating ORM DAG for week_3_weather_api_dag_v2
[2025-06-19T13:18:02.858+0000] {logging_mixin.py:188} INFO - [2025-06-19T13:18:02.858+0000] {dag.py:3820} INFO - Setting next_dagrun for week_3_weather_api_dag_v2 to 2025-06-19T12:00:00+00:00, run_after=2025-06-19T13:00:00+00:00
[2025-06-19T13:18:02.876+0000] {processor.py:183} INFO - Processing /opt/airflow/dags/week_3_weather_api_dag_v2.py took 3.797 seconds
[2025-06-19T13:18:33.416+0000] {processor.py:161} INFO - Started process (PID=905) to work on /opt/airflow/dags/week_3_weather_api_dag_v2.py
[2025-06-19T13:18:33.419+0000] {processor.py:830} INFO - Processing file /opt/airflow/dags/week_3_weather_api_dag_v2.py for tasks to queue
[2025-06-19T13:18:33.422+0000] {logging_mixin.py:188} INFO - [2025-06-19T13:18:33.422+0000] {dagbag.py:538} INFO - Filling up the DagBag from /opt/airflow/dags/week_3_weather_api_dag_v2.py
[2025-06-19T13:18:37.736+0000] {processor.py:840} INFO - DAG(s) 'week_3_weather_api_dag_v2' retrieved from /opt/airflow/dags/week_3_weather_api_dag_v2.py
[2025-06-19T13:18:37.757+0000] {logging_mixin.py:188} INFO - [2025-06-19T13:18:37.757+0000] {dag.py:3033} INFO - Sync 1 DAGs
[2025-06-19T13:18:37.775+0000] {logging_mixin.py:188} INFO - [2025-06-19T13:18:37.775+0000] {dag.py:3820} INFO - Setting next_dagrun for week_3_weather_api_dag_v2 to 2025-06-19T12:00:00+00:00, run_after=2025-06-19T13:00:00+00:00
[2025-06-19T13:18:37.788+0000] {processor.py:183} INFO - Processing /opt/airflow/dags/week_3_weather_api_dag_v2.py took 4.380 seconds
[2025-06-19T13:19:08.073+0000] {processor.py:161} INFO - Started process (PID=932) to work on /opt/airflow/dags/week_3_weather_api_dag_v2.py
[2025-06-19T13:19:08.078+0000] {processor.py:830} INFO - Processing file /opt/airflow/dags/week_3_weather_api_dag_v2.py for tasks to queue
[2025-06-19T13:19:08.080+0000] {logging_mixin.py:188} INFO - [2025-06-19T13:19:08.079+0000] {dagbag.py:538} INFO - Filling up the DagBag from /opt/airflow/dags/week_3_weather_api_dag_v2.py
[2025-06-19T13:19:11.623+0000] {processor.py:840} INFO - DAG(s) 'week_3_weather_api_dag_v2' retrieved from /opt/airflow/dags/week_3_weather_api_dag_v2.py
[2025-06-19T13:19:11.661+0000] {logging_mixin.py:188} INFO - [2025-06-19T13:19:11.661+0000] {dag.py:3033} INFO - Sync 1 DAGs
[2025-06-19T13:19:11.692+0000] {logging_mixin.py:188} INFO - [2025-06-19T13:19:11.692+0000] {dag.py:3820} INFO - Setting next_dagrun for week_3_weather_api_dag_v2 to 2025-06-19T12:00:00+00:00, run_after=2025-06-19T13:00:00+00:00
[2025-06-19T13:19:11.714+0000] {processor.py:183} INFO - Processing /opt/airflow/dags/week_3_weather_api_dag_v2.py took 3.655 seconds
[2025-06-19T13:19:42.445+0000] {processor.py:161} INFO - Started process (PID=966) to work on /opt/airflow/dags/week_3_weather_api_dag_v2.py
[2025-06-19T13:19:42.447+0000] {processor.py:830} INFO - Processing file /opt/airflow/dags/week_3_weather_api_dag_v2.py for tasks to queue
[2025-06-19T13:19:42.452+0000] {logging_mixin.py:188} INFO - [2025-06-19T13:19:42.451+0000] {dagbag.py:538} INFO - Filling up the DagBag from /opt/airflow/dags/week_3_weather_api_dag_v2.py
[2025-06-19T13:19:45.690+0000] {processor.py:840} INFO - DAG(s) 'week_3_weather_api_dag_v2' retrieved from /opt/airflow/dags/week_3_weather_api_dag_v2.py
[2025-06-19T13:19:45.711+0000] {logging_mixin.py:188} INFO - [2025-06-19T13:19:45.710+0000] {dag.py:3033} INFO - Sync 1 DAGs
[2025-06-19T13:19:45.736+0000] {logging_mixin.py:188} INFO - [2025-06-19T13:19:45.736+0000] {dag.py:3820} INFO - Setting next_dagrun for week_3_weather_api_dag_v2 to 2025-06-19T13:00:00+00:00, run_after=2025-06-19T14:00:00+00:00
[2025-06-19T13:19:45.751+0000] {processor.py:183} INFO - Processing /opt/airflow/dags/week_3_weather_api_dag_v2.py took 3.327 seconds
[2025-06-19T13:20:16.163+0000] {processor.py:161} INFO - Started process (PID=994) to work on /opt/airflow/dags/week_3_weather_api_dag_v2.py
[2025-06-19T13:20:16.167+0000] {processor.py:830} INFO - Processing file /opt/airflow/dags/week_3_weather_api_dag_v2.py for tasks to queue
[2025-06-19T13:20:16.168+0000] {logging_mixin.py:188} INFO - [2025-06-19T13:20:16.168+0000] {dagbag.py:538} INFO - Filling up the DagBag from /opt/airflow/dags/week_3_weather_api_dag_v2.py
[2025-06-19T13:20:19.838+0000] {processor.py:840} INFO - DAG(s) 'week_3_weather_api_dag_v2' retrieved from /opt/airflow/dags/week_3_weather_api_dag_v2.py
[2025-06-19T13:20:19.868+0000] {logging_mixin.py:188} INFO - [2025-06-19T13:20:19.868+0000] {dag.py:3033} INFO - Sync 1 DAGs
[2025-06-19T13:20:19.894+0000] {logging_mixin.py:188} INFO - [2025-06-19T13:20:19.894+0000] {dag.py:3820} INFO - Setting next_dagrun for week_3_weather_api_dag_v2 to 2025-06-19T13:00:00+00:00, run_after=2025-06-19T14:00:00+00:00
[2025-06-19T13:20:19.915+0000] {processor.py:183} INFO - Processing /opt/airflow/dags/week_3_weather_api_dag_v2.py took 3.756 seconds
[2025-06-19T13:20:50.260+0000] {processor.py:161} INFO - Started process (PID=1028) to work on /opt/airflow/dags/week_3_weather_api_dag_v2.py
[2025-06-19T13:20:50.265+0000] {processor.py:830} INFO - Processing file /opt/airflow/dags/week_3_weather_api_dag_v2.py for tasks to queue
[2025-06-19T13:20:50.266+0000] {logging_mixin.py:188} INFO - [2025-06-19T13:20:50.265+0000] {dagbag.py:538} INFO - Filling up the DagBag from /opt/airflow/dags/week_3_weather_api_dag_v2.py
[2025-06-19T13:20:56.223+0000] {processor.py:840} INFO - DAG(s) 'week_3_weather_api_dag_v2' retrieved from /opt/airflow/dags/week_3_weather_api_dag_v2.py
[2025-06-19T13:20:56.277+0000] {logging_mixin.py:188} INFO - [2025-06-19T13:20:56.277+0000] {dag.py:3033} INFO - Sync 1 DAGs
[2025-06-19T13:20:56.304+0000] {logging_mixin.py:188} INFO - [2025-06-19T13:20:56.303+0000] {dag.py:3820} INFO - Setting next_dagrun for week_3_weather_api_dag_v2 to 2025-06-19T13:00:00+00:00, run_after=2025-06-19T14:00:00+00:00
[2025-06-19T13:20:56.319+0000] {processor.py:183} INFO - Processing /opt/airflow/dags/week_3_weather_api_dag_v2.py took 6.071 seconds
[2025-06-19T13:21:27.011+0000] {processor.py:161} INFO - Started process (PID=1056) to work on /opt/airflow/dags/week_3_weather_api_dag_v2.py
[2025-06-19T13:21:27.012+0000] {processor.py:830} INFO - Processing file /opt/airflow/dags/week_3_weather_api_dag_v2.py for tasks to queue
[2025-06-19T13:21:27.013+0000] {logging_mixin.py:188} INFO - [2025-06-19T13:21:27.012+0000] {dagbag.py:538} INFO - Filling up the DagBag from /opt/airflow/dags/week_3_weather_api_dag_v2.py
[2025-06-19T13:21:30.749+0000] {processor.py:840} INFO - DAG(s) 'week_3_weather_api_dag_v2' retrieved from /opt/airflow/dags/week_3_weather_api_dag_v2.py
[2025-06-19T13:21:30.769+0000] {logging_mixin.py:188} INFO - [2025-06-19T13:21:30.769+0000] {dag.py:3033} INFO - Sync 1 DAGs
[2025-06-19T13:21:30.787+0000] {logging_mixin.py:188} INFO - [2025-06-19T13:21:30.787+0000] {dag.py:3820} INFO - Setting next_dagrun for week_3_weather_api_dag_v2 to 2025-06-19T13:00:00+00:00, run_after=2025-06-19T14:00:00+00:00
[2025-06-19T13:21:30.800+0000] {processor.py:183} INFO - Processing /opt/airflow/dags/week_3_weather_api_dag_v2.py took 3.791 seconds
[2025-06-19T13:22:01.715+0000] {processor.py:161} INFO - Started process (PID=1091) to work on /opt/airflow/dags/week_3_weather_api_dag_v2.py
[2025-06-19T13:22:01.716+0000] {processor.py:830} INFO - Processing file /opt/airflow/dags/week_3_weather_api_dag_v2.py for tasks to queue
[2025-06-19T13:22:01.716+0000] {logging_mixin.py:188} INFO - [2025-06-19T13:22:01.716+0000] {dagbag.py:538} INFO - Filling up the DagBag from /opt/airflow/dags/week_3_weather_api_dag_v2.py
[2025-06-19T13:22:04.763+0000] {processor.py:840} INFO - DAG(s) 'week_3_weather_api_dag_v2' retrieved from /opt/airflow/dags/week_3_weather_api_dag_v2.py
[2025-06-19T13:22:04.785+0000] {logging_mixin.py:188} INFO - [2025-06-19T13:22:04.784+0000] {dag.py:3033} INFO - Sync 1 DAGs
[2025-06-19T13:22:04.805+0000] {logging_mixin.py:188} INFO - [2025-06-19T13:22:04.805+0000] {dag.py:3820} INFO - Setting next_dagrun for week_3_weather_api_dag_v2 to 2025-06-19T13:00:00+00:00, run_after=2025-06-19T14:00:00+00:00
[2025-06-19T13:22:04.819+0000] {processor.py:183} INFO - Processing /opt/airflow/dags/week_3_weather_api_dag_v2.py took 3.106 seconds
[2025-06-19T13:22:35.024+0000] {processor.py:161} INFO - Started process (PID=1117) to work on /opt/airflow/dags/week_3_weather_api_dag_v2.py
[2025-06-19T13:22:35.025+0000] {processor.py:830} INFO - Processing file /opt/airflow/dags/week_3_weather_api_dag_v2.py for tasks to queue
[2025-06-19T13:22:35.027+0000] {logging_mixin.py:188} INFO - [2025-06-19T13:22:35.027+0000] {dagbag.py:538} INFO - Filling up the DagBag from /opt/airflow/dags/week_3_weather_api_dag_v2.py
[2025-06-19T13:22:38.871+0000] {processor.py:840} INFO - DAG(s) 'week_3_weather_api_dag_v2' retrieved from /opt/airflow/dags/week_3_weather_api_dag_v2.py
[2025-06-19T13:22:38.918+0000] {logging_mixin.py:188} INFO - [2025-06-19T13:22:38.917+0000] {dag.py:3033} INFO - Sync 1 DAGs
[2025-06-19T13:22:38.946+0000] {logging_mixin.py:188} INFO - [2025-06-19T13:22:38.946+0000] {dag.py:3820} INFO - Setting next_dagrun for week_3_weather_api_dag_v2 to 2025-06-19T13:00:00+00:00, run_after=2025-06-19T14:00:00+00:00
[2025-06-19T13:22:38.967+0000] {processor.py:183} INFO - Processing /opt/airflow/dags/week_3_weather_api_dag_v2.py took 3.947 seconds
[2025-06-19T13:23:09.569+0000] {processor.py:161} INFO - Started process (PID=1151) to work on /opt/airflow/dags/week_3_weather_api_dag_v2.py
[2025-06-19T13:23:09.570+0000] {processor.py:830} INFO - Processing file /opt/airflow/dags/week_3_weather_api_dag_v2.py for tasks to queue
[2025-06-19T13:23:09.570+0000] {logging_mixin.py:188} INFO - [2025-06-19T13:23:09.570+0000] {dagbag.py:538} INFO - Filling up the DagBag from /opt/airflow/dags/week_3_weather_api_dag_v2.py
[2025-06-19T13:23:12.404+0000] {processor.py:840} INFO - DAG(s) 'week_3_weather_api_dag_v2' retrieved from /opt/airflow/dags/week_3_weather_api_dag_v2.py
[2025-06-19T13:23:12.424+0000] {logging_mixin.py:188} INFO - [2025-06-19T13:23:12.424+0000] {dag.py:3033} INFO - Sync 1 DAGs
[2025-06-19T13:23:12.442+0000] {logging_mixin.py:188} INFO - [2025-06-19T13:23:12.442+0000] {dag.py:3820} INFO - Setting next_dagrun for week_3_weather_api_dag_v2 to 2025-06-19T13:00:00+00:00, run_after=2025-06-19T14:00:00+00:00
[2025-06-19T13:23:12.455+0000] {processor.py:183} INFO - Processing /opt/airflow/dags/week_3_weather_api_dag_v2.py took 2.889 seconds
[2025-06-19T13:23:43.153+0000] {processor.py:161} INFO - Started process (PID=1188) to work on /opt/airflow/dags/week_3_weather_api_dag_v2.py
[2025-06-19T13:23:43.154+0000] {processor.py:830} INFO - Processing file /opt/airflow/dags/week_3_weather_api_dag_v2.py for tasks to queue
[2025-06-19T13:23:43.155+0000] {logging_mixin.py:188} INFO - [2025-06-19T13:23:43.155+0000] {dagbag.py:538} INFO - Filling up the DagBag from /opt/airflow/dags/week_3_weather_api_dag_v2.py
[2025-06-19T13:23:46.917+0000] {processor.py:840} INFO - DAG(s) 'week_3_weather_api_dag_v2' retrieved from /opt/airflow/dags/week_3_weather_api_dag_v2.py
[2025-06-19T13:23:46.937+0000] {logging_mixin.py:188} INFO - [2025-06-19T13:23:46.936+0000] {dag.py:3033} INFO - Sync 1 DAGs
[2025-06-19T13:23:46.956+0000] {logging_mixin.py:188} INFO - [2025-06-19T13:23:46.956+0000] {dag.py:3820} INFO - Setting next_dagrun for week_3_weather_api_dag_v2 to 2025-06-19T13:00:00+00:00, run_after=2025-06-19T14:00:00+00:00
[2025-06-19T13:23:46.969+0000] {processor.py:183} INFO - Processing /opt/airflow/dags/week_3_weather_api_dag_v2.py took 3.819 seconds
[2025-06-19T13:24:17.858+0000] {processor.py:161} INFO - Started process (PID=1216) to work on /opt/airflow/dags/week_3_weather_api_dag_v2.py
[2025-06-19T13:24:17.859+0000] {processor.py:830} INFO - Processing file /opt/airflow/dags/week_3_weather_api_dag_v2.py for tasks to queue
[2025-06-19T13:24:17.860+0000] {logging_mixin.py:188} INFO - [2025-06-19T13:24:17.859+0000] {dagbag.py:538} INFO - Filling up the DagBag from /opt/airflow/dags/week_3_weather_api_dag_v2.py
[2025-06-19T13:24:20.826+0000] {processor.py:840} INFO - DAG(s) 'week_3_weather_api_dag_v2' retrieved from /opt/airflow/dags/week_3_weather_api_dag_v2.py
[2025-06-19T13:24:20.856+0000] {logging_mixin.py:188} INFO - [2025-06-19T13:24:20.856+0000] {dag.py:3033} INFO - Sync 1 DAGs
[2025-06-19T13:24:20.883+0000] {logging_mixin.py:188} INFO - [2025-06-19T13:24:20.883+0000] {dag.py:3820} INFO - Setting next_dagrun for week_3_weather_api_dag_v2 to 2025-06-19T13:00:00+00:00, run_after=2025-06-19T14:00:00+00:00
[2025-06-19T13:24:20.902+0000] {processor.py:183} INFO - Processing /opt/airflow/dags/week_3_weather_api_dag_v2.py took 3.047 seconds
[2025-06-19T13:24:51.071+0000] {processor.py:161} INFO - Started process (PID=1250) to work on /opt/airflow/dags/week_3_weather_api_dag_v2.py
[2025-06-19T13:24:51.071+0000] {processor.py:830} INFO - Processing file /opt/airflow/dags/week_3_weather_api_dag_v2.py for tasks to queue
[2025-06-19T13:24:51.072+0000] {logging_mixin.py:188} INFO - [2025-06-19T13:24:51.072+0000] {dagbag.py:538} INFO - Filling up the DagBag from /opt/airflow/dags/week_3_weather_api_dag_v2.py
[2025-06-19T13:24:53.819+0000] {processor.py:840} INFO - DAG(s) 'week_3_weather_api_dag_v2' retrieved from /opt/airflow/dags/week_3_weather_api_dag_v2.py
[2025-06-19T13:24:53.838+0000] {logging_mixin.py:188} INFO - [2025-06-19T13:24:53.838+0000] {dag.py:3033} INFO - Sync 1 DAGs
[2025-06-19T13:24:53.856+0000] {logging_mixin.py:188} INFO - [2025-06-19T13:24:53.856+0000] {dag.py:3820} INFO - Setting next_dagrun for week_3_weather_api_dag_v2 to 2025-06-19T13:00:00+00:00, run_after=2025-06-19T14:00:00+00:00
[2025-06-19T13:24:53.870+0000] {processor.py:183} INFO - Processing /opt/airflow/dags/week_3_weather_api_dag_v2.py took 2.802 seconds
[2025-06-19T13:25:24.789+0000] {processor.py:161} INFO - Started process (PID=1277) to work on /opt/airflow/dags/week_3_weather_api_dag_v2.py
[2025-06-19T13:25:24.790+0000] {processor.py:830} INFO - Processing file /opt/airflow/dags/week_3_weather_api_dag_v2.py for tasks to queue
[2025-06-19T13:25:24.791+0000] {logging_mixin.py:188} INFO - [2025-06-19T13:25:24.790+0000] {dagbag.py:538} INFO - Filling up the DagBag from /opt/airflow/dags/week_3_weather_api_dag_v2.py
[2025-06-19T13:25:29.686+0000] {processor.py:840} INFO - DAG(s) 'week_3_weather_api_dag_v2' retrieved from /opt/airflow/dags/week_3_weather_api_dag_v2.py
[2025-06-19T13:25:29.792+0000] {logging_mixin.py:188} INFO - [2025-06-19T13:25:29.792+0000] {dag.py:3033} INFO - Sync 1 DAGs
[2025-06-19T13:25:29.867+0000] {logging_mixin.py:188} INFO - [2025-06-19T13:25:29.865+0000] {dag.py:3820} INFO - Setting next_dagrun for week_3_weather_api_dag_v2 to 2025-06-19T13:00:00+00:00, run_after=2025-06-19T14:00:00+00:00
[2025-06-19T13:25:29.907+0000] {processor.py:183} INFO - Processing /opt/airflow/dags/week_3_weather_api_dag_v2.py took 5.121 seconds
[2025-06-19T13:26:00.598+0000] {processor.py:161} INFO - Started process (PID=1313) to work on /opt/airflow/dags/week_3_weather_api_dag_v2.py
[2025-06-19T13:26:00.598+0000] {processor.py:830} INFO - Processing file /opt/airflow/dags/week_3_weather_api_dag_v2.py for tasks to queue
[2025-06-19T13:26:00.599+0000] {logging_mixin.py:188} INFO - [2025-06-19T13:26:00.599+0000] {dagbag.py:538} INFO - Filling up the DagBag from /opt/airflow/dags/week_3_weather_api_dag_v2.py
[2025-06-19T13:26:04.109+0000] {processor.py:840} INFO - DAG(s) 'week_3_weather_api_dag_v2' retrieved from /opt/airflow/dags/week_3_weather_api_dag_v2.py
[2025-06-19T13:26:04.137+0000] {logging_mixin.py:188} INFO - [2025-06-19T13:26:04.137+0000] {dag.py:3033} INFO - Sync 1 DAGs
[2025-06-19T13:26:04.164+0000] {logging_mixin.py:188} INFO - [2025-06-19T13:26:04.164+0000] {dag.py:3820} INFO - Setting next_dagrun for week_3_weather_api_dag_v2 to 2025-06-19T13:00:00+00:00, run_after=2025-06-19T14:00:00+00:00
[2025-06-19T13:26:04.181+0000] {processor.py:183} INFO - Processing /opt/airflow/dags/week_3_weather_api_dag_v2.py took 3.587 seconds
[2025-06-19T13:26:35.204+0000] {processor.py:161} INFO - Started process (PID=1349) to work on /opt/airflow/dags/week_3_weather_api_dag_v2.py
[2025-06-19T13:26:35.205+0000] {processor.py:830} INFO - Processing file /opt/airflow/dags/week_3_weather_api_dag_v2.py for tasks to queue
[2025-06-19T13:26:35.205+0000] {logging_mixin.py:188} INFO - [2025-06-19T13:26:35.205+0000] {dagbag.py:538} INFO - Filling up the DagBag from /opt/airflow/dags/week_3_weather_api_dag_v2.py
[2025-06-19T13:26:39.588+0000] {processor.py:840} INFO - DAG(s) 'week_3_weather_api_dag_v2' retrieved from /opt/airflow/dags/week_3_weather_api_dag_v2.py
[2025-06-19T13:26:39.627+0000] {logging_mixin.py:188} INFO - [2025-06-19T13:26:39.627+0000] {dag.py:3033} INFO - Sync 1 DAGs
[2025-06-19T13:26:39.651+0000] {logging_mixin.py:188} INFO - [2025-06-19T13:26:39.651+0000] {dag.py:3820} INFO - Setting next_dagrun for week_3_weather_api_dag_v2 to 2025-06-19T13:00:00+00:00, run_after=2025-06-19T14:00:00+00:00
[2025-06-19T13:26:39.672+0000] {processor.py:183} INFO - Processing /opt/airflow/dags/week_3_weather_api_dag_v2.py took 4.471 seconds
